CRITICAL - 2024-11-22 14:49:45 --> ErrorException: Undefined variable $salas
[Method: GET, Route: horario-aula]
in APPPATH\Views\horario_aula.php on line 112.
 1 APPPATH\Views\horario_aula.php(112): CodeIgniter\Debug\Exceptions->errorHandler(2, 'Undefined variable $salas', 'E:\\xampp\\htdocs\\Sistema_horarios_TCC\\app\\Views\\horario_aula.php', 112)
 2 SYSTEMPATH\View\View.php(234): include('E:\\xampp\\htdocs\\Sistema_horarios_TCC\\app\\Views\\horario_aula.php')
 3 SYSTEMPATH\View\View.php(237): CodeIgniter\View\View->CodeIgniter\View\{closure}()
 4 SYSTEMPATH\Common.php(1171): CodeIgniter\View\View->render('horario_aula', [], true)
 5 APPPATH\Controllers\HorarioAula.php(28): view('horario_aula', [...])
 6 SYSTEMPATH\CodeIgniter.php(933): App\Controllers\HorarioAula->horarioAula()
 7 SYSTEMPATH\CodeIgniter.php(509): CodeIgniter\CodeIgniter->runController(Object(App\Controllers\HorarioAula))
 8 SYSTEMPATH\CodeIgniter.php(355): CodeIgniter\CodeIgniter->handleRequest(null, Object(Config\Cache), false)
 9 SYSTEMPATH\Boot.php(325): CodeIgniter\CodeIgniter->run()
10 SYSTEMPATH\Boot.php(67): CodeIgniter\Boot::runCodeIgniter(Object(CodeIgniter\CodeIgniter))
11 FCPATH\index.php(56): CodeIgniter\Boot::bootWeb(Object(Config\Paths))
12 SYSTEMPATH\rewrite.php(44): require_once('E:\\xampp\\htdocs\\Sistema_horarios_TCC\\public\\index.php')
CRITICAL - 2024-11-22 14:51:56 --> ErrorException: Undefined array key "id"
[Method: GET, Route: horario-aula]
in APPPATH\Views\horario_aula.php on line 113.
 1 APPPATH\Views\horario_aula.php(113): CodeIgniter\Debug\Exceptions->errorHandler(2, 'Undefined array key "id"', 'E:\\xampp\\htdocs\\Sistema_horarios_TCC\\app\\Views\\horario_aula.php', 113)
 2 SYSTEMPATH\View\View.php(234): include('E:\\xampp\\htdocs\\Sistema_horarios_TCC\\app\\Views\\horario_aula.php')
 3 SYSTEMPATH\View\View.php(237): CodeIgniter\View\View->CodeIgniter\View\{closure}()
 4 SYSTEMPATH\Common.php(1171): CodeIgniter\View\View->render('horario_aula', [], true)
 5 APPPATH\Controllers\HorarioAula.php(36): view('horario_aula', [...])
 6 SYSTEMPATH\CodeIgniter.php(933): App\Controllers\HorarioAula->horarioAula()
 7 SYSTEMPATH\CodeIgniter.php(509): CodeIgniter\CodeIgniter->runController(Object(App\Controllers\HorarioAula))
 8 SYSTEMPATH\CodeIgniter.php(355): CodeIgniter\CodeIgniter->handleRequest(null, Object(Config\Cache), false)
 9 SYSTEMPATH\Boot.php(325): CodeIgniter\CodeIgniter->run()
10 SYSTEMPATH\Boot.php(67): CodeIgniter\Boot::runCodeIgniter(Object(CodeIgniter\CodeIgniter))
11 FCPATH\index.php(56): CodeIgniter\Boot::bootWeb(Object(Config\Paths))
12 SYSTEMPATH\rewrite.php(44): require_once('E:\\xampp\\htdocs\\Sistema_horarios_TCC\\public\\index.php')
CRITICAL - 2024-11-22 15:32:24 --> ErrorException: Undefined array key "id_disciplina"
[Method: POST, Route: horario-aula/salvar]
in APPPATH\Controllers\HorarioAula.php on line 53.
 1 APPPATH\Controllers\HorarioAula.php(53): CodeIgniter\Debug\Exceptions->errorHandler(2, 'Undefined array key "id_disciplina"', 'E:\\xampp\\htdocs\\Sistema_horarios_TCC\\app\\Controllers\\HorarioAula.php', 53)
 2 SYSTEMPATH\CodeIgniter.php(933): App\Controllers\HorarioAula->salvarHorarioAula()
 3 SYSTEMPATH\CodeIgniter.php(509): CodeIgniter\CodeIgniter->runController(Object(App\Controllers\HorarioAula))
 4 SYSTEMPATH\CodeIgniter.php(355): CodeIgniter\CodeIgniter->handleRequest(null, Object(Config\Cache), false)
 5 SYSTEMPATH\Boot.php(325): CodeIgniter\CodeIgniter->run()
 6 SYSTEMPATH\Boot.php(67): CodeIgniter\Boot::runCodeIgniter(Object(CodeIgniter\CodeIgniter))
 7 FCPATH\index.php(56): CodeIgniter\Boot::bootWeb(Object(Config\Paths))
 8 SYSTEMPATH\rewrite.php(44): require_once('E:\\xampp\\htdocs\\Sistema_horarios_TCC\\public\\index.php')
CRITICAL - 2024-11-22 15:32:34 --> ErrorException: Undefined array key "id_disciplina"
[Method: POST, Route: horario-aula/salvar]
in APPPATH\Controllers\HorarioAula.php on line 53.
 1 APPPATH\Controllers\HorarioAula.php(53): CodeIgniter\Debug\Exceptions->errorHandler(2, 'Undefined array key "id_disciplina"', 'E:\\xampp\\htdocs\\Sistema_horarios_TCC\\app\\Controllers\\HorarioAula.php', 53)
 2 SYSTEMPATH\CodeIgniter.php(933): App\Controllers\HorarioAula->salvarHorarioAula()
 3 SYSTEMPATH\CodeIgniter.php(509): CodeIgniter\CodeIgniter->runController(Object(App\Controllers\HorarioAula))
 4 SYSTEMPATH\CodeIgniter.php(355): CodeIgniter\CodeIgniter->handleRequest(null, Object(Config\Cache), false)
 5 SYSTEMPATH\Boot.php(325): CodeIgniter\CodeIgniter->run()
 6 SYSTEMPATH\Boot.php(67): CodeIgniter\Boot::runCodeIgniter(Object(CodeIgniter\CodeIgniter))
 7 FCPATH\index.php(56): CodeIgniter\Boot::bootWeb(Object(Config\Paths))
 8 SYSTEMPATH\rewrite.php(44): require_once('E:\\xampp\\htdocs\\Sistema_horarios_TCC\\public\\index.php')
ERROR - 2024-11-22 15:49:38 --> mysqli_sql_exception: Table 'sistema_horarios.horarioaula' doesn't exist in E:\xampp\htdocs\Sistema_horarios_TCC\system\Database\MySQLi\Connection.php:312
Stack trace:
#0 E:\xampp\htdocs\Sistema_horarios_TCC\system\Database\MySQLi\Connection.php(312): mysqli->query('INSERT INTO `ho...', 0)
#1 E:\xampp\htdocs\Sistema_horarios_TCC\system\Database\BaseConnection.php(734): CodeIgniter\Database\MySQLi\Connection->execute('INSERT INTO `ho...')
#2 E:\xampp\htdocs\Sistema_horarios_TCC\system\Database\BaseConnection.php(648): CodeIgniter\Database\BaseConnection->simpleQuery('INSERT INTO `ho...')
#3 E:\xampp\htdocs\Sistema_horarios_TCC\system\Database\BaseBuilder.php(2340): CodeIgniter\Database\BaseConnection->query('INSERT INTO `ho...', Array, false)
#4 E:\xampp\htdocs\Sistema_horarios_TCC\system\Model.php(394): CodeIgniter\Database\BaseBuilder->insert()
#5 E:\xampp\htdocs\Sistema_horarios_TCC\system\BaseModel.php(840): CodeIgniter\Model->doInsert(Array)
#6 E:\xampp\htdocs\Sistema_horarios_TCC\system\Model.php(802): CodeIgniter\BaseModel->insert(Array, true)
#7 E:\xampp\htdocs\Sistema_horarios_TCC\app\Controllers\HorarioAula.php(50): CodeIgniter\Model->insert(Array)
#8 E:\xampp\htdocs\Sistema_horarios_TCC\system\CodeIgniter.php(933): App\Controllers\HorarioAula->salvarHorarioAula()
#9 E:\xampp\htdocs\Sistema_horarios_TCC\system\CodeIgniter.php(509): CodeIgniter\CodeIgniter->runController(Object(App\Controllers\HorarioAula))
#10 E:\xampp\htdocs\Sistema_horarios_TCC\system\CodeIgniter.php(355): CodeIgniter\CodeIgniter->handleRequest(NULL, Object(Config\Cache), false)
#11 E:\xampp\htdocs\Sistema_horarios_TCC\system\Boot.php(325): CodeIgniter\CodeIgniter->run()
#12 E:\xampp\htdocs\Sistema_horarios_TCC\system\Boot.php(67): CodeIgniter\Boot::runCodeIgniter(Object(CodeIgniter\CodeIgniter))
#13 E:\xampp\htdocs\Sistema_horarios_TCC\public\index.php(56): CodeIgniter\Boot::bootWeb(Object(Config\Paths))
#14 E:\xampp\htdocs\Sistema_horarios_TCC\system\rewrite.php(44): require_once('E:\\xampp\\htdocs...')
#15 {main}
CRITICAL - 2024-11-22 15:49:38 --> CodeIgniter\Database\Exceptions\DatabaseException: Table 'sistema_horarios.horarioaula' doesn't exist
[Method: POST, Route: horario-aula/salvar]
in SYSTEMPATH\Database\BaseConnection.php on line 688.
 1 SYSTEMPATH\Database\BaseBuilder.php(2340): CodeIgniter\Database\BaseConnection->query('INSERT INTO `horarioaula` (`id_sala`, `id_turma`, `status`, `periodo_letivo`, `id_disciplina`, `dia_semana`, `horario`, `cor`, `professor`) VALUES (:id_sala:, :id_turma:, :status:, :periodo_letivo:, :id_disciplina:, :dia_semana:, :horario:, :cor:, :professor:)', [...], false)
 2 SYSTEMPATH\Model.php(394): CodeIgniter\Database\BaseBuilder->insert()
 3 SYSTEMPATH\BaseModel.php(840): CodeIgniter\Model->doInsert([...])
 4 SYSTEMPATH\Model.php(802): CodeIgniter\BaseModel->insert([...], true)
 5 APPPATH\Controllers\HorarioAula.php(50): CodeIgniter\Model->insert([...])
 6 SYSTEMPATH\CodeIgniter.php(933): App\Controllers\HorarioAula->salvarHorarioAula()
 7 SYSTEMPATH\CodeIgniter.php(509): CodeIgniter\CodeIgniter->runController(Object(App\Controllers\HorarioAula))
 8 SYSTEMPATH\CodeIgniter.php(355): CodeIgniter\CodeIgniter->handleRequest(null, Object(Config\Cache), false)
 9 SYSTEMPATH\Boot.php(325): CodeIgniter\CodeIgniter->run()
10 SYSTEMPATH\Boot.php(67): CodeIgniter\Boot::runCodeIgniter(Object(CodeIgniter\CodeIgniter))
11 FCPATH\index.php(56): CodeIgniter\Boot::bootWeb(Object(Config\Paths))
12 SYSTEMPATH\rewrite.php(44): require_once('E:\\xampp\\htdocs\\Sistema_horarios_TCC\\public\\index.php')
CRITICAL - 2024-11-22 15:49:38 --> [Caused by] CodeIgniter\Database\Exceptions\DatabaseException: Table 'sistema_horarios.horarioaula' doesn't exist
in SYSTEMPATH\Database\MySQLi\Connection.php on line 317.
 1 SYSTEMPATH\Database\BaseConnection.php(734): CodeIgniter\Database\MySQLi\Connection->execute('INSERT INTO `horarioaula` (`id_sala`, `id_turma`, `status`, `periodo_letivo`, `id_disciplina`, `dia_semana`, `horario`, `cor`, `professor`) VALUES (\'1\', \'110A\', \'ativo\', \'r\', \'13\', \'2\', \'10:00:00\', \'#E56E24\', \'teste\')')
 2 SYSTEMPATH\Database\BaseConnection.php(648): CodeIgniter\Database\BaseConnection->simpleQuery('INSERT INTO `horarioaula` (`id_sala`, `id_turma`, `status`, `periodo_letivo`, `id_disciplina`, `dia_semana`, `horario`, `cor`, `professor`) VALUES (\'1\', \'110A\', \'ativo\', \'r\', \'13\', \'2\', \'10:00:00\', \'#E56E24\', \'teste\')')
 3 SYSTEMPATH\Database\BaseBuilder.php(2340): CodeIgniter\Database\BaseConnection->query('INSERT INTO `horarioaula` (`id_sala`, `id_turma`, `status`, `periodo_letivo`, `id_disciplina`, `dia_semana`, `horario`, `cor`, `professor`) VALUES (:id_sala:, :id_turma:, :status:, :periodo_letivo:, :id_disciplina:, :dia_semana:, :horario:, :cor:, :professor:)', [...], false)
 4 SYSTEMPATH\Model.php(394): CodeIgniter\Database\BaseBuilder->insert()
 5 SYSTEMPATH\BaseModel.php(840): CodeIgniter\Model->doInsert([...])
 6 SYSTEMPATH\Model.php(802): CodeIgniter\BaseModel->insert([...], true)
 7 APPPATH\Controllers\HorarioAula.php(50): CodeIgniter\Model->insert([...])
 8 SYSTEMPATH\CodeIgniter.php(933): App\Controllers\HorarioAula->salvarHorarioAula()
 9 SYSTEMPATH\CodeIgniter.php(509): CodeIgniter\CodeIgniter->runController(Object(App\Controllers\HorarioAula))
10 SYSTEMPATH\CodeIgniter.php(355): CodeIgniter\CodeIgniter->handleRequest(null, Object(Config\Cache), false)
11 SYSTEMPATH\Boot.php(325): CodeIgniter\CodeIgniter->run()
12 SYSTEMPATH\Boot.php(67): CodeIgniter\Boot::runCodeIgniter(Object(CodeIgniter\CodeIgniter))
13 FCPATH\index.php(56): CodeIgniter\Boot::bootWeb(Object(Config\Paths))
14 SYSTEMPATH\rewrite.php(44): require_once('E:\\xampp\\htdocs\\Sistema_horarios_TCC\\public\\index.php')
CRITICAL - 2024-11-22 15:49:38 --> [Caused by] mysqli_sql_exception: Table 'sistema_horarios.horarioaula' doesn't exist
in SYSTEMPATH\Database\MySQLi\Connection.php on line 312.
 1 SYSTEMPATH\Database\MySQLi\Connection.php(312): mysqli->query('INSERT INTO `horarioaula` (`id_sala`, `id_turma`, `status`, `periodo_letivo`, `id_disciplina`, `dia_semana`, `horario`, `cor`, `professor`) VALUES (\'1\', \'110A\', \'ativo\', \'r\', \'13\', \'2\', \'10:00:00\', \'#E56E24\', \'teste\')', 0)
 2 SYSTEMPATH\Database\BaseConnection.php(734): CodeIgniter\Database\MySQLi\Connection->execute('INSERT INTO `horarioaula` (`id_sala`, `id_turma`, `status`, `periodo_letivo`, `id_disciplina`, `dia_semana`, `horario`, `cor`, `professor`) VALUES (\'1\', \'110A\', \'ativo\', \'r\', \'13\', \'2\', \'10:00:00\', \'#E56E24\', \'teste\')')
 3 SYSTEMPATH\Database\BaseConnection.php(648): CodeIgniter\Database\BaseConnection->simpleQuery('INSERT INTO `horarioaula` (`id_sala`, `id_turma`, `status`, `periodo_letivo`, `id_disciplina`, `dia_semana`, `horario`, `cor`, `professor`) VALUES (\'1\', \'110A\', \'ativo\', \'r\', \'13\', \'2\', \'10:00:00\', \'#E56E24\', \'teste\')')
 4 SYSTEMPATH\Database\BaseBuilder.php(2340): CodeIgniter\Database\BaseConnection->query('INSERT INTO `horarioaula` (`id_sala`, `id_turma`, `status`, `periodo_letivo`, `id_disciplina`, `dia_semana`, `horario`, `cor`, `professor`) VALUES (:id_sala:, :id_turma:, :status:, :periodo_letivo:, :id_disciplina:, :dia_semana:, :horario:, :cor:, :professor:)', [...], false)
 5 SYSTEMPATH\Model.php(394): CodeIgniter\Database\BaseBuilder->insert()
 6 SYSTEMPATH\BaseModel.php(840): CodeIgniter\Model->doInsert([...])
 7 SYSTEMPATH\Model.php(802): CodeIgniter\BaseModel->insert([...], true)
 8 APPPATH\Controllers\HorarioAula.php(50): CodeIgniter\Model->insert([...])
 9 SYSTEMPATH\CodeIgniter.php(933): App\Controllers\HorarioAula->salvarHorarioAula()
10 SYSTEMPATH\CodeIgniter.php(509): CodeIgniter\CodeIgniter->runController(Object(App\Controllers\HorarioAula))
11 SYSTEMPATH\CodeIgniter.php(355): CodeIgniter\CodeIgniter->handleRequest(null, Object(Config\Cache), false)
12 SYSTEMPATH\Boot.php(325): CodeIgniter\CodeIgniter->run()
13 SYSTEMPATH\Boot.php(67): CodeIgniter\Boot::runCodeIgniter(Object(CodeIgniter\CodeIgniter))
14 FCPATH\index.php(56): CodeIgniter\Boot::bootWeb(Object(Config\Paths))
15 SYSTEMPATH\rewrite.php(44): require_once('E:\\xampp\\htdocs\\Sistema_horarios_TCC\\public\\index.php')
ERROR - 2024-11-22 18:14:09 --> mysqli_sql_exception: Table 'sistema_horarios.horarioaula' doesn't exist in E:\xampp\htdocs\Sistema_horarios_TCC\system\Database\MySQLi\Connection.php:312
Stack trace:
#0 E:\xampp\htdocs\Sistema_horarios_TCC\system\Database\MySQLi\Connection.php(312): mysqli->query('INSERT INTO `ho...', 0)
#1 E:\xampp\htdocs\Sistema_horarios_TCC\system\Database\BaseConnection.php(734): CodeIgniter\Database\MySQLi\Connection->execute('INSERT INTO `ho...')
#2 E:\xampp\htdocs\Sistema_horarios_TCC\system\Database\BaseConnection.php(648): CodeIgniter\Database\BaseConnection->simpleQuery('INSERT INTO `ho...')
#3 E:\xampp\htdocs\Sistema_horarios_TCC\system\Database\BaseBuilder.php(2340): CodeIgniter\Database\BaseConnection->query('INSERT INTO `ho...', Array, false)
#4 E:\xampp\htdocs\Sistema_horarios_TCC\system\Model.php(394): CodeIgniter\Database\BaseBuilder->insert()
#5 E:\xampp\htdocs\Sistema_horarios_TCC\system\BaseModel.php(840): CodeIgniter\Model->doInsert(Array)
#6 E:\xampp\htdocs\Sistema_horarios_TCC\system\Model.php(802): CodeIgniter\BaseModel->insert(Array, true)
#7 E:\xampp\htdocs\Sistema_horarios_TCC\app\Controllers\HorarioAula.php(50): CodeIgniter\Model->insert(Array)
#8 E:\xampp\htdocs\Sistema_horarios_TCC\system\CodeIgniter.php(933): App\Controllers\HorarioAula->salvarHorarioAula()
#9 E:\xampp\htdocs\Sistema_horarios_TCC\system\CodeIgniter.php(509): CodeIgniter\CodeIgniter->runController(Object(App\Controllers\HorarioAula))
#10 E:\xampp\htdocs\Sistema_horarios_TCC\system\CodeIgniter.php(355): CodeIgniter\CodeIgniter->handleRequest(NULL, Object(Config\Cache), false)
#11 E:\xampp\htdocs\Sistema_horarios_TCC\system\Boot.php(325): CodeIgniter\CodeIgniter->run()
#12 E:\xampp\htdocs\Sistema_horarios_TCC\system\Boot.php(67): CodeIgniter\Boot::runCodeIgniter(Object(CodeIgniter\CodeIgniter))
#13 E:\xampp\htdocs\Sistema_horarios_TCC\public\index.php(56): CodeIgniter\Boot::bootWeb(Object(Config\Paths))
#14 E:\xampp\htdocs\Sistema_horarios_TCC\system\rewrite.php(44): require_once('E:\\xampp\\htdocs...')
#15 {main}
CRITICAL - 2024-11-22 18:14:09 --> CodeIgniter\Database\Exceptions\DatabaseException: Table 'sistema_horarios.horarioaula' doesn't exist
[Method: POST, Route: horario-aula/salvar]
in SYSTEMPATH\Database\BaseConnection.php on line 688.
 1 SYSTEMPATH\Database\BaseBuilder.php(2340): CodeIgniter\Database\BaseConnection->query('INSERT INTO `horarioaula` (`id_sala`, `id_turma`, `status`, `periodo_letivo`, `id_disciplina`, `dia_semana`, `horario`, `cor`, `professor`) VALUES (:id_sala:, :id_turma:, :status:, :periodo_letivo:, :id_disciplina:, :dia_semana:, :horario:, :cor:, :professor:)', [...], false)
 2 SYSTEMPATH\Model.php(394): CodeIgniter\Database\BaseBuilder->insert()
 3 SYSTEMPATH\BaseModel.php(840): CodeIgniter\Model->doInsert([...])
 4 SYSTEMPATH\Model.php(802): CodeIgniter\BaseModel->insert([...], true)
 5 APPPATH\Controllers\HorarioAula.php(50): CodeIgniter\Model->insert([...])
 6 SYSTEMPATH\CodeIgniter.php(933): App\Controllers\HorarioAula->salvarHorarioAula()
 7 SYSTEMPATH\CodeIgniter.php(509): CodeIgniter\CodeIgniter->runController(Object(App\Controllers\HorarioAula))
 8 SYSTEMPATH\CodeIgniter.php(355): CodeIgniter\CodeIgniter->handleRequest(null, Object(Config\Cache), false)
 9 SYSTEMPATH\Boot.php(325): CodeIgniter\CodeIgniter->run()
10 SYSTEMPATH\Boot.php(67): CodeIgniter\Boot::runCodeIgniter(Object(CodeIgniter\CodeIgniter))
11 FCPATH\index.php(56): CodeIgniter\Boot::bootWeb(Object(Config\Paths))
12 SYSTEMPATH\rewrite.php(44): require_once('E:\\xampp\\htdocs\\Sistema_horarios_TCC\\public\\index.php')
CRITICAL - 2024-11-22 18:14:09 --> [Caused by] CodeIgniter\Database\Exceptions\DatabaseException: Table 'sistema_horarios.horarioaula' doesn't exist
in SYSTEMPATH\Database\MySQLi\Connection.php on line 317.
 1 SYSTEMPATH\Database\BaseConnection.php(734): CodeIgniter\Database\MySQLi\Connection->execute('INSERT INTO `horarioaula` (`id_sala`, `id_turma`, `status`, `periodo_letivo`, `id_disciplina`, `dia_semana`, `horario`, `cor`, `professor`) VALUES (\'1\', \'110A\', \'ativo\', \'4\', \'2\', \'2\', \'07:00:00\', \'#E12120\', \'teste\')')
 2 SYSTEMPATH\Database\BaseConnection.php(648): CodeIgniter\Database\BaseConnection->simpleQuery('INSERT INTO `horarioaula` (`id_sala`, `id_turma`, `status`, `periodo_letivo`, `id_disciplina`, `dia_semana`, `horario`, `cor`, `professor`) VALUES (\'1\', \'110A\', \'ativo\', \'4\', \'2\', \'2\', \'07:00:00\', \'#E12120\', \'teste\')')
 3 SYSTEMPATH\Database\BaseBuilder.php(2340): CodeIgniter\Database\BaseConnection->query('INSERT INTO `horarioaula` (`id_sala`, `id_turma`, `status`, `periodo_letivo`, `id_disciplina`, `dia_semana`, `horario`, `cor`, `professor`) VALUES (:id_sala:, :id_turma:, :status:, :periodo_letivo:, :id_disciplina:, :dia_semana:, :horario:, :cor:, :professor:)', [...], false)
 4 SYSTEMPATH\Model.php(394): CodeIgniter\Database\BaseBuilder->insert()
 5 SYSTEMPATH\BaseModel.php(840): CodeIgniter\Model->doInsert([...])
 6 SYSTEMPATH\Model.php(802): CodeIgniter\BaseModel->insert([...], true)
 7 APPPATH\Controllers\HorarioAula.php(50): CodeIgniter\Model->insert([...])
 8 SYSTEMPATH\CodeIgniter.php(933): App\Controllers\HorarioAula->salvarHorarioAula()
 9 SYSTEMPATH\CodeIgniter.php(509): CodeIgniter\CodeIgniter->runController(Object(App\Controllers\HorarioAula))
10 SYSTEMPATH\CodeIgniter.php(355): CodeIgniter\CodeIgniter->handleRequest(null, Object(Config\Cache), false)
11 SYSTEMPATH\Boot.php(325): CodeIgniter\CodeIgniter->run()
12 SYSTEMPATH\Boot.php(67): CodeIgniter\Boot::runCodeIgniter(Object(CodeIgniter\CodeIgniter))
13 FCPATH\index.php(56): CodeIgniter\Boot::bootWeb(Object(Config\Paths))
14 SYSTEMPATH\rewrite.php(44): require_once('E:\\xampp\\htdocs\\Sistema_horarios_TCC\\public\\index.php')
CRITICAL - 2024-11-22 18:14:09 --> [Caused by] mysqli_sql_exception: Table 'sistema_horarios.horarioaula' doesn't exist
in SYSTEMPATH\Database\MySQLi\Connection.php on line 312.
 1 SYSTEMPATH\Database\MySQLi\Connection.php(312): mysqli->query('INSERT INTO `horarioaula` (`id_sala`, `id_turma`, `status`, `periodo_letivo`, `id_disciplina`, `dia_semana`, `horario`, `cor`, `professor`) VALUES (\'1\', \'110A\', \'ativo\', \'4\', \'2\', \'2\', \'07:00:00\', \'#E12120\', \'teste\')', 0)
 2 SYSTEMPATH\Database\BaseConnection.php(734): CodeIgniter\Database\MySQLi\Connection->execute('INSERT INTO `horarioaula` (`id_sala`, `id_turma`, `status`, `periodo_letivo`, `id_disciplina`, `dia_semana`, `horario`, `cor`, `professor`) VALUES (\'1\', \'110A\', \'ativo\', \'4\', \'2\', \'2\', \'07:00:00\', \'#E12120\', \'teste\')')
 3 SYSTEMPATH\Database\BaseConnection.php(648): CodeIgniter\Database\BaseConnection->simpleQuery('INSERT INTO `horarioaula` (`id_sala`, `id_turma`, `status`, `periodo_letivo`, `id_disciplina`, `dia_semana`, `horario`, `cor`, `professor`) VALUES (\'1\', \'110A\', \'ativo\', \'4\', \'2\', \'2\', \'07:00:00\', \'#E12120\', \'teste\')')
 4 SYSTEMPATH\Database\BaseBuilder.php(2340): CodeIgniter\Database\BaseConnection->query('INSERT INTO `horarioaula` (`id_sala`, `id_turma`, `status`, `periodo_letivo`, `id_disciplina`, `dia_semana`, `horario`, `cor`, `professor`) VALUES (:id_sala:, :id_turma:, :status:, :periodo_letivo:, :id_disciplina:, :dia_semana:, :horario:, :cor:, :professor:)', [...], false)
 5 SYSTEMPATH\Model.php(394): CodeIgniter\Database\BaseBuilder->insert()
 6 SYSTEMPATH\BaseModel.php(840): CodeIgniter\Model->doInsert([...])
 7 SYSTEMPATH\Model.php(802): CodeIgniter\BaseModel->insert([...], true)
 8 APPPATH\Controllers\HorarioAula.php(50): CodeIgniter\Model->insert([...])
 9 SYSTEMPATH\CodeIgniter.php(933): App\Controllers\HorarioAula->salvarHorarioAula()
10 SYSTEMPATH\CodeIgniter.php(509): CodeIgniter\CodeIgniter->runController(Object(App\Controllers\HorarioAula))
11 SYSTEMPATH\CodeIgniter.php(355): CodeIgniter\CodeIgniter->handleRequest(null, Object(Config\Cache), false)
12 SYSTEMPATH\Boot.php(325): CodeIgniter\CodeIgniter->run()
13 SYSTEMPATH\Boot.php(67): CodeIgniter\Boot::runCodeIgniter(Object(CodeIgniter\CodeIgniter))
14 FCPATH\index.php(56): CodeIgniter\Boot::bootWeb(Object(Config\Paths))
15 SYSTEMPATH\rewrite.php(44): require_once('E:\\xampp\\htdocs\\Sistema_horarios_TCC\\public\\index.php')
INFO - 2024-11-22 18:21:28 --> Evento recebido: {"id_sala":"1","id_turma":"110A","status":"ativo","periodo_letivo":"5","id_disciplina":"3","dia_semana":"2","horario":"07:00:00","cor":"#00B800","professor":"teste"}
INFO - 2024-11-22 18:21:28 --> Evento recebido: {"id_sala":"1","id_turma":"110A","status":"ativo","periodo_letivo":"5","id_disciplina":"1","dia_semana":"4","horario":"07:00:00","cor":"#06B1C4","professor":"teste"}
INFO - 2024-11-22 18:23:29 --> Evento recebido: {"id_sala":"1"}
INFO - 2024-11-22 18:23:29 --> Evento recebido: {"id_sala":"1"}
INFO - 2024-11-22 18:28:04 --> Evento recebido: {"id_sala":"1","codigo_turma":"110A","status":"ativo","periodo_letivo":"4","id_disciplina":"3","dia_semana":"2","horario":"07:00:00","cor":"#00B800","professor":"teste"}
INFO - 2024-11-22 18:28:04 --> Evento recebido: {"id_sala":"1","codigo_turma":"110A","status":"ativo","periodo_letivo":"4","id_disciplina":"1","dia_semana":"4","horario":"07:00:00","cor":"#06B1C4","professor":"teste"}
INFO - 2024-11-22 18:35:34 --> Evento recebido: {"id_sala":"1","codigo_turma":"110A","status":"ativo","periodo_letivo":"0","id_disciplina":"9","dia_semana":"2","horario":"08:00:00","cor":"#FFBCC5","professor":"teste"}
INFO - 2024-11-22 18:35:34 --> Evento recebido: {"id_sala":"1","codigo_turma":"110A","status":"ativo","periodo_letivo":"0","id_disciplina":"1","dia_semana":"5","horario":"07:00:00","cor":"#06B1C4","professor":"teste"}
CRITICAL - 2024-11-22 18:38:21 --> ErrorException: Undefined array key "formData"
[Method: POST, Route: horario-aula/salvar]
in APPPATH\Controllers\HorarioAula.php on line 45.
 1 APPPATH\Controllers\HorarioAula.php(45): CodeIgniter\Debug\Exceptions->errorHandler(2, 'Undefined array key "formData"', 'E:\\xampp\\htdocs\\Sistema_horarios_TCC\\app\\Controllers\\HorarioAula.php', 45)
 2 SYSTEMPATH\CodeIgniter.php(933): App\Controllers\HorarioAula->salvarHorarioAula()
 3 SYSTEMPATH\CodeIgniter.php(509): CodeIgniter\CodeIgniter->runController(Object(App\Controllers\HorarioAula))
 4 SYSTEMPATH\CodeIgniter.php(355): CodeIgniter\CodeIgniter->handleRequest(null, Object(Config\Cache), false)
 5 SYSTEMPATH\Boot.php(325): CodeIgniter\CodeIgniter->run()
 6 SYSTEMPATH\Boot.php(67): CodeIgniter\Boot::runCodeIgniter(Object(CodeIgniter\CodeIgniter))
 7 FCPATH\index.php(56): CodeIgniter\Boot::bootWeb(Object(Config\Paths))
 8 SYSTEMPATH\rewrite.php(44): require_once('E:\\xampp\\htdocs\\Sistema_horarios_TCC\\public\\index.php')
INFO - 2024-11-22 18:39:37 --> Evento recebido: {"id_sala":"1","codigo_turma":"110A","status":"ativo","periodo_letivo":"","id_disciplina":null,"dia_semana":"3","horario":"08:00:00","cor":"8FFE09","professor":"teste"}
INFO - 2024-11-22 18:39:37 --> Evento recebido: {"id_sala":"1","codigo_turma":"110A","status":"ativo","periodo_letivo":"","id_disciplina":"10","dia_semana":"4","horario":"08:00:00","cor":"#0048ba","professor":"teste"}
INFO - 2024-11-22 18:39:37 --> Evento recebido: {"id_sala":"1","codigo_turma":"110A","status":"ativo","periodo_letivo":"","id_disciplina":"13","dia_semana":"2","horario":"09:00:00","cor":"#E56E24","professor":"teste"}
INFO - 2024-11-22 18:40:42 --> Evento recebido: {"id_sala":"1","codigo_turma":"110A","status":"ativo","periodo_letivo":"9","id_disciplina":"13","dia_semana":"4","horario":"08:00:00","cor":"#E56E24","professor":"teste"}
INFO - 2024-11-22 18:40:42 --> Evento recebido: {"id_sala":"1","codigo_turma":"110A","status":"ativo","periodo_letivo":"9","id_disciplina":"3","dia_semana":"3","horario":"08:00:00","cor":"#00B800","professor":"teste"}
INFO - 2024-11-22 18:41:37 --> Evento recebido: {"id_sala":"1","codigo_turma":"110A","status":"ativo","periodo_letivo":"1","id_disciplina":"13","dia_semana":"3","horario":"09","cor":"#E56E24","professor":"teste"}
INFO - 2024-11-22 18:41:37 --> Evento recebido: {"id_sala":"1","codigo_turma":"110A","status":"ativo","periodo_letivo":"1","id_disciplina":"9","dia_semana":"4","horario":"09","cor":"#FFBCC5","professor":"teste"}
INFO - 2024-11-22 18:42:48 --> Evento recebido: {"id_sala":"1","codigo_turma":"110A","status":"ativo","periodo_letivo":"11","id_disciplina":"9","dia_semana":"3","horario":"2024-11-20T04:00:00-03:00","cor":"#FFBCC5","professor":"teste"}
INFO - 2024-11-22 18:42:48 --> Evento recebido: {"id_sala":"1","codigo_turma":"110A","status":"ativo","periodo_letivo":"11","id_disciplina":"10","dia_semana":"4","horario":"2024-11-21T05:00:00-03:00","cor":"#0048ba","professor":"teste"}
INFO - 2024-11-22 18:49:53 --> Evento recebido: {"id_sala":"1","codigo_turma":"110A","status":"ativo","periodo_letivo":"88","id_disciplina":"9","dia_semana":"2","horario":"2024-11-19T04:00:00-03:00","horario2":"07","cor":"#FFBCC5","professor":"teste"}
INFO - 2024-11-22 18:49:53 --> Evento recebido: {"id_sala":"1","codigo_turma":"110A","status":"ativo","periodo_letivo":"88","id_disciplina":"1","dia_semana":"4","horario":"2024-11-21T06:00:00-03:00","horario2":"09","cor":"#06B1C4","professor":"teste"}
INFO - 2024-11-22 18:49:53 --> Evento recebido: {"id_sala":"1","codigo_turma":"110A","status":"ativo","periodo_letivo":"88","id_disciplina":"13","dia_semana":"6","horario":"2024-11-23T09:00:00-03:00","horario2":"12","cor":"#E56E24","professor":"teste"}
INFO - 2024-11-22 18:51:59 --> Evento recebido: {"id_sala":"1","codigo_turma":"110A","status":"ativo","periodo_letivo":"1444","id_disciplina":"9","dia_semana":"2","horario":"2024-11-19T03:00:00-03:00","horario2":"03","cor":"#FFBCC5","professor":"teste"}
INFO - 2024-11-22 18:51:59 --> Evento recebido: {"id_sala":"1","codigo_turma":"110A","status":"ativo","periodo_letivo":"1444","id_disciplina":"3","dia_semana":"4","horario":"2024-11-21T07:00:00-03:00","horario2":"07","cor":"#00B800","professor":"teste"}
INFO - 2024-11-22 18:51:59 --> Evento recebido: {"id_sala":"1","codigo_turma":"110A","status":"ativo","periodo_letivo":"1444","id_disciplina":"13","dia_semana":"6","horario":"2024-11-23T01:00:00-03:00","horario2":"01","cor":"#E56E24","professor":"teste"}
ERROR - 2024-11-22 18:58:39 --> mysqli_sql_exception: Table 'sistema_horarios.horarioaula' doesn't exist in E:\xampp\htdocs\Sistema_horarios_TCC\system\Database\MySQLi\Connection.php:312
Stack trace:
#0 E:\xampp\htdocs\Sistema_horarios_TCC\system\Database\MySQLi\Connection.php(312): mysqli->query('INSERT INTO `ho...', 0)
#1 E:\xampp\htdocs\Sistema_horarios_TCC\system\Database\BaseConnection.php(734): CodeIgniter\Database\MySQLi\Connection->execute('INSERT INTO `ho...')
#2 E:\xampp\htdocs\Sistema_horarios_TCC\system\Database\BaseConnection.php(648): CodeIgniter\Database\BaseConnection->simpleQuery('INSERT INTO `ho...')
#3 E:\xampp\htdocs\Sistema_horarios_TCC\system\Database\BaseBuilder.php(2340): CodeIgniter\Database\BaseConnection->query('INSERT INTO `ho...', Array, false)
#4 E:\xampp\htdocs\Sistema_horarios_TCC\system\Model.php(394): CodeIgniter\Database\BaseBuilder->insert()
#5 E:\xampp\htdocs\Sistema_horarios_TCC\system\BaseModel.php(840): CodeIgniter\Model->doInsert(Array)
#6 E:\xampp\htdocs\Sistema_horarios_TCC\system\Model.php(802): CodeIgniter\BaseModel->insert(Array, true)
#7 E:\xampp\htdocs\Sistema_horarios_TCC\app\Controllers\HorarioAula.php(56): CodeIgniter\Model->insert(Array)
#8 E:\xampp\htdocs\Sistema_horarios_TCC\system\CodeIgniter.php(933): App\Controllers\HorarioAula->salvarHorarioAula()
#9 E:\xampp\htdocs\Sistema_horarios_TCC\system\CodeIgniter.php(509): CodeIgniter\CodeIgniter->runController(Object(App\Controllers\HorarioAula))
#10 E:\xampp\htdocs\Sistema_horarios_TCC\system\CodeIgniter.php(355): CodeIgniter\CodeIgniter->handleRequest(NULL, Object(Config\Cache), false)
#11 E:\xampp\htdocs\Sistema_horarios_TCC\system\Boot.php(325): CodeIgniter\CodeIgniter->run()
#12 E:\xampp\htdocs\Sistema_horarios_TCC\system\Boot.php(67): CodeIgniter\Boot::runCodeIgniter(Object(CodeIgniter\CodeIgniter))
#13 E:\xampp\htdocs\Sistema_horarios_TCC\public\index.php(56): CodeIgniter\Boot::bootWeb(Object(Config\Paths))
#14 E:\xampp\htdocs\Sistema_horarios_TCC\system\rewrite.php(44): require_once('E:\\xampp\\htdocs...')
#15 {main}
CRITICAL - 2024-11-22 18:58:39 --> CodeIgniter\Database\Exceptions\DatabaseException: Table 'sistema_horarios.horarioaula' doesn't exist
[Method: POST, Route: horario-aula/salvar]
in SYSTEMPATH\Database\BaseConnection.php on line 688.
 1 SYSTEMPATH\Database\BaseBuilder.php(2340): CodeIgniter\Database\BaseConnection->query('INSERT INTO `horarioaula` (`id_sala`, `status`, `periodo_letivo`, `id_disciplina`, `dia_semana`, `horario`, `cor`, `professor`) VALUES (:id_sala:, :status:, :periodo_letivo:, :id_disciplina:, :dia_semana:, :horario:, :cor:, :professor:)', [...], false)
 2 SYSTEMPATH\Model.php(394): CodeIgniter\Database\BaseBuilder->insert()
 3 SYSTEMPATH\BaseModel.php(840): CodeIgniter\Model->doInsert([...])
 4 SYSTEMPATH\Model.php(802): CodeIgniter\BaseModel->insert([...], true)
 5 APPPATH\Controllers\HorarioAula.php(56): CodeIgniter\Model->insert([...])
 6 SYSTEMPATH\CodeIgniter.php(933): App\Controllers\HorarioAula->salvarHorarioAula()
 7 SYSTEMPATH\CodeIgniter.php(509): CodeIgniter\CodeIgniter->runController(Object(App\Controllers\HorarioAula))
 8 SYSTEMPATH\CodeIgniter.php(355): CodeIgniter\CodeIgniter->handleRequest(null, Object(Config\Cache), false)
 9 SYSTEMPATH\Boot.php(325): CodeIgniter\CodeIgniter->run()
10 SYSTEMPATH\Boot.php(67): CodeIgniter\Boot::runCodeIgniter(Object(CodeIgniter\CodeIgniter))
11 FCPATH\index.php(56): CodeIgniter\Boot::bootWeb(Object(Config\Paths))
12 SYSTEMPATH\rewrite.php(44): require_once('E:\\xampp\\htdocs\\Sistema_horarios_TCC\\public\\index.php')
CRITICAL - 2024-11-22 18:58:39 --> [Caused by] CodeIgniter\Database\Exceptions\DatabaseException: Table 'sistema_horarios.horarioaula' doesn't exist
in SYSTEMPATH\Database\MySQLi\Connection.php on line 317.
 1 SYSTEMPATH\Database\BaseConnection.php(734): CodeIgniter\Database\MySQLi\Connection->execute('INSERT INTO `horarioaula` (`id_sala`, `status`, `periodo_letivo`, `id_disciplina`, `dia_semana`, `horario`, `cor`, `professor`) VALUES (\'1\', \'ativo\', \'3\', \'2\', \'2\', \'03\', \'#E12120\', \'1\')')
 2 SYSTEMPATH\Database\BaseConnection.php(648): CodeIgniter\Database\BaseConnection->simpleQuery('INSERT INTO `horarioaula` (`id_sala`, `status`, `periodo_letivo`, `id_disciplina`, `dia_semana`, `horario`, `cor`, `professor`) VALUES (\'1\', \'ativo\', \'3\', \'2\', \'2\', \'03\', \'#E12120\', \'1\')')
 3 SYSTEMPATH\Database\BaseBuilder.php(2340): CodeIgniter\Database\BaseConnection->query('INSERT INTO `horarioaula` (`id_sala`, `status`, `periodo_letivo`, `id_disciplina`, `dia_semana`, `horario`, `cor`, `professor`) VALUES (:id_sala:, :status:, :periodo_letivo:, :id_disciplina:, :dia_semana:, :horario:, :cor:, :professor:)', [...], false)
 4 SYSTEMPATH\Model.php(394): CodeIgniter\Database\BaseBuilder->insert()
 5 SYSTEMPATH\BaseModel.php(840): CodeIgniter\Model->doInsert([...])
 6 SYSTEMPATH\Model.php(802): CodeIgniter\BaseModel->insert([...], true)
 7 APPPATH\Controllers\HorarioAula.php(56): CodeIgniter\Model->insert([...])
 8 SYSTEMPATH\CodeIgniter.php(933): App\Controllers\HorarioAula->salvarHorarioAula()
 9 SYSTEMPATH\CodeIgniter.php(509): CodeIgniter\CodeIgniter->runController(Object(App\Controllers\HorarioAula))
10 SYSTEMPATH\CodeIgniter.php(355): CodeIgniter\CodeIgniter->handleRequest(null, Object(Config\Cache), false)
11 SYSTEMPATH\Boot.php(325): CodeIgniter\CodeIgniter->run()
12 SYSTEMPATH\Boot.php(67): CodeIgniter\Boot::runCodeIgniter(Object(CodeIgniter\CodeIgniter))
13 FCPATH\index.php(56): CodeIgniter\Boot::bootWeb(Object(Config\Paths))
14 SYSTEMPATH\rewrite.php(44): require_once('E:\\xampp\\htdocs\\Sistema_horarios_TCC\\public\\index.php')
CRITICAL - 2024-11-22 18:58:39 --> [Caused by] mysqli_sql_exception: Table 'sistema_horarios.horarioaula' doesn't exist
in SYSTEMPATH\Database\MySQLi\Connection.php on line 312.
 1 SYSTEMPATH\Database\MySQLi\Connection.php(312): mysqli->query('INSERT INTO `horarioaula` (`id_sala`, `status`, `periodo_letivo`, `id_disciplina`, `dia_semana`, `horario`, `cor`, `professor`) VALUES (\'1\', \'ativo\', \'3\', \'2\', \'2\', \'03\', \'#E12120\', \'1\')', 0)
 2 SYSTEMPATH\Database\BaseConnection.php(734): CodeIgniter\Database\MySQLi\Connection->execute('INSERT INTO `horarioaula` (`id_sala`, `status`, `periodo_letivo`, `id_disciplina`, `dia_semana`, `horario`, `cor`, `professor`) VALUES (\'1\', \'ativo\', \'3\', \'2\', \'2\', \'03\', \'#E12120\', \'1\')')
 3 SYSTEMPATH\Database\BaseConnection.php(648): CodeIgniter\Database\BaseConnection->simpleQuery('INSERT INTO `horarioaula` (`id_sala`, `status`, `periodo_letivo`, `id_disciplina`, `dia_semana`, `horario`, `cor`, `professor`) VALUES (\'1\', \'ativo\', \'3\', \'2\', \'2\', \'03\', \'#E12120\', \'1\')')
 4 SYSTEMPATH\Database\BaseBuilder.php(2340): CodeIgniter\Database\BaseConnection->query('INSERT INTO `horarioaula` (`id_sala`, `status`, `periodo_letivo`, `id_disciplina`, `dia_semana`, `horario`, `cor`, `professor`) VALUES (:id_sala:, :status:, :periodo_letivo:, :id_disciplina:, :dia_semana:, :horario:, :cor:, :professor:)', [...], false)
 5 SYSTEMPATH\Model.php(394): CodeIgniter\Database\BaseBuilder->insert()
 6 SYSTEMPATH\BaseModel.php(840): CodeIgniter\Model->doInsert([...])
 7 SYSTEMPATH\Model.php(802): CodeIgniter\BaseModel->insert([...], true)
 8 APPPATH\Controllers\HorarioAula.php(56): CodeIgniter\Model->insert([...])
 9 SYSTEMPATH\CodeIgniter.php(933): App\Controllers\HorarioAula->salvarHorarioAula()
10 SYSTEMPATH\CodeIgniter.php(509): CodeIgniter\CodeIgniter->runController(Object(App\Controllers\HorarioAula))
11 SYSTEMPATH\CodeIgniter.php(355): CodeIgniter\CodeIgniter->handleRequest(null, Object(Config\Cache), false)
12 SYSTEMPATH\Boot.php(325): CodeIgniter\CodeIgniter->run()
13 SYSTEMPATH\Boot.php(67): CodeIgniter\Boot::runCodeIgniter(Object(CodeIgniter\CodeIgniter))
14 FCPATH\index.php(56): CodeIgniter\Boot::bootWeb(Object(Config\Paths))
15 SYSTEMPATH\rewrite.php(44): require_once('E:\\xampp\\htdocs\\Sistema_horarios_TCC\\public\\index.php')
ERROR - 2024-11-22 19:00:19 --> mysqli_sql_exception: Table 'sistema_horarios.horarioaula' doesn't exist in E:\xampp\htdocs\Sistema_horarios_TCC\system\Database\MySQLi\Connection.php:312
Stack trace:
#0 E:\xampp\htdocs\Sistema_horarios_TCC\system\Database\MySQLi\Connection.php(312): mysqli->query('INSERT INTO `ho...', 0)
#1 E:\xampp\htdocs\Sistema_horarios_TCC\system\Database\BaseConnection.php(734): CodeIgniter\Database\MySQLi\Connection->execute('INSERT INTO `ho...')
#2 E:\xampp\htdocs\Sistema_horarios_TCC\system\Database\BaseConnection.php(648): CodeIgniter\Database\BaseConnection->simpleQuery('INSERT INTO `ho...')
#3 E:\xampp\htdocs\Sistema_horarios_TCC\system\Database\BaseBuilder.php(2340): CodeIgniter\Database\BaseConnection->query('INSERT INTO `ho...', Array, false)
#4 E:\xampp\htdocs\Sistema_horarios_TCC\system\Model.php(394): CodeIgniter\Database\BaseBuilder->insert()
#5 E:\xampp\htdocs\Sistema_horarios_TCC\system\BaseModel.php(840): CodeIgniter\Model->doInsert(Array)
#6 E:\xampp\htdocs\Sistema_horarios_TCC\system\Model.php(802): CodeIgniter\BaseModel->insert(Array, false)
#7 E:\xampp\htdocs\Sistema_horarios_TCC\system\BaseModel.php(751): CodeIgniter\Model->insert(Array, false)
#8 E:\xampp\htdocs\Sistema_horarios_TCC\app\Controllers\HorarioAula.php(56): CodeIgniter\BaseModel->save(Array)
#9 E:\xampp\htdocs\Sistema_horarios_TCC\system\CodeIgniter.php(933): App\Controllers\HorarioAula->salvarHorarioAula()
#10 E:\xampp\htdocs\Sistema_horarios_TCC\system\CodeIgniter.php(509): CodeIgniter\CodeIgniter->runController(Object(App\Controllers\HorarioAula))
#11 E:\xampp\htdocs\Sistema_horarios_TCC\system\CodeIgniter.php(355): CodeIgniter\CodeIgniter->handleRequest(NULL, Object(Config\Cache), false)
#12 E:\xampp\htdocs\Sistema_horarios_TCC\system\Boot.php(325): CodeIgniter\CodeIgniter->run()
#13 E:\xampp\htdocs\Sistema_horarios_TCC\system\Boot.php(67): CodeIgniter\Boot::runCodeIgniter(Object(CodeIgniter\CodeIgniter))
#14 E:\xampp\htdocs\Sistema_horarios_TCC\public\index.php(56): CodeIgniter\Boot::bootWeb(Object(Config\Paths))
#15 E:\xampp\htdocs\Sistema_horarios_TCC\system\rewrite.php(44): require_once('E:\\xampp\\htdocs...')
#16 {main}
CRITICAL - 2024-11-22 19:00:19 --> CodeIgniter\Database\Exceptions\DatabaseException: Table 'sistema_horarios.horarioaula' doesn't exist
[Method: POST, Route: horario-aula/salvar]
in SYSTEMPATH\Database\BaseConnection.php on line 688.
 1 SYSTEMPATH\Database\BaseBuilder.php(2340): CodeIgniter\Database\BaseConnection->query('INSERT INTO `horarioaula` (`id_sala`, `status`, `periodo_letivo`, `id_disciplina`, `dia_semana`, `horario`, `cor`, `professor`) VALUES (:id_sala:, :status:, :periodo_letivo:, :id_disciplina:, :dia_semana:, :horario:, :cor:, :professor:)', [...], false)
 2 SYSTEMPATH\Model.php(394): CodeIgniter\Database\BaseBuilder->insert()
 3 SYSTEMPATH\BaseModel.php(840): CodeIgniter\Model->doInsert([...])
 4 SYSTEMPATH\Model.php(802): CodeIgniter\BaseModel->insert([...], false)
 5 SYSTEMPATH\BaseModel.php(751): CodeIgniter\Model->insert([...], false)
 6 APPPATH\Controllers\HorarioAula.php(56): CodeIgniter\BaseModel->save([...])
 7 SYSTEMPATH\CodeIgniter.php(933): App\Controllers\HorarioAula->salvarHorarioAula()
 8 SYSTEMPATH\CodeIgniter.php(509): CodeIgniter\CodeIgniter->runController(Object(App\Controllers\HorarioAula))
 9 SYSTEMPATH\CodeIgniter.php(355): CodeIgniter\CodeIgniter->handleRequest(null, Object(Config\Cache), false)
10 SYSTEMPATH\Boot.php(325): CodeIgniter\CodeIgniter->run()
11 SYSTEMPATH\Boot.php(67): CodeIgniter\Boot::runCodeIgniter(Object(CodeIgniter\CodeIgniter))
12 FCPATH\index.php(56): CodeIgniter\Boot::bootWeb(Object(Config\Paths))
13 SYSTEMPATH\rewrite.php(44): require_once('E:\\xampp\\htdocs\\Sistema_horarios_TCC\\public\\index.php')
CRITICAL - 2024-11-22 19:00:19 --> [Caused by] CodeIgniter\Database\Exceptions\DatabaseException: Table 'sistema_horarios.horarioaula' doesn't exist
in SYSTEMPATH\Database\MySQLi\Connection.php on line 317.
 1 SYSTEMPATH\Database\BaseConnection.php(734): CodeIgniter\Database\MySQLi\Connection->execute('INSERT INTO `horarioaula` (`id_sala`, `status`, `periodo_letivo`, `id_disciplina`, `dia_semana`, `horario`, `cor`, `professor`) VALUES (\'1\', \'ativo\', \'\', \'3\', \'2\', \'03\', \'#00B800\', \'1\')')
 2 SYSTEMPATH\Database\BaseConnection.php(648): CodeIgniter\Database\BaseConnection->simpleQuery('INSERT INTO `horarioaula` (`id_sala`, `status`, `periodo_letivo`, `id_disciplina`, `dia_semana`, `horario`, `cor`, `professor`) VALUES (\'1\', \'ativo\', \'\', \'3\', \'2\', \'03\', \'#00B800\', \'1\')')
 3 SYSTEMPATH\Database\BaseBuilder.php(2340): CodeIgniter\Database\BaseConnection->query('INSERT INTO `horarioaula` (`id_sala`, `status`, `periodo_letivo`, `id_disciplina`, `dia_semana`, `horario`, `cor`, `professor`) VALUES (:id_sala:, :status:, :periodo_letivo:, :id_disciplina:, :dia_semana:, :horario:, :cor:, :professor:)', [...], false)
 4 SYSTEMPATH\Model.php(394): CodeIgniter\Database\BaseBuilder->insert()
 5 SYSTEMPATH\BaseModel.php(840): CodeIgniter\Model->doInsert([...])
 6 SYSTEMPATH\Model.php(802): CodeIgniter\BaseModel->insert([...], false)
 7 SYSTEMPATH\BaseModel.php(751): CodeIgniter\Model->insert([...], false)
 8 APPPATH\Controllers\HorarioAula.php(56): CodeIgniter\BaseModel->save([...])
 9 SYSTEMPATH\CodeIgniter.php(933): App\Controllers\HorarioAula->salvarHorarioAula()
10 SYSTEMPATH\CodeIgniter.php(509): CodeIgniter\CodeIgniter->runController(Object(App\Controllers\HorarioAula))
11 SYSTEMPATH\CodeIgniter.php(355): CodeIgniter\CodeIgniter->handleRequest(null, Object(Config\Cache), false)
12 SYSTEMPATH\Boot.php(325): CodeIgniter\CodeIgniter->run()
13 SYSTEMPATH\Boot.php(67): CodeIgniter\Boot::runCodeIgniter(Object(CodeIgniter\CodeIgniter))
14 FCPATH\index.php(56): CodeIgniter\Boot::bootWeb(Object(Config\Paths))
15 SYSTEMPATH\rewrite.php(44): require_once('E:\\xampp\\htdocs\\Sistema_horarios_TCC\\public\\index.php')
CRITICAL - 2024-11-22 19:00:19 --> [Caused by] mysqli_sql_exception: Table 'sistema_horarios.horarioaula' doesn't exist
in SYSTEMPATH\Database\MySQLi\Connection.php on line 312.
 1 SYSTEMPATH\Database\MySQLi\Connection.php(312): mysqli->query('INSERT INTO `horarioaula` (`id_sala`, `status`, `periodo_letivo`, `id_disciplina`, `dia_semana`, `horario`, `cor`, `professor`) VALUES (\'1\', \'ativo\', \'\', \'3\', \'2\', \'03\', \'#00B800\', \'1\')', 0)
 2 SYSTEMPATH\Database\BaseConnection.php(734): CodeIgniter\Database\MySQLi\Connection->execute('INSERT INTO `horarioaula` (`id_sala`, `status`, `periodo_letivo`, `id_disciplina`, `dia_semana`, `horario`, `cor`, `professor`) VALUES (\'1\', \'ativo\', \'\', \'3\', \'2\', \'03\', \'#00B800\', \'1\')')
 3 SYSTEMPATH\Database\BaseConnection.php(648): CodeIgniter\Database\BaseConnection->simpleQuery('INSERT INTO `horarioaula` (`id_sala`, `status`, `periodo_letivo`, `id_disciplina`, `dia_semana`, `horario`, `cor`, `professor`) VALUES (\'1\', \'ativo\', \'\', \'3\', \'2\', \'03\', \'#00B800\', \'1\')')
 4 SYSTEMPATH\Database\BaseBuilder.php(2340): CodeIgniter\Database\BaseConnection->query('INSERT INTO `horarioaula` (`id_sala`, `status`, `periodo_letivo`, `id_disciplina`, `dia_semana`, `horario`, `cor`, `professor`) VALUES (:id_sala:, :status:, :periodo_letivo:, :id_disciplina:, :dia_semana:, :horario:, :cor:, :professor:)', [...], false)
 5 SYSTEMPATH\Model.php(394): CodeIgniter\Database\BaseBuilder->insert()
 6 SYSTEMPATH\BaseModel.php(840): CodeIgniter\Model->doInsert([...])
 7 SYSTEMPATH\Model.php(802): CodeIgniter\BaseModel->insert([...], false)
 8 SYSTEMPATH\BaseModel.php(751): CodeIgniter\Model->insert([...], false)
 9 APPPATH\Controllers\HorarioAula.php(56): CodeIgniter\BaseModel->save([...])
10 SYSTEMPATH\CodeIgniter.php(933): App\Controllers\HorarioAula->salvarHorarioAula()
11 SYSTEMPATH\CodeIgniter.php(509): CodeIgniter\CodeIgniter->runController(Object(App\Controllers\HorarioAula))
12 SYSTEMPATH\CodeIgniter.php(355): CodeIgniter\CodeIgniter->handleRequest(null, Object(Config\Cache), false)
13 SYSTEMPATH\Boot.php(325): CodeIgniter\CodeIgniter->run()
14 SYSTEMPATH\Boot.php(67): CodeIgniter\Boot::runCodeIgniter(Object(CodeIgniter\CodeIgniter))
15 FCPATH\index.php(56): CodeIgniter\Boot::bootWeb(Object(Config\Paths))
16 SYSTEMPATH\rewrite.php(44): require_once('E:\\xampp\\htdocs\\Sistema_horarios_TCC\\public\\index.php')
ERROR - 2024-11-22 19:01:36 --> mysqli_sql_exception: Cannot add or update a child row: a foreign key constraint fails (`sistema_horarios`.`horario_aula`, CONSTRAINT `fk_horario_aula_turma` FOREIGN KEY (`id_turma`) REFERENCES `turma` (`codigo_turma`) ON DELETE NO ACTION ON UPDATE NO ACTION) in E:\xampp\htdocs\Sistema_horarios_TCC\system\Database\MySQLi\Connection.php:312
Stack trace:
#0 E:\xampp\htdocs\Sistema_horarios_TCC\system\Database\MySQLi\Connection.php(312): mysqli->query('INSERT INTO `ho...', 0)
#1 E:\xampp\htdocs\Sistema_horarios_TCC\system\Database\BaseConnection.php(734): CodeIgniter\Database\MySQLi\Connection->execute('INSERT INTO `ho...')
#2 E:\xampp\htdocs\Sistema_horarios_TCC\system\Database\BaseConnection.php(648): CodeIgniter\Database\BaseConnection->simpleQuery('INSERT INTO `ho...')
#3 E:\xampp\htdocs\Sistema_horarios_TCC\system\Database\BaseBuilder.php(2340): CodeIgniter\Database\BaseConnection->query('INSERT INTO `ho...', Array, false)
#4 E:\xampp\htdocs\Sistema_horarios_TCC\system\Model.php(394): CodeIgniter\Database\BaseBuilder->insert()
#5 E:\xampp\htdocs\Sistema_horarios_TCC\system\BaseModel.php(840): CodeIgniter\Model->doInsert(Array)
#6 E:\xampp\htdocs\Sistema_horarios_TCC\system\Model.php(802): CodeIgniter\BaseModel->insert(Array, false)
#7 E:\xampp\htdocs\Sistema_horarios_TCC\system\BaseModel.php(751): CodeIgniter\Model->insert(Array, false)
#8 E:\xampp\htdocs\Sistema_horarios_TCC\app\Controllers\HorarioAula.php(56): CodeIgniter\BaseModel->save(Array)
#9 E:\xampp\htdocs\Sistema_horarios_TCC\system\CodeIgniter.php(933): App\Controllers\HorarioAula->salvarHorarioAula()
#10 E:\xampp\htdocs\Sistema_horarios_TCC\system\CodeIgniter.php(509): CodeIgniter\CodeIgniter->runController(Object(App\Controllers\HorarioAula))
#11 E:\xampp\htdocs\Sistema_horarios_TCC\system\CodeIgniter.php(355): CodeIgniter\CodeIgniter->handleRequest(NULL, Object(Config\Cache), false)
#12 E:\xampp\htdocs\Sistema_horarios_TCC\system\Boot.php(325): CodeIgniter\CodeIgniter->run()
#13 E:\xampp\htdocs\Sistema_horarios_TCC\system\Boot.php(67): CodeIgniter\Boot::runCodeIgniter(Object(CodeIgniter\CodeIgniter))
#14 E:\xampp\htdocs\Sistema_horarios_TCC\public\index.php(56): CodeIgniter\Boot::bootWeb(Object(Config\Paths))
#15 E:\xampp\htdocs\Sistema_horarios_TCC\system\rewrite.php(44): require_once('E:\\xampp\\htdocs...')
#16 {main}
CRITICAL - 2024-11-22 19:01:36 --> CodeIgniter\Database\Exceptions\DatabaseException: Cannot add or update a child row: a foreign key constraint fails (`sistema_horarios`.`horario_aula`, CONSTRAINT `fk_horario_aula_turma` FOREIGN KEY (`id_turma`) REFERENCES `turma` (`codigo_turma`) ON DELETE NO ACTION ON UPDATE NO ACTION)
[Method: POST, Route: horario-aula/salvar]
in SYSTEMPATH\Database\BaseConnection.php on line 688.
 1 SYSTEMPATH\Database\BaseBuilder.php(2340): CodeIgniter\Database\BaseConnection->query('INSERT INTO `horario_aula` (`id_sala`, `status`, `periodo_letivo`, `id_disciplina`, `dia_semana`, `horario`, `cor`, `professor`) VALUES (:id_sala:, :status:, :periodo_letivo:, :id_disciplina:, :dia_semana:, :horario:, :cor:, :professor:)', [...], false)
 2 SYSTEMPATH\Model.php(394): CodeIgniter\Database\BaseBuilder->insert()
 3 SYSTEMPATH\BaseModel.php(840): CodeIgniter\Model->doInsert([...])
 4 SYSTEMPATH\Model.php(802): CodeIgniter\BaseModel->insert([...], false)
 5 SYSTEMPATH\BaseModel.php(751): CodeIgniter\Model->insert([...], false)
 6 APPPATH\Controllers\HorarioAula.php(56): CodeIgniter\BaseModel->save([...])
 7 SYSTEMPATH\CodeIgniter.php(933): App\Controllers\HorarioAula->salvarHorarioAula()
 8 SYSTEMPATH\CodeIgniter.php(509): CodeIgniter\CodeIgniter->runController(Object(App\Controllers\HorarioAula))
 9 SYSTEMPATH\CodeIgniter.php(355): CodeIgniter\CodeIgniter->handleRequest(null, Object(Config\Cache), false)
10 SYSTEMPATH\Boot.php(325): CodeIgniter\CodeIgniter->run()
11 SYSTEMPATH\Boot.php(67): CodeIgniter\Boot::runCodeIgniter(Object(CodeIgniter\CodeIgniter))
12 FCPATH\index.php(56): CodeIgniter\Boot::bootWeb(Object(Config\Paths))
13 SYSTEMPATH\rewrite.php(44): require_once('E:\\xampp\\htdocs\\Sistema_horarios_TCC\\public\\index.php')
CRITICAL - 2024-11-22 19:01:36 --> [Caused by] CodeIgniter\Database\Exceptions\DatabaseException: Cannot add or update a child row: a foreign key constraint fails (`sistema_horarios`.`horario_aula`, CONSTRAINT `fk_horario_aula_turma` FOREIGN KEY (`id_turma`) REFERENCES `turma` (`codigo_turma`) ON DELETE NO ACTION ON UPDATE NO ACTION)
in SYSTEMPATH\Database\MySQLi\Connection.php on line 317.
 1 SYSTEMPATH\Database\BaseConnection.php(734): CodeIgniter\Database\MySQLi\Connection->execute('INSERT INTO `horario_aula` (`id_sala`, `status`, `periodo_letivo`, `id_disciplina`, `dia_semana`, `horario`, `cor`, `professor`) VALUES (\'1\', \'ativo\', \'3\', \'1\', \'2\', \'03\', \'#06B1C4\', \'1\')')
 2 SYSTEMPATH\Database\BaseConnection.php(648): CodeIgniter\Database\BaseConnection->simpleQuery('INSERT INTO `horario_aula` (`id_sala`, `status`, `periodo_letivo`, `id_disciplina`, `dia_semana`, `horario`, `cor`, `professor`) VALUES (\'1\', \'ativo\', \'3\', \'1\', \'2\', \'03\', \'#06B1C4\', \'1\')')
 3 SYSTEMPATH\Database\BaseBuilder.php(2340): CodeIgniter\Database\BaseConnection->query('INSERT INTO `horario_aula` (`id_sala`, `status`, `periodo_letivo`, `id_disciplina`, `dia_semana`, `horario`, `cor`, `professor`) VALUES (:id_sala:, :status:, :periodo_letivo:, :id_disciplina:, :dia_semana:, :horario:, :cor:, :professor:)', [...], false)
 4 SYSTEMPATH\Model.php(394): CodeIgniter\Database\BaseBuilder->insert()
 5 SYSTEMPATH\BaseModel.php(840): CodeIgniter\Model->doInsert([...])
 6 SYSTEMPATH\Model.php(802): CodeIgniter\BaseModel->insert([...], false)
 7 SYSTEMPATH\BaseModel.php(751): CodeIgniter\Model->insert([...], false)
 8 APPPATH\Controllers\HorarioAula.php(56): CodeIgniter\BaseModel->save([...])
 9 SYSTEMPATH\CodeIgniter.php(933): App\Controllers\HorarioAula->salvarHorarioAula()
10 SYSTEMPATH\CodeIgniter.php(509): CodeIgniter\CodeIgniter->runController(Object(App\Controllers\HorarioAula))
11 SYSTEMPATH\CodeIgniter.php(355): CodeIgniter\CodeIgniter->handleRequest(null, Object(Config\Cache), false)
12 SYSTEMPATH\Boot.php(325): CodeIgniter\CodeIgniter->run()
13 SYSTEMPATH\Boot.php(67): CodeIgniter\Boot::runCodeIgniter(Object(CodeIgniter\CodeIgniter))
14 FCPATH\index.php(56): CodeIgniter\Boot::bootWeb(Object(Config\Paths))
15 SYSTEMPATH\rewrite.php(44): require_once('E:\\xampp\\htdocs\\Sistema_horarios_TCC\\public\\index.php')
CRITICAL - 2024-11-22 19:01:36 --> [Caused by] mysqli_sql_exception: Cannot add or update a child row: a foreign key constraint fails (`sistema_horarios`.`horario_aula`, CONSTRAINT `fk_horario_aula_turma` FOREIGN KEY (`id_turma`) REFERENCES `turma` (`codigo_turma`) ON DELETE NO ACTION ON UPDATE NO ACTION)
in SYSTEMPATH\Database\MySQLi\Connection.php on line 312.
 1 SYSTEMPATH\Database\MySQLi\Connection.php(312): mysqli->query('INSERT INTO `horario_aula` (`id_sala`, `status`, `periodo_letivo`, `id_disciplina`, `dia_semana`, `horario`, `cor`, `professor`) VALUES (\'1\', \'ativo\', \'3\', \'1\', \'2\', \'03\', \'#06B1C4\', \'1\')', 0)
 2 SYSTEMPATH\Database\BaseConnection.php(734): CodeIgniter\Database\MySQLi\Connection->execute('INSERT INTO `horario_aula` (`id_sala`, `status`, `periodo_letivo`, `id_disciplina`, `dia_semana`, `horario`, `cor`, `professor`) VALUES (\'1\', \'ativo\', \'3\', \'1\', \'2\', \'03\', \'#06B1C4\', \'1\')')
 3 SYSTEMPATH\Database\BaseConnection.php(648): CodeIgniter\Database\BaseConnection->simpleQuery('INSERT INTO `horario_aula` (`id_sala`, `status`, `periodo_letivo`, `id_disciplina`, `dia_semana`, `horario`, `cor`, `professor`) VALUES (\'1\', \'ativo\', \'3\', \'1\', \'2\', \'03\', \'#06B1C4\', \'1\')')
 4 SYSTEMPATH\Database\BaseBuilder.php(2340): CodeIgniter\Database\BaseConnection->query('INSERT INTO `horario_aula` (`id_sala`, `status`, `periodo_letivo`, `id_disciplina`, `dia_semana`, `horario`, `cor`, `professor`) VALUES (:id_sala:, :status:, :periodo_letivo:, :id_disciplina:, :dia_semana:, :horario:, :cor:, :professor:)', [...], false)
 5 SYSTEMPATH\Model.php(394): CodeIgniter\Database\BaseBuilder->insert()
 6 SYSTEMPATH\BaseModel.php(840): CodeIgniter\Model->doInsert([...])
 7 SYSTEMPATH\Model.php(802): CodeIgniter\BaseModel->insert([...], false)
 8 SYSTEMPATH\BaseModel.php(751): CodeIgniter\Model->insert([...], false)
 9 APPPATH\Controllers\HorarioAula.php(56): CodeIgniter\BaseModel->save([...])
10 SYSTEMPATH\CodeIgniter.php(933): App\Controllers\HorarioAula->salvarHorarioAula()
11 SYSTEMPATH\CodeIgniter.php(509): CodeIgniter\CodeIgniter->runController(Object(App\Controllers\HorarioAula))
12 SYSTEMPATH\CodeIgniter.php(355): CodeIgniter\CodeIgniter->handleRequest(null, Object(Config\Cache), false)
13 SYSTEMPATH\Boot.php(325): CodeIgniter\CodeIgniter->run()
14 SYSTEMPATH\Boot.php(67): CodeIgniter\Boot::runCodeIgniter(Object(CodeIgniter\CodeIgniter))
15 FCPATH\index.php(56): CodeIgniter\Boot::bootWeb(Object(Config\Paths))
16 SYSTEMPATH\rewrite.php(44): require_once('E:\\xampp\\htdocs\\Sistema_horarios_TCC\\public\\index.php')
ERROR - 2024-11-22 19:04:15 --> mysqli_sql_exception: Cannot add or update a child row: a foreign key constraint fails (`sistema_horarios`.`horario_aula`, CONSTRAINT `fk_horario_aula_turma` FOREIGN KEY (`codigo_turma`) REFERENCES `turma` (`codigo_turma`) ON DELETE NO ACTION ON UPDATE NO ACTION) in E:\xampp\htdocs\Sistema_horarios_TCC\system\Database\MySQLi\Connection.php:312
Stack trace:
#0 E:\xampp\htdocs\Sistema_horarios_TCC\system\Database\MySQLi\Connection.php(312): mysqli->query('INSERT INTO `ho...', 0)
#1 E:\xampp\htdocs\Sistema_horarios_TCC\system\Database\BaseConnection.php(734): CodeIgniter\Database\MySQLi\Connection->execute('INSERT INTO `ho...')
#2 E:\xampp\htdocs\Sistema_horarios_TCC\system\Database\BaseConnection.php(648): CodeIgniter\Database\BaseConnection->simpleQuery('INSERT INTO `ho...')
#3 E:\xampp\htdocs\Sistema_horarios_TCC\system\Database\BaseBuilder.php(2340): CodeIgniter\Database\BaseConnection->query('INSERT INTO `ho...', Array, false)
#4 E:\xampp\htdocs\Sistema_horarios_TCC\system\Model.php(394): CodeIgniter\Database\BaseBuilder->insert()
#5 E:\xampp\htdocs\Sistema_horarios_TCC\system\BaseModel.php(840): CodeIgniter\Model->doInsert(Array)
#6 E:\xampp\htdocs\Sistema_horarios_TCC\system\Model.php(802): CodeIgniter\BaseModel->insert(Array, false)
#7 E:\xampp\htdocs\Sistema_horarios_TCC\system\BaseModel.php(751): CodeIgniter\Model->insert(Array, false)
#8 E:\xampp\htdocs\Sistema_horarios_TCC\app\Controllers\HorarioAula.php(56): CodeIgniter\BaseModel->save(Array)
#9 E:\xampp\htdocs\Sistema_horarios_TCC\system\CodeIgniter.php(933): App\Controllers\HorarioAula->salvarHorarioAula()
#10 E:\xampp\htdocs\Sistema_horarios_TCC\system\CodeIgniter.php(509): CodeIgniter\CodeIgniter->runController(Object(App\Controllers\HorarioAula))
#11 E:\xampp\htdocs\Sistema_horarios_TCC\system\CodeIgniter.php(355): CodeIgniter\CodeIgniter->handleRequest(NULL, Object(Config\Cache), false)
#12 E:\xampp\htdocs\Sistema_horarios_TCC\system\Boot.php(325): CodeIgniter\CodeIgniter->run()
#13 E:\xampp\htdocs\Sistema_horarios_TCC\system\Boot.php(67): CodeIgniter\Boot::runCodeIgniter(Object(CodeIgniter\CodeIgniter))
#14 E:\xampp\htdocs\Sistema_horarios_TCC\public\index.php(56): CodeIgniter\Boot::bootWeb(Object(Config\Paths))
#15 E:\xampp\htdocs\Sistema_horarios_TCC\system\rewrite.php(44): require_once('E:\\xampp\\htdocs...')
#16 {main}
CRITICAL - 2024-11-22 19:04:15 --> CodeIgniter\Database\Exceptions\DatabaseException: Cannot add or update a child row: a foreign key constraint fails (`sistema_horarios`.`horario_aula`, CONSTRAINT `fk_horario_aula_turma` FOREIGN KEY (`codigo_turma`) REFERENCES `turma` (`codigo_turma`) ON DELETE NO ACTION ON UPDATE NO ACTION)
[Method: POST, Route: horario-aula/salvar]
in SYSTEMPATH\Database\BaseConnection.php on line 688.
 1 SYSTEMPATH\Database\BaseBuilder.php(2340): CodeIgniter\Database\BaseConnection->query('INSERT INTO `horario_aula` (`id_sala`, `status`, `periodo_letivo`, `id_disciplina`, `dia_semana`, `horario`, `cor`, `professor`) VALUES (:id_sala:, :status:, :periodo_letivo:, :id_disciplina:, :dia_semana:, :horario:, :cor:, :professor:)', [...], false)
 2 SYSTEMPATH\Model.php(394): CodeIgniter\Database\BaseBuilder->insert()
 3 SYSTEMPATH\BaseModel.php(840): CodeIgniter\Model->doInsert([...])
 4 SYSTEMPATH\Model.php(802): CodeIgniter\BaseModel->insert([...], false)
 5 SYSTEMPATH\BaseModel.php(751): CodeIgniter\Model->insert([...], false)
 6 APPPATH\Controllers\HorarioAula.php(56): CodeIgniter\BaseModel->save([...])
 7 SYSTEMPATH\CodeIgniter.php(933): App\Controllers\HorarioAula->salvarHorarioAula()
 8 SYSTEMPATH\CodeIgniter.php(509): CodeIgniter\CodeIgniter->runController(Object(App\Controllers\HorarioAula))
 9 SYSTEMPATH\CodeIgniter.php(355): CodeIgniter\CodeIgniter->handleRequest(null, Object(Config\Cache), false)
10 SYSTEMPATH\Boot.php(325): CodeIgniter\CodeIgniter->run()
11 SYSTEMPATH\Boot.php(67): CodeIgniter\Boot::runCodeIgniter(Object(CodeIgniter\CodeIgniter))
12 FCPATH\index.php(56): CodeIgniter\Boot::bootWeb(Object(Config\Paths))
13 SYSTEMPATH\rewrite.php(44): require_once('E:\\xampp\\htdocs\\Sistema_horarios_TCC\\public\\index.php')
CRITICAL - 2024-11-22 19:04:15 --> [Caused by] CodeIgniter\Database\Exceptions\DatabaseException: Cannot add or update a child row: a foreign key constraint fails (`sistema_horarios`.`horario_aula`, CONSTRAINT `fk_horario_aula_turma` FOREIGN KEY (`codigo_turma`) REFERENCES `turma` (`codigo_turma`) ON DELETE NO ACTION ON UPDATE NO ACTION)
in SYSTEMPATH\Database\MySQLi\Connection.php on line 317.
 1 SYSTEMPATH\Database\BaseConnection.php(734): CodeIgniter\Database\MySQLi\Connection->execute('INSERT INTO `horario_aula` (`id_sala`, `status`, `periodo_letivo`, `id_disciplina`, `dia_semana`, `horario`, `cor`, `professor`) VALUES (\'1\', \'ativo\', \'3\', \'1\', \'2\', \'03\', \'#06B1C4\', \'1\')')
 2 SYSTEMPATH\Database\BaseConnection.php(648): CodeIgniter\Database\BaseConnection->simpleQuery('INSERT INTO `horario_aula` (`id_sala`, `status`, `periodo_letivo`, `id_disciplina`, `dia_semana`, `horario`, `cor`, `professor`) VALUES (\'1\', \'ativo\', \'3\', \'1\', \'2\', \'03\', \'#06B1C4\', \'1\')')
 3 SYSTEMPATH\Database\BaseBuilder.php(2340): CodeIgniter\Database\BaseConnection->query('INSERT INTO `horario_aula` (`id_sala`, `status`, `periodo_letivo`, `id_disciplina`, `dia_semana`, `horario`, `cor`, `professor`) VALUES (:id_sala:, :status:, :periodo_letivo:, :id_disciplina:, :dia_semana:, :horario:, :cor:, :professor:)', [...], false)
 4 SYSTEMPATH\Model.php(394): CodeIgniter\Database\BaseBuilder->insert()
 5 SYSTEMPATH\BaseModel.php(840): CodeIgniter\Model->doInsert([...])
 6 SYSTEMPATH\Model.php(802): CodeIgniter\BaseModel->insert([...], false)
 7 SYSTEMPATH\BaseModel.php(751): CodeIgniter\Model->insert([...], false)
 8 APPPATH\Controllers\HorarioAula.php(56): CodeIgniter\BaseModel->save([...])
 9 SYSTEMPATH\CodeIgniter.php(933): App\Controllers\HorarioAula->salvarHorarioAula()
10 SYSTEMPATH\CodeIgniter.php(509): CodeIgniter\CodeIgniter->runController(Object(App\Controllers\HorarioAula))
11 SYSTEMPATH\CodeIgniter.php(355): CodeIgniter\CodeIgniter->handleRequest(null, Object(Config\Cache), false)
12 SYSTEMPATH\Boot.php(325): CodeIgniter\CodeIgniter->run()
13 SYSTEMPATH\Boot.php(67): CodeIgniter\Boot::runCodeIgniter(Object(CodeIgniter\CodeIgniter))
14 FCPATH\index.php(56): CodeIgniter\Boot::bootWeb(Object(Config\Paths))
15 SYSTEMPATH\rewrite.php(44): require_once('E:\\xampp\\htdocs\\Sistema_horarios_TCC\\public\\index.php')
CRITICAL - 2024-11-22 19:04:15 --> [Caused by] mysqli_sql_exception: Cannot add or update a child row: a foreign key constraint fails (`sistema_horarios`.`horario_aula`, CONSTRAINT `fk_horario_aula_turma` FOREIGN KEY (`codigo_turma`) REFERENCES `turma` (`codigo_turma`) ON DELETE NO ACTION ON UPDATE NO ACTION)
in SYSTEMPATH\Database\MySQLi\Connection.php on line 312.
 1 SYSTEMPATH\Database\MySQLi\Connection.php(312): mysqli->query('INSERT INTO `horario_aula` (`id_sala`, `status`, `periodo_letivo`, `id_disciplina`, `dia_semana`, `horario`, `cor`, `professor`) VALUES (\'1\', \'ativo\', \'3\', \'1\', \'2\', \'03\', \'#06B1C4\', \'1\')', 0)
 2 SYSTEMPATH\Database\BaseConnection.php(734): CodeIgniter\Database\MySQLi\Connection->execute('INSERT INTO `horario_aula` (`id_sala`, `status`, `periodo_letivo`, `id_disciplina`, `dia_semana`, `horario`, `cor`, `professor`) VALUES (\'1\', \'ativo\', \'3\', \'1\', \'2\', \'03\', \'#06B1C4\', \'1\')')
 3 SYSTEMPATH\Database\BaseConnection.php(648): CodeIgniter\Database\BaseConnection->simpleQuery('INSERT INTO `horario_aula` (`id_sala`, `status`, `periodo_letivo`, `id_disciplina`, `dia_semana`, `horario`, `cor`, `professor`) VALUES (\'1\', \'ativo\', \'3\', \'1\', \'2\', \'03\', \'#06B1C4\', \'1\')')
 4 SYSTEMPATH\Database\BaseBuilder.php(2340): CodeIgniter\Database\BaseConnection->query('INSERT INTO `horario_aula` (`id_sala`, `status`, `periodo_letivo`, `id_disciplina`, `dia_semana`, `horario`, `cor`, `professor`) VALUES (:id_sala:, :status:, :periodo_letivo:, :id_disciplina:, :dia_semana:, :horario:, :cor:, :professor:)', [...], false)
 5 SYSTEMPATH\Model.php(394): CodeIgniter\Database\BaseBuilder->insert()
 6 SYSTEMPATH\BaseModel.php(840): CodeIgniter\Model->doInsert([...])
 7 SYSTEMPATH\Model.php(802): CodeIgniter\BaseModel->insert([...], false)
 8 SYSTEMPATH\BaseModel.php(751): CodeIgniter\Model->insert([...], false)
 9 APPPATH\Controllers\HorarioAula.php(56): CodeIgniter\BaseModel->save([...])
10 SYSTEMPATH\CodeIgniter.php(933): App\Controllers\HorarioAula->salvarHorarioAula()
11 SYSTEMPATH\CodeIgniter.php(509): CodeIgniter\CodeIgniter->runController(Object(App\Controllers\HorarioAula))
12 SYSTEMPATH\CodeIgniter.php(355): CodeIgniter\CodeIgniter->handleRequest(null, Object(Config\Cache), false)
13 SYSTEMPATH\Boot.php(325): CodeIgniter\CodeIgniter->run()
14 SYSTEMPATH\Boot.php(67): CodeIgniter\Boot::runCodeIgniter(Object(CodeIgniter\CodeIgniter))
15 FCPATH\index.php(56): CodeIgniter\Boot::bootWeb(Object(Config\Paths))
16 SYSTEMPATH\rewrite.php(44): require_once('E:\\xampp\\htdocs\\Sistema_horarios_TCC\\public\\index.php')
INFO - 2024-11-22 19:07:25 --> Evento recebido: {"id_sala":"1","codigo_turma":"110A","status":"ativo","periodo_letivo":"","id_disciplina":null,"dia_semana":"1","horario":"04","cor":"8FFE09","professor":"1"}
INFO - 2024-11-22 19:07:25 --> Evento recebido: {"id_sala":"1","codigo_turma":"110A","status":"ativo","periodo_letivo":"","id_disciplina":"3","dia_semana":"4","horario":"04","cor":"#00B800","professor":"1"}
INFO - 2024-11-22 19:07:25 --> Evento recebido: {"id_sala":"1","codigo_turma":"110A","status":"ativo","periodo_letivo":"","id_disciplina":"2","dia_semana":"3","horario":"04","cor":"#E12120","professor":"1"}
INFO - 2024-11-22 19:15:35 --> Evento recebido: {"id_sala":"1","codigo_turma":"110A","status":"ativo","periodo_letivo":"3","id_disciplina":"2","dia_semana":"1","horario":"03","cor":"#E12120","professor":"1"}
INFO - 2024-11-22 19:15:35 --> Evento recebido: {"id_sala":"1","codigo_turma":"110A","status":"ativo","periodo_letivo":"3","id_disciplina":"13","dia_semana":"3","horario":"07","cor":"#E56E24","professor":"1"}
INFO - 2024-11-22 19:15:35 --> Evento recebido: {"id_sala":"1","codigo_turma":"110A","status":"ativo","periodo_letivo":"3","id_disciplina":"1","dia_semana":"6","horario":"01","cor":"#06B1C4","professor":"1"}
