CRITICAL - 2024-11-25 13:56:52 --> ErrorException: Undefined array key "id_sala"
[Method: GET, Route: horario-aula/editar/110A]
in APPPATH\Controllers\HorarioAula.php on line 115.
 1 APPPATH\Controllers\HorarioAula.php(115): CodeIgniter\Debug\Exceptions->errorHandler(2, 'Undefined array key "id_sala"', 'E:\\xampp\\htdocs\\Sistema_horarios_TCC\\app\\Controllers\\HorarioAula.php', 115)
 2 SYSTEMPATH\CodeIgniter.php(933): App\Controllers\HorarioAula->editarHorarioAula('110A')
 3 SYSTEMPATH\CodeIgniter.php(509): CodeIgniter\CodeIgniter->runController(Object(App\Controllers\HorarioAula))
 4 SYSTEMPATH\CodeIgniter.php(355): CodeIgniter\CodeIgniter->handleRequest(null, Object(Config\Cache), false)
 5 SYSTEMPATH\Boot.php(325): CodeIgniter\CodeIgniter->run()
 6 SYSTEMPATH\Boot.php(67): CodeIgniter\Boot::runCodeIgniter(Object(CodeIgniter\CodeIgniter))
 7 FCPATH\index.php(56): CodeIgniter\Boot::bootWeb(Object(Config\Paths))
 8 SYSTEMPATH\rewrite.php(44): require_once('E:\\xampp\\htdocs\\Sistema_horarios_TCC\\public\\index.php')
CRITICAL - 2024-11-25 14:26:20 --> ArgumentCountError: Too few arguments to function App\Controllers\HorarioAula::carregarHorarios(), 0 passed in E:\xampp\htdocs\Sistema_horarios_TCC\system\CodeIgniter.php on line 933 and exactly 1 expected
[Method: GET, Route: horario-aula/carregar-horarios]
in APPPATH\Controllers\HorarioAula.php on line 119.
 1 SYSTEMPATH\CodeIgniter.php(933): App\Controllers\HorarioAula->carregarHorarios()
 2 SYSTEMPATH\CodeIgniter.php(509): CodeIgniter\CodeIgniter->runController(Object(App\Controllers\HorarioAula))
 3 SYSTEMPATH\CodeIgniter.php(355): CodeIgniter\CodeIgniter->handleRequest(null, Object(Config\Cache), false)
 4 SYSTEMPATH\Boot.php(325): CodeIgniter\CodeIgniter->run()
 5 SYSTEMPATH\Boot.php(67): CodeIgniter\Boot::runCodeIgniter(Object(CodeIgniter\CodeIgniter))
 6 FCPATH\index.php(56): CodeIgniter\Boot::bootWeb(Object(Config\Paths))
 7 SYSTEMPATH\rewrite.php(44): require_once('E:\\xampp\\htdocs\\Sistema_horarios_TCC\\public\\index.php')
CRITICAL - 2024-11-25 14:51:53 --> ErrorException: Undefined array key "ch_semanal"
[Method: GET, Route: horario-aula/carregar-horarios/110A]
in APPPATH\Controllers\HorarioAula.php on line 141.
 1 APPPATH\Controllers\HorarioAula.php(141): CodeIgniter\Debug\Exceptions->errorHandler(2, 'Undefined array key "ch_semanal"', 'E:\\xampp\\htdocs\\Sistema_horarios_TCC\\app\\Controllers\\HorarioAula.php', 141)
 2 SYSTEMPATH\CodeIgniter.php(933): App\Controllers\HorarioAula->carregarHorarios('110A')
 3 SYSTEMPATH\CodeIgniter.php(509): CodeIgniter\CodeIgniter->runController(Object(App\Controllers\HorarioAula))
 4 SYSTEMPATH\CodeIgniter.php(355): CodeIgniter\CodeIgniter->handleRequest(null, Object(Config\Cache), false)
 5 SYSTEMPATH\Boot.php(325): CodeIgniter\CodeIgniter->run()
 6 SYSTEMPATH\Boot.php(67): CodeIgniter\Boot::runCodeIgniter(Object(CodeIgniter\CodeIgniter))
 7 FCPATH\index.php(56): CodeIgniter\Boot::bootWeb(Object(Config\Paths))
 8 SYSTEMPATH\rewrite.php(44): require_once('E:\\xampp\\htdocs\\Sistema_horarios_TCC\\public\\index.php')
ERROR - 2024-11-25 15:36:11 --> mysqli_sql_exception: Cannot add or update a child row: a foreign key constraint fails (`sistema_horarios`.`horario_aula`, CONSTRAINT `fk_horario_aula_usuario` FOREIGN KEY (`professor`) REFERENCES `usuario` (`id_usuario`) ON DELETE NO ACTION ON UPDATE NO ACTION) in E:\xampp\htdocs\Sistema_horarios_TCC\system\Database\MySQLi\Connection.php:312
Stack trace:
#0 E:\xampp\htdocs\Sistema_horarios_TCC\system\Database\MySQLi\Connection.php(312): mysqli->query('INSERT INTO `ho...', 0)
#1 E:\xampp\htdocs\Sistema_horarios_TCC\system\Database\BaseConnection.php(734): CodeIgniter\Database\MySQLi\Connection->execute('INSERT INTO `ho...')
#2 E:\xampp\htdocs\Sistema_horarios_TCC\system\Database\BaseConnection.php(648): CodeIgniter\Database\BaseConnection->simpleQuery('INSERT INTO `ho...')
#3 E:\xampp\htdocs\Sistema_horarios_TCC\system\Database\BaseBuilder.php(2340): CodeIgniter\Database\BaseConnection->query('INSERT INTO `ho...', Array, false)
#4 E:\xampp\htdocs\Sistema_horarios_TCC\system\Model.php(394): CodeIgniter\Database\BaseBuilder->insert()
#5 E:\xampp\htdocs\Sistema_horarios_TCC\system\BaseModel.php(840): CodeIgniter\Model->doInsert(Array)
#6 E:\xampp\htdocs\Sistema_horarios_TCC\system\Model.php(802): CodeIgniter\BaseModel->insert(Array, false)
#7 E:\xampp\htdocs\Sistema_horarios_TCC\system\BaseModel.php(751): CodeIgniter\Model->insert(Array, false)
#8 E:\xampp\htdocs\Sistema_horarios_TCC\app\Controllers\HorarioAula.php(78): CodeIgniter\BaseModel->save(Array)
#9 E:\xampp\htdocs\Sistema_horarios_TCC\system\CodeIgniter.php(933): App\Controllers\HorarioAula->salvarHorarioAula()
#10 E:\xampp\htdocs\Sistema_horarios_TCC\system\CodeIgniter.php(509): CodeIgniter\CodeIgniter->runController(Object(App\Controllers\HorarioAula))
#11 E:\xampp\htdocs\Sistema_horarios_TCC\system\CodeIgniter.php(355): CodeIgniter\CodeIgniter->handleRequest(NULL, Object(Config\Cache), false)
#12 E:\xampp\htdocs\Sistema_horarios_TCC\system\Boot.php(325): CodeIgniter\CodeIgniter->run()
#13 E:\xampp\htdocs\Sistema_horarios_TCC\system\Boot.php(67): CodeIgniter\Boot::runCodeIgniter(Object(CodeIgniter\CodeIgniter))
#14 E:\xampp\htdocs\Sistema_horarios_TCC\public\index.php(56): CodeIgniter\Boot::bootWeb(Object(Config\Paths))
#15 E:\xampp\htdocs\Sistema_horarios_TCC\system\rewrite.php(44): require_once('E:\\xampp\\htdocs...')
#16 {main}
CRITICAL - 2024-11-25 15:36:11 --> CodeIgniter\Database\Exceptions\DatabaseException: Cannot add or update a child row: a foreign key constraint fails (`sistema_horarios`.`horario_aula`, CONSTRAINT `fk_horario_aula_usuario` FOREIGN KEY (`professor`) REFERENCES `usuario` (`id_usuario`) ON DELETE NO ACTION ON UPDATE NO ACTION)
[Method: POST, Route: horario-aula/salvar]
in SYSTEMPATH\Database\BaseConnection.php on line 688.
 1 SYSTEMPATH\Database\BaseBuilder.php(2340): CodeIgniter\Database\BaseConnection->query('INSERT INTO `horario_aula` (`id_horario_aula`, `id_sala`, `codigo_turma`, `status`, `periodo_letivo`, `id_disciplina`, `dia_semana`, `horario`, `cor`, `professor`) VALUES (:id_horario_aula:, :id_sala:, :codigo_turma:, :status:, :periodo_letivo:, :id_disciplina:, :dia_semana:, :horario:, :cor:, :professor:)', [...], false)
 2 SYSTEMPATH\Model.php(394): CodeIgniter\Database\BaseBuilder->insert()
 3 SYSTEMPATH\BaseModel.php(840): CodeIgniter\Model->doInsert([...])
 4 SYSTEMPATH\Model.php(802): CodeIgniter\BaseModel->insert([...], false)
 5 SYSTEMPATH\BaseModel.php(751): CodeIgniter\Model->insert([...], false)
 6 APPPATH\Controllers\HorarioAula.php(78): CodeIgniter\BaseModel->save([...])
 7 SYSTEMPATH\CodeIgniter.php(933): App\Controllers\HorarioAula->salvarHorarioAula()
 8 SYSTEMPATH\CodeIgniter.php(509): CodeIgniter\CodeIgniter->runController(Object(App\Controllers\HorarioAula))
 9 SYSTEMPATH\CodeIgniter.php(355): CodeIgniter\CodeIgniter->handleRequest(null, Object(Config\Cache), false)
10 SYSTEMPATH\Boot.php(325): CodeIgniter\CodeIgniter->run()
11 SYSTEMPATH\Boot.php(67): CodeIgniter\Boot::runCodeIgniter(Object(CodeIgniter\CodeIgniter))
12 FCPATH\index.php(56): CodeIgniter\Boot::bootWeb(Object(Config\Paths))
13 SYSTEMPATH\rewrite.php(44): require_once('E:\\xampp\\htdocs\\Sistema_horarios_TCC\\public\\index.php')
CRITICAL - 2024-11-25 15:36:11 --> [Caused by] CodeIgniter\Database\Exceptions\DatabaseException: Cannot add or update a child row: a foreign key constraint fails (`sistema_horarios`.`horario_aula`, CONSTRAINT `fk_horario_aula_usuario` FOREIGN KEY (`professor`) REFERENCES `usuario` (`id_usuario`) ON DELETE NO ACTION ON UPDATE NO ACTION)
in SYSTEMPATH\Database\MySQLi\Connection.php on line 317.
 1 SYSTEMPATH\Database\BaseConnection.php(734): CodeIgniter\Database\MySQLi\Connection->execute('INSERT INTO `horario_aula` (`id_horario_aula`, `id_sala`, `codigo_turma`, `status`, `periodo_letivo`, `id_disciplina`, `dia_semana`, `horario`, `cor`, `professor`) VALUES (\'20241125153611\', \'1\', \'098A\', \'ativo\', \'\', \'10\', 1, 2, \'#74a0e7\', \'Sem professor\')')
 2 SYSTEMPATH\Database\BaseConnection.php(648): CodeIgniter\Database\BaseConnection->simpleQuery('INSERT INTO `horario_aula` (`id_horario_aula`, `id_sala`, `codigo_turma`, `status`, `periodo_letivo`, `id_disciplina`, `dia_semana`, `horario`, `cor`, `professor`) VALUES (\'20241125153611\', \'1\', \'098A\', \'ativo\', \'\', \'10\', 1, 2, \'#74a0e7\', \'Sem professor\')')
 3 SYSTEMPATH\Database\BaseBuilder.php(2340): CodeIgniter\Database\BaseConnection->query('INSERT INTO `horario_aula` (`id_horario_aula`, `id_sala`, `codigo_turma`, `status`, `periodo_letivo`, `id_disciplina`, `dia_semana`, `horario`, `cor`, `professor`) VALUES (:id_horario_aula:, :id_sala:, :codigo_turma:, :status:, :periodo_letivo:, :id_disciplina:, :dia_semana:, :horario:, :cor:, :professor:)', [...], false)
 4 SYSTEMPATH\Model.php(394): CodeIgniter\Database\BaseBuilder->insert()
 5 SYSTEMPATH\BaseModel.php(840): CodeIgniter\Model->doInsert([...])
 6 SYSTEMPATH\Model.php(802): CodeIgniter\BaseModel->insert([...], false)
 7 SYSTEMPATH\BaseModel.php(751): CodeIgniter\Model->insert([...], false)
 8 APPPATH\Controllers\HorarioAula.php(78): CodeIgniter\BaseModel->save([...])
 9 SYSTEMPATH\CodeIgniter.php(933): App\Controllers\HorarioAula->salvarHorarioAula()
10 SYSTEMPATH\CodeIgniter.php(509): CodeIgniter\CodeIgniter->runController(Object(App\Controllers\HorarioAula))
11 SYSTEMPATH\CodeIgniter.php(355): CodeIgniter\CodeIgniter->handleRequest(null, Object(Config\Cache), false)
12 SYSTEMPATH\Boot.php(325): CodeIgniter\CodeIgniter->run()
13 SYSTEMPATH\Boot.php(67): CodeIgniter\Boot::runCodeIgniter(Object(CodeIgniter\CodeIgniter))
14 FCPATH\index.php(56): CodeIgniter\Boot::bootWeb(Object(Config\Paths))
15 SYSTEMPATH\rewrite.php(44): require_once('E:\\xampp\\htdocs\\Sistema_horarios_TCC\\public\\index.php')
CRITICAL - 2024-11-25 15:36:11 --> [Caused by] mysqli_sql_exception: Cannot add or update a child row: a foreign key constraint fails (`sistema_horarios`.`horario_aula`, CONSTRAINT `fk_horario_aula_usuario` FOREIGN KEY (`professor`) REFERENCES `usuario` (`id_usuario`) ON DELETE NO ACTION ON UPDATE NO ACTION)
in SYSTEMPATH\Database\MySQLi\Connection.php on line 312.
 1 SYSTEMPATH\Database\MySQLi\Connection.php(312): mysqli->query('INSERT INTO `horario_aula` (`id_horario_aula`, `id_sala`, `codigo_turma`, `status`, `periodo_letivo`, `id_disciplina`, `dia_semana`, `horario`, `cor`, `professor`) VALUES (\'20241125153611\', \'1\', \'098A\', \'ativo\', \'\', \'10\', 1, 2, \'#74a0e7\', \'Sem professor\')', 0)
 2 SYSTEMPATH\Database\BaseConnection.php(734): CodeIgniter\Database\MySQLi\Connection->execute('INSERT INTO `horario_aula` (`id_horario_aula`, `id_sala`, `codigo_turma`, `status`, `periodo_letivo`, `id_disciplina`, `dia_semana`, `horario`, `cor`, `professor`) VALUES (\'20241125153611\', \'1\', \'098A\', \'ativo\', \'\', \'10\', 1, 2, \'#74a0e7\', \'Sem professor\')')
 3 SYSTEMPATH\Database\BaseConnection.php(648): CodeIgniter\Database\BaseConnection->simpleQuery('INSERT INTO `horario_aula` (`id_horario_aula`, `id_sala`, `codigo_turma`, `status`, `periodo_letivo`, `id_disciplina`, `dia_semana`, `horario`, `cor`, `professor`) VALUES (\'20241125153611\', \'1\', \'098A\', \'ativo\', \'\', \'10\', 1, 2, \'#74a0e7\', \'Sem professor\')')
 4 SYSTEMPATH\Database\BaseBuilder.php(2340): CodeIgniter\Database\BaseConnection->query('INSERT INTO `horario_aula` (`id_horario_aula`, `id_sala`, `codigo_turma`, `status`, `periodo_letivo`, `id_disciplina`, `dia_semana`, `horario`, `cor`, `professor`) VALUES (:id_horario_aula:, :id_sala:, :codigo_turma:, :status:, :periodo_letivo:, :id_disciplina:, :dia_semana:, :horario:, :cor:, :professor:)', [...], false)
 5 SYSTEMPATH\Model.php(394): CodeIgniter\Database\BaseBuilder->insert()
 6 SYSTEMPATH\BaseModel.php(840): CodeIgniter\Model->doInsert([...])
 7 SYSTEMPATH\Model.php(802): CodeIgniter\BaseModel->insert([...], false)
 8 SYSTEMPATH\BaseModel.php(751): CodeIgniter\Model->insert([...], false)
 9 APPPATH\Controllers\HorarioAula.php(78): CodeIgniter\BaseModel->save([...])
10 SYSTEMPATH\CodeIgniter.php(933): App\Controllers\HorarioAula->salvarHorarioAula()
11 SYSTEMPATH\CodeIgniter.php(509): CodeIgniter\CodeIgniter->runController(Object(App\Controllers\HorarioAula))
12 SYSTEMPATH\CodeIgniter.php(355): CodeIgniter\CodeIgniter->handleRequest(null, Object(Config\Cache), false)
13 SYSTEMPATH\Boot.php(325): CodeIgniter\CodeIgniter->run()
14 SYSTEMPATH\Boot.php(67): CodeIgniter\Boot::runCodeIgniter(Object(CodeIgniter\CodeIgniter))
15 FCPATH\index.php(56): CodeIgniter\Boot::bootWeb(Object(Config\Paths))
16 SYSTEMPATH\rewrite.php(44): require_once('E:\\xampp\\htdocs\\Sistema_horarios_TCC\\public\\index.php')
CRITICAL - 2024-11-25 17:50:38 --> ErrorException: Undefined variable $data
[Method: GET, Route: horario-aula]
in APPPATH\Views\horario_aula.php on line 40.
 1 APPPATH\Views\horario_aula.php(40): CodeIgniter\Debug\Exceptions->errorHandler(2, 'Undefined variable $data', 'E:\\xampp\\htdocs\\Sistema_horarios_TCC\\app\\Views\\horario_aula.php', 40)
 2 SYSTEMPATH\View\View.php(234): include('E:\\xampp\\htdocs\\Sistema_horarios_TCC\\app\\Views\\horario_aula.php')
 3 SYSTEMPATH\View\View.php(237): CodeIgniter\View\View->CodeIgniter\View\{closure}()
 4 SYSTEMPATH\Common.php(1171): CodeIgniter\View\View->render('horario_aula', [], true)
 5 APPPATH\Controllers\HorarioAula.php(57): view('horario_aula', [...])
 6 SYSTEMPATH\CodeIgniter.php(933): App\Controllers\HorarioAula->horarioAula()
 7 SYSTEMPATH\CodeIgniter.php(509): CodeIgniter\CodeIgniter->runController(Object(App\Controllers\HorarioAula))
 8 SYSTEMPATH\CodeIgniter.php(355): CodeIgniter\CodeIgniter->handleRequest(null, Object(Config\Cache), false)
 9 SYSTEMPATH\Boot.php(325): CodeIgniter\CodeIgniter->run()
10 SYSTEMPATH\Boot.php(67): CodeIgniter\Boot::runCodeIgniter(Object(CodeIgniter\CodeIgniter))
11 FCPATH\index.php(56): CodeIgniter\Boot::bootWeb(Object(Config\Paths))
12 SYSTEMPATH\rewrite.php(44): require_once('E:\\xampp\\htdocs\\Sistema_horarios_TCC\\public\\index.php')
CRITICAL - 2024-11-25 18:05:27 --> ErrorException: Undefined variable $salas
[Method: GET, Route: horario-aula/editar/110A]
in APPPATH\Views\horario_aula.php on line 118.
 1 APPPATH\Views\horario_aula.php(118): CodeIgniter\Debug\Exceptions->errorHandler(2, 'Undefined variable $salas', 'E:\\xampp\\htdocs\\Sistema_horarios_TCC\\app\\Views\\horario_aula.php', 118)
 2 SYSTEMPATH\View\View.php(234): include('E:\\xampp\\htdocs\\Sistema_horarios_TCC\\app\\Views\\horario_aula.php')
 3 SYSTEMPATH\View\View.php(237): CodeIgniter\View\View->CodeIgniter\View\{closure}()
 4 SYSTEMPATH\Common.php(1171): CodeIgniter\View\View->render('horario_aula', [], true)
 5 APPPATH\Controllers\HorarioAula.php(69): view('horario_aula', [...])
 6 SYSTEMPATH\CodeIgniter.php(933): App\Controllers\HorarioAula->editarHorarioAula('110A')
 7 SYSTEMPATH\CodeIgniter.php(509): CodeIgniter\CodeIgniter->runController(Object(App\Controllers\HorarioAula))
 8 SYSTEMPATH\CodeIgniter.php(355): CodeIgniter\CodeIgniter->handleRequest(null, Object(Config\Cache), false)
 9 SYSTEMPATH\Boot.php(325): CodeIgniter\CodeIgniter->run()
10 SYSTEMPATH\Boot.php(67): CodeIgniter\Boot::runCodeIgniter(Object(CodeIgniter\CodeIgniter))
11 FCPATH\index.php(56): CodeIgniter\Boot::bootWeb(Object(Config\Paths))
12 SYSTEMPATH\rewrite.php(44): require_once('E:\\xampp\\htdocs\\Sistema_horarios_TCC\\public\\index.php')
CRITICAL - 2024-11-25 18:05:48 --> ErrorException: Undefined variable $turmas
[Method: GET, Route: horario-aula/editar/110A]
in APPPATH\Views\horario_aula.php on line 127.
 1 APPPATH\Views\horario_aula.php(127): CodeIgniter\Debug\Exceptions->errorHandler(2, 'Undefined variable $turmas', 'E:\\xampp\\htdocs\\Sistema_horarios_TCC\\app\\Views\\horario_aula.php', 127)
 2 SYSTEMPATH\View\View.php(234): include('E:\\xampp\\htdocs\\Sistema_horarios_TCC\\app\\Views\\horario_aula.php')
 3 SYSTEMPATH\View\View.php(237): CodeIgniter\View\View->CodeIgniter\View\{closure}()
 4 SYSTEMPATH\Common.php(1171): CodeIgniter\View\View->render('horario_aula', [], true)
 5 APPPATH\Controllers\HorarioAula.php(69): view('horario_aula', [...])
 6 SYSTEMPATH\CodeIgniter.php(933): App\Controllers\HorarioAula->editarHorarioAula('110A')
 7 SYSTEMPATH\CodeIgniter.php(509): CodeIgniter\CodeIgniter->runController(Object(App\Controllers\HorarioAula))
 8 SYSTEMPATH\CodeIgniter.php(355): CodeIgniter\CodeIgniter->handleRequest(null, Object(Config\Cache), false)
 9 SYSTEMPATH\Boot.php(325): CodeIgniter\CodeIgniter->run()
10 SYSTEMPATH\Boot.php(67): CodeIgniter\Boot::runCodeIgniter(Object(CodeIgniter\CodeIgniter))
11 FCPATH\index.php(56): CodeIgniter\Boot::bootWeb(Object(Config\Paths))
12 SYSTEMPATH\rewrite.php(44): require_once('E:\\xampp\\htdocs\\Sistema_horarios_TCC\\public\\index.php')
CRITICAL - 2024-11-25 18:13:08 --> ErrorException: Undefined variable $turmas
[Method: GET, Route: horario-aula/editar/110A]
in APPPATH\Views\horario_aula.php on line 127.
 1 APPPATH\Views\horario_aula.php(127): CodeIgniter\Debug\Exceptions->errorHandler(2, 'Undefined variable $turmas', 'E:\\xampp\\htdocs\\Sistema_horarios_TCC\\app\\Views\\horario_aula.php', 127)
 2 SYSTEMPATH\View\View.php(234): include('E:\\xampp\\htdocs\\Sistema_horarios_TCC\\app\\Views\\horario_aula.php')
 3 SYSTEMPATH\View\View.php(237): CodeIgniter\View\View->CodeIgniter\View\{closure}()
 4 SYSTEMPATH\Common.php(1171): CodeIgniter\View\View->render('horario_aula', [], true)
 5 APPPATH\Controllers\HorarioAula.php(69): view('horario_aula', [...])
 6 SYSTEMPATH\CodeIgniter.php(933): App\Controllers\HorarioAula->editarHorarioAula('110A')
 7 SYSTEMPATH\CodeIgniter.php(509): CodeIgniter\CodeIgniter->runController(Object(App\Controllers\HorarioAula))
 8 SYSTEMPATH\CodeIgniter.php(355): CodeIgniter\CodeIgniter->handleRequest(null, Object(Config\Cache), false)
 9 SYSTEMPATH\Boot.php(325): CodeIgniter\CodeIgniter->run()
10 SYSTEMPATH\Boot.php(67): CodeIgniter\Boot::runCodeIgniter(Object(CodeIgniter\CodeIgniter))
11 FCPATH\index.php(56): CodeIgniter\Boot::bootWeb(Object(Config\Paths))
12 SYSTEMPATH\rewrite.php(44): require_once('E:\\xampp\\htdocs\\Sistema_horarios_TCC\\public\\index.php')
CRITICAL - 2024-11-25 18:17:17 --> TypeError: Cannot access offset of type string on string
[Method: GET, Route: horario-aula/editar/110A]
in APPPATH\Views\horario_aula.php on line 128.
 1 SYSTEMPATH\View\View.php(234): include()
 2 SYSTEMPATH\View\View.php(237): CodeIgniter\View\View->CodeIgniter\View\{closure}()
 3 SYSTEMPATH\Common.php(1171): CodeIgniter\View\View->render('horario_aula', [], true)
 4 APPPATH\Controllers\HorarioAula.php(69): view('horario_aula', [...])
 5 SYSTEMPATH\CodeIgniter.php(933): App\Controllers\HorarioAula->editarHorarioAula('110A')
 6 SYSTEMPATH\CodeIgniter.php(509): CodeIgniter\CodeIgniter->runController(Object(App\Controllers\HorarioAula))
 7 SYSTEMPATH\CodeIgniter.php(355): CodeIgniter\CodeIgniter->handleRequest(null, Object(Config\Cache), false)
 8 SYSTEMPATH\Boot.php(325): CodeIgniter\CodeIgniter->run()
 9 SYSTEMPATH\Boot.php(67): CodeIgniter\Boot::runCodeIgniter(Object(CodeIgniter\CodeIgniter))
10 FCPATH\index.php(56): CodeIgniter\Boot::bootWeb(Object(Config\Paths))
11 SYSTEMPATH\rewrite.php(44): require_once('E:\\xampp\\htdocs\\Sistema_horarios_TCC\\public\\index.php')
CRITICAL - 2024-11-25 18:18:06 --> TypeError: Cannot access offset of type string on string
[Method: GET, Route: horario-aula/editar/110A]
in APPPATH\Views\horario_aula.php on line 128.
 1 SYSTEMPATH\View\View.php(234): include()
 2 SYSTEMPATH\View\View.php(237): CodeIgniter\View\View->CodeIgniter\View\{closure}()
 3 SYSTEMPATH\Common.php(1171): CodeIgniter\View\View->render('horario_aula', [], true)
 4 APPPATH\Controllers\HorarioAula.php(69): view('horario_aula', [...])
 5 SYSTEMPATH\CodeIgniter.php(933): App\Controllers\HorarioAula->editarHorarioAula('110A')
 6 SYSTEMPATH\CodeIgniter.php(509): CodeIgniter\CodeIgniter->runController(Object(App\Controllers\HorarioAula))
 7 SYSTEMPATH\CodeIgniter.php(355): CodeIgniter\CodeIgniter->handleRequest(null, Object(Config\Cache), false)
 8 SYSTEMPATH\Boot.php(325): CodeIgniter\CodeIgniter->run()
 9 SYSTEMPATH\Boot.php(67): CodeIgniter\Boot::runCodeIgniter(Object(CodeIgniter\CodeIgniter))
10 FCPATH\index.php(56): CodeIgniter\Boot::bootWeb(Object(Config\Paths))
11 SYSTEMPATH\rewrite.php(44): require_once('E:\\xampp\\htdocs\\Sistema_horarios_TCC\\public\\index.php')
CRITICAL - 2024-11-25 18:19:25 --> TypeError: Cannot access offset of type string on string
[Method: GET, Route: horario-aula/editar/110A]
in APPPATH\Views\horario_aula.php on line 128.
 1 SYSTEMPATH\View\View.php(234): include()
 2 SYSTEMPATH\View\View.php(237): CodeIgniter\View\View->CodeIgniter\View\{closure}()
 3 SYSTEMPATH\Common.php(1171): CodeIgniter\View\View->render('horario_aula', [], true)
 4 APPPATH\Controllers\HorarioAula.php(69): view('horario_aula', [...])
 5 SYSTEMPATH\CodeIgniter.php(933): App\Controllers\HorarioAula->editarHorarioAula('110A')
 6 SYSTEMPATH\CodeIgniter.php(509): CodeIgniter\CodeIgniter->runController(Object(App\Controllers\HorarioAula))
 7 SYSTEMPATH\CodeIgniter.php(355): CodeIgniter\CodeIgniter->handleRequest(null, Object(Config\Cache), false)
 8 SYSTEMPATH\Boot.php(325): CodeIgniter\CodeIgniter->run()
 9 SYSTEMPATH\Boot.php(67): CodeIgniter\Boot::runCodeIgniter(Object(CodeIgniter\CodeIgniter))
10 FCPATH\index.php(56): CodeIgniter\Boot::bootWeb(Object(Config\Paths))
11 SYSTEMPATH\rewrite.php(44): require_once('E:\\xampp\\htdocs\\Sistema_horarios_TCC\\public\\index.php')
CRITICAL - 2024-11-25 18:22:05 --> TypeError: Cannot access offset of type string on string
[Method: GET, Route: horario-aula/editar/110A]
in APPPATH\Views\horario_aula.php on line 128.
 1 SYSTEMPATH\View\View.php(234): include()
 2 SYSTEMPATH\View\View.php(237): CodeIgniter\View\View->CodeIgniter\View\{closure}()
 3 SYSTEMPATH\Common.php(1171): CodeIgniter\View\View->render('horario_aula', [], true)
 4 APPPATH\Controllers\HorarioAula.php(69): view('horario_aula', [...])
 5 SYSTEMPATH\CodeIgniter.php(933): App\Controllers\HorarioAula->editarHorarioAula('110A')
 6 SYSTEMPATH\CodeIgniter.php(509): CodeIgniter\CodeIgniter->runController(Object(App\Controllers\HorarioAula))
 7 SYSTEMPATH\CodeIgniter.php(355): CodeIgniter\CodeIgniter->handleRequest(null, Object(Config\Cache), false)
 8 SYSTEMPATH\Boot.php(325): CodeIgniter\CodeIgniter->run()
 9 SYSTEMPATH\Boot.php(67): CodeIgniter\Boot::runCodeIgniter(Object(CodeIgniter\CodeIgniter))
10 FCPATH\index.php(56): CodeIgniter\Boot::bootWeb(Object(Config\Paths))
11 SYSTEMPATH\rewrite.php(44): require_once('E:\\xampp\\htdocs\\Sistema_horarios_TCC\\public\\index.php')
CRITICAL - 2024-11-25 18:34:27 --> ErrorException: Undefined array key "turmas"
[Method: GET, Route: horario-aula/editar/110A]
in APPPATH\Controllers\HorarioAula.php on line 71.
 1 APPPATH\Controllers\HorarioAula.php(71): CodeIgniter\Debug\Exceptions->errorHandler(2, 'Undefined array key "turmas"', 'E:\\xampp\\htdocs\\Sistema_horarios_TCC\\app\\Controllers\\HorarioAula.php', 71)
 2 SYSTEMPATH\CodeIgniter.php(933): App\Controllers\HorarioAula->editarHorarioAula('110A')
 3 SYSTEMPATH\CodeIgniter.php(509): CodeIgniter\CodeIgniter->runController(Object(App\Controllers\HorarioAula))
 4 SYSTEMPATH\CodeIgniter.php(355): CodeIgniter\CodeIgniter->handleRequest(null, Object(Config\Cache), false)
 5 SYSTEMPATH\Boot.php(325): CodeIgniter\CodeIgniter->run()
 6 SYSTEMPATH\Boot.php(67): CodeIgniter\Boot::runCodeIgniter(Object(CodeIgniter\CodeIgniter))
 7 FCPATH\index.php(56): CodeIgniter\Boot::bootWeb(Object(Config\Paths))
 8 SYSTEMPATH\rewrite.php(44): require_once('E:\\xampp\\htdocs\\Sistema_horarios_TCC\\public\\index.php')
ERROR - 2024-11-25 18:40:11 --> mysqli_sql_exception: Unknown column 'codigo_turma' in 'where clause' in E:\xampp\htdocs\Sistema_horarios_TCC\system\Database\MySQLi\Connection.php:312
Stack trace:
#0 E:\xampp\htdocs\Sistema_horarios_TCC\system\Database\MySQLi\Connection.php(312): mysqli->query('SELECT *\nFROM `...', 0)
#1 E:\xampp\htdocs\Sistema_horarios_TCC\system\Database\BaseConnection.php(734): CodeIgniter\Database\MySQLi\Connection->execute('SELECT *\nFROM `...')
#2 E:\xampp\htdocs\Sistema_horarios_TCC\system\Database\BaseConnection.php(648): CodeIgniter\Database\BaseConnection->simpleQuery('SELECT *\nFROM `...')
#3 E:\xampp\htdocs\Sistema_horarios_TCC\system\Database\BaseBuilder.php(1644): CodeIgniter\Database\BaseConnection->query('SELECT *\nFROM `...', Array, false)
#4 E:\xampp\htdocs\Sistema_horarios_TCC\system\Model.php(286): CodeIgniter\Database\BaseBuilder->get()
#5 E:\xampp\htdocs\Sistema_horarios_TCC\system\BaseModel.php(676): CodeIgniter\Model->doFindAll(0, 0)
#6 E:\xampp\htdocs\Sistema_horarios_TCC\app\Controllers\HorarioAula.php(66): CodeIgniter\BaseModel->findAll()
#7 E:\xampp\htdocs\Sistema_horarios_TCC\system\CodeIgniter.php(933): App\Controllers\HorarioAula->editarHorarioAula('110A')
#8 E:\xampp\htdocs\Sistema_horarios_TCC\system\CodeIgniter.php(509): CodeIgniter\CodeIgniter->runController(Object(App\Controllers\HorarioAula))
#9 E:\xampp\htdocs\Sistema_horarios_TCC\system\CodeIgniter.php(355): CodeIgniter\CodeIgniter->handleRequest(NULL, Object(Config\Cache), false)
#10 E:\xampp\htdocs\Sistema_horarios_TCC\system\Boot.php(325): CodeIgniter\CodeIgniter->run()
#11 E:\xampp\htdocs\Sistema_horarios_TCC\system\Boot.php(67): CodeIgniter\Boot::runCodeIgniter(Object(CodeIgniter\CodeIgniter))
#12 E:\xampp\htdocs\Sistema_horarios_TCC\public\index.php(56): CodeIgniter\Boot::bootWeb(Object(Config\Paths))
#13 E:\xampp\htdocs\Sistema_horarios_TCC\system\rewrite.php(44): require_once('E:\\xampp\\htdocs...')
#14 {main}
CRITICAL - 2024-11-25 18:40:11 --> CodeIgniter\Database\Exceptions\DatabaseException: Unknown column 'codigo_turma' in 'where clause'
[Method: GET, Route: horario-aula/editar/110A]
in SYSTEMPATH\Database\BaseConnection.php on line 688.
 1 SYSTEMPATH\Database\BaseBuilder.php(1644): CodeIgniter\Database\BaseConnection->query('SELECT *
FROM `sala`
WHERE `codigo_turma` = :codigo_turma:', [...], false)
 2 SYSTEMPATH\Model.php(286): CodeIgniter\Database\BaseBuilder->get()
 3 SYSTEMPATH\BaseModel.php(676): CodeIgniter\Model->doFindAll(0, 0)
 4 APPPATH\Controllers\HorarioAula.php(66): CodeIgniter\BaseModel->findAll()
 5 SYSTEMPATH\CodeIgniter.php(933): App\Controllers\HorarioAula->editarHorarioAula('110A')
 6 SYSTEMPATH\CodeIgniter.php(509): CodeIgniter\CodeIgniter->runController(Object(App\Controllers\HorarioAula))
 7 SYSTEMPATH\CodeIgniter.php(355): CodeIgniter\CodeIgniter->handleRequest(null, Object(Config\Cache), false)
 8 SYSTEMPATH\Boot.php(325): CodeIgniter\CodeIgniter->run()
 9 SYSTEMPATH\Boot.php(67): CodeIgniter\Boot::runCodeIgniter(Object(CodeIgniter\CodeIgniter))
10 FCPATH\index.php(56): CodeIgniter\Boot::bootWeb(Object(Config\Paths))
11 SYSTEMPATH\rewrite.php(44): require_once('E:\\xampp\\htdocs\\Sistema_horarios_TCC\\public\\index.php')
CRITICAL - 2024-11-25 18:40:11 --> [Caused by] CodeIgniter\Database\Exceptions\DatabaseException: Unknown column 'codigo_turma' in 'where clause'
in SYSTEMPATH\Database\MySQLi\Connection.php on line 317.
 1 SYSTEMPATH\Database\BaseConnection.php(734): CodeIgniter\Database\MySQLi\Connection->execute('SELECT *
FROM `sala`
WHERE `codigo_turma` = \'110A\'')
 2 SYSTEMPATH\Database\BaseConnection.php(648): CodeIgniter\Database\BaseConnection->simpleQuery('SELECT *
FROM `sala`
WHERE `codigo_turma` = \'110A\'')
 3 SYSTEMPATH\Database\BaseBuilder.php(1644): CodeIgniter\Database\BaseConnection->query('SELECT *
FROM `sala`
WHERE `codigo_turma` = :codigo_turma:', [...], false)
 4 SYSTEMPATH\Model.php(286): CodeIgniter\Database\BaseBuilder->get()
 5 SYSTEMPATH\BaseModel.php(676): CodeIgniter\Model->doFindAll(0, 0)
 6 APPPATH\Controllers\HorarioAula.php(66): CodeIgniter\BaseModel->findAll()
 7 SYSTEMPATH\CodeIgniter.php(933): App\Controllers\HorarioAula->editarHorarioAula('110A')
 8 SYSTEMPATH\CodeIgniter.php(509): CodeIgniter\CodeIgniter->runController(Object(App\Controllers\HorarioAula))
 9 SYSTEMPATH\CodeIgniter.php(355): CodeIgniter\CodeIgniter->handleRequest(null, Object(Config\Cache), false)
10 SYSTEMPATH\Boot.php(325): CodeIgniter\CodeIgniter->run()
11 SYSTEMPATH\Boot.php(67): CodeIgniter\Boot::runCodeIgniter(Object(CodeIgniter\CodeIgniter))
12 FCPATH\index.php(56): CodeIgniter\Boot::bootWeb(Object(Config\Paths))
13 SYSTEMPATH\rewrite.php(44): require_once('E:\\xampp\\htdocs\\Sistema_horarios_TCC\\public\\index.php')
CRITICAL - 2024-11-25 18:40:11 --> [Caused by] mysqli_sql_exception: Unknown column 'codigo_turma' in 'where clause'
in SYSTEMPATH\Database\MySQLi\Connection.php on line 312.
 1 SYSTEMPATH\Database\MySQLi\Connection.php(312): mysqli->query('SELECT *
FROM `sala`
WHERE `codigo_turma` = \'110A\'', 0)
 2 SYSTEMPATH\Database\BaseConnection.php(734): CodeIgniter\Database\MySQLi\Connection->execute('SELECT *
FROM `sala`
WHERE `codigo_turma` = \'110A\'')
 3 SYSTEMPATH\Database\BaseConnection.php(648): CodeIgniter\Database\BaseConnection->simpleQuery('SELECT *
FROM `sala`
WHERE `codigo_turma` = \'110A\'')
 4 SYSTEMPATH\Database\BaseBuilder.php(1644): CodeIgniter\Database\BaseConnection->query('SELECT *
FROM `sala`
WHERE `codigo_turma` = :codigo_turma:', [...], false)
 5 SYSTEMPATH\Model.php(286): CodeIgniter\Database\BaseBuilder->get()
 6 SYSTEMPATH\BaseModel.php(676): CodeIgniter\Model->doFindAll(0, 0)
 7 APPPATH\Controllers\HorarioAula.php(66): CodeIgniter\BaseModel->findAll()
 8 SYSTEMPATH\CodeIgniter.php(933): App\Controllers\HorarioAula->editarHorarioAula('110A')
 9 SYSTEMPATH\CodeIgniter.php(509): CodeIgniter\CodeIgniter->runController(Object(App\Controllers\HorarioAula))
10 SYSTEMPATH\CodeIgniter.php(355): CodeIgniter\CodeIgniter->handleRequest(null, Object(Config\Cache), false)
11 SYSTEMPATH\Boot.php(325): CodeIgniter\CodeIgniter->run()
12 SYSTEMPATH\Boot.php(67): CodeIgniter\Boot::runCodeIgniter(Object(CodeIgniter\CodeIgniter))
13 FCPATH\index.php(56): CodeIgniter\Boot::bootWeb(Object(Config\Paths))
14 SYSTEMPATH\rewrite.php(44): require_once('E:\\xampp\\htdocs\\Sistema_horarios_TCC\\public\\index.php')
CRITICAL - 2024-11-25 19:03:53 --> ErrorException: Undefined array key "codigo_turma"
[Method: GET, Route: horario-aula/editar/110A]
in APPPATH\Controllers\HorarioAula.php on line 67.
 1 APPPATH\Controllers\HorarioAula.php(67): CodeIgniter\Debug\Exceptions->errorHandler(2, 'Undefined array key "codigo_turma"', 'E:\\xampp\\htdocs\\Sistema_horarios_TCC\\app\\Controllers\\HorarioAula.php', 67)
 2 SYSTEMPATH\CodeIgniter.php(933): App\Controllers\HorarioAula->editarHorarioAula('110A')
 3 SYSTEMPATH\CodeIgniter.php(509): CodeIgniter\CodeIgniter->runController(Object(App\Controllers\HorarioAula))
 4 SYSTEMPATH\CodeIgniter.php(355): CodeIgniter\CodeIgniter->handleRequest(null, Object(Config\Cache), false)
 5 SYSTEMPATH\Boot.php(325): CodeIgniter\CodeIgniter->run()
 6 SYSTEMPATH\Boot.php(67): CodeIgniter\Boot::runCodeIgniter(Object(CodeIgniter\CodeIgniter))
 7 FCPATH\index.php(56): CodeIgniter\Boot::bootWeb(Object(Config\Paths))
 8 SYSTEMPATH\rewrite.php(44): require_once('E:\\xampp\\htdocs\\Sistema_horarios_TCC\\public\\index.php')
CRITICAL - 2024-11-25 19:07:23 --> ErrorException: Undefined array key "codigo_turma"
[Method: GET, Route: horario-aula/editar/110A]
in APPPATH\Controllers\HorarioAula.php on line 69.
 1 APPPATH\Controllers\HorarioAula.php(69): CodeIgniter\Debug\Exceptions->errorHandler(2, 'Undefined array key "codigo_turma"', 'E:\\xampp\\htdocs\\Sistema_horarios_TCC\\app\\Controllers\\HorarioAula.php', 69)
 2 SYSTEMPATH\CodeIgniter.php(933): App\Controllers\HorarioAula->editarHorarioAula('110A')
 3 SYSTEMPATH\CodeIgniter.php(509): CodeIgniter\CodeIgniter->runController(Object(App\Controllers\HorarioAula))
 4 SYSTEMPATH\CodeIgniter.php(355): CodeIgniter\CodeIgniter->handleRequest(null, Object(Config\Cache), false)
 5 SYSTEMPATH\Boot.php(325): CodeIgniter\CodeIgniter->run()
 6 SYSTEMPATH\Boot.php(67): CodeIgniter\Boot::runCodeIgniter(Object(CodeIgniter\CodeIgniter))
 7 FCPATH\index.php(56): CodeIgniter\Boot::bootWeb(Object(Config\Paths))
 8 SYSTEMPATH\rewrite.php(44): require_once('E:\\xampp\\htdocs\\Sistema_horarios_TCC\\public\\index.php')
CRITICAL - 2024-11-25 19:08:22 --> ErrorException: Undefined array key 0
[Method: GET, Route: horario-aula/editar/110A]
in APPPATH\Controllers\HorarioAula.php on line 69.
 1 APPPATH\Controllers\HorarioAula.php(69): CodeIgniter\Debug\Exceptions->errorHandler(2, 'Undefined array key 0', 'E:\\xampp\\htdocs\\Sistema_horarios_TCC\\app\\Controllers\\HorarioAula.php', 69)
 2 SYSTEMPATH\CodeIgniter.php(933): App\Controllers\HorarioAula->editarHorarioAula('110A')
 3 SYSTEMPATH\CodeIgniter.php(509): CodeIgniter\CodeIgniter->runController(Object(App\Controllers\HorarioAula))
 4 SYSTEMPATH\CodeIgniter.php(355): CodeIgniter\CodeIgniter->handleRequest(null, Object(Config\Cache), false)
 5 SYSTEMPATH\Boot.php(325): CodeIgniter\CodeIgniter->run()
 6 SYSTEMPATH\Boot.php(67): CodeIgniter\Boot::runCodeIgniter(Object(CodeIgniter\CodeIgniter))
 7 FCPATH\index.php(56): CodeIgniter\Boot::bootWeb(Object(Config\Paths))
 8 SYSTEMPATH\rewrite.php(44): require_once('E:\\xampp\\htdocs\\Sistema_horarios_TCC\\public\\index.php')
CRITICAL - 2024-11-25 19:11:37 --> ErrorException: Undefined array key "editando"
[Method: GET, Route: horario-aula/editar/110A]
in APPPATH\Controllers\HorarioAula.php on line 67.
 1 APPPATH\Controllers\HorarioAula.php(67): CodeIgniter\Debug\Exceptions->errorHandler(2, 'Undefined array key "editando"', 'E:\\xampp\\htdocs\\Sistema_horarios_TCC\\app\\Controllers\\HorarioAula.php', 67)
 2 SYSTEMPATH\CodeIgniter.php(933): App\Controllers\HorarioAula->editarHorarioAula('110A')
 3 SYSTEMPATH\CodeIgniter.php(509): CodeIgniter\CodeIgniter->runController(Object(App\Controllers\HorarioAula))
 4 SYSTEMPATH\CodeIgniter.php(355): CodeIgniter\CodeIgniter->handleRequest(null, Object(Config\Cache), false)
 5 SYSTEMPATH\Boot.php(325): CodeIgniter\CodeIgniter->run()
 6 SYSTEMPATH\Boot.php(67): CodeIgniter\Boot::runCodeIgniter(Object(CodeIgniter\CodeIgniter))
 7 FCPATH\index.php(56): CodeIgniter\Boot::bootWeb(Object(Config\Paths))
 8 SYSTEMPATH\rewrite.php(44): require_once('E:\\xampp\\htdocs\\Sistema_horarios_TCC\\public\\index.php')
CRITICAL - 2024-11-25 19:11:59 --> CodeIgniter\HTTP\Exceptions\BadRequestException: The URI you submitted has disallowed characters: "${isEditing}"
[Method: GET, Route: horario-aula/carregar-horarios/$%7BisEditing%7D]
in SYSTEMPATH\Router\Router.php on line 737.
 1 SYSTEMPATH\Router\Router.php(204): CodeIgniter\Router\Router->checkDisallowedChars('horario-aula/carregar-horarios/${isEditing}')
 2 SYSTEMPATH\CodeIgniter.php(834): CodeIgniter\Router\Router->handle('horario-aula/carregar-horarios/${isEditing}')
 3 SYSTEMPATH\CodeIgniter.php(457): CodeIgniter\CodeIgniter->tryToRouteIt(Object(CodeIgniter\Router\RouteCollection))
 4 SYSTEMPATH\CodeIgniter.php(355): CodeIgniter\CodeIgniter->handleRequest(null, Object(Config\Cache), false)
 5 SYSTEMPATH\Boot.php(325): CodeIgniter\CodeIgniter->run()
 6 SYSTEMPATH\Boot.php(67): CodeIgniter\Boot::runCodeIgniter(Object(CodeIgniter\CodeIgniter))
 7 FCPATH\index.php(56): CodeIgniter\Boot::bootWeb(Object(Config\Paths))
 8 SYSTEMPATH\rewrite.php(44): require_once('E:\\xampp\\htdocs\\Sistema_horarios_TCC\\public\\index.php')
ERROR - 2024-11-25 19:16:30 --> mysqli_sql_exception: Cannot add or update a child row: a foreign key constraint fails (`sistema_horarios`.`horario_aula`, CONSTRAINT `fk_horario_aula_usuario` FOREIGN KEY (`professor`) REFERENCES `usuario` (`id_usuario`) ON DELETE NO ACTION ON UPDATE NO ACTION) in E:\xampp\htdocs\Sistema_horarios_TCC\system\Database\MySQLi\Connection.php:312
Stack trace:
#0 E:\xampp\htdocs\Sistema_horarios_TCC\system\Database\MySQLi\Connection.php(312): mysqli->query('INSERT INTO `ho...', 0)
#1 E:\xampp\htdocs\Sistema_horarios_TCC\system\Database\BaseConnection.php(734): CodeIgniter\Database\MySQLi\Connection->execute('INSERT INTO `ho...')
#2 E:\xampp\htdocs\Sistema_horarios_TCC\system\Database\BaseConnection.php(648): CodeIgniter\Database\BaseConnection->simpleQuery('INSERT INTO `ho...')
#3 E:\xampp\htdocs\Sistema_horarios_TCC\system\Database\BaseBuilder.php(2340): CodeIgniter\Database\BaseConnection->query('INSERT INTO `ho...', Array, false)
#4 E:\xampp\htdocs\Sistema_horarios_TCC\system\Model.php(394): CodeIgniter\Database\BaseBuilder->insert()
#5 E:\xampp\htdocs\Sistema_horarios_TCC\system\BaseModel.php(840): CodeIgniter\Model->doInsert(Array)
#6 E:\xampp\htdocs\Sistema_horarios_TCC\system\Model.php(802): CodeIgniter\BaseModel->insert(Array, false)
#7 E:\xampp\htdocs\Sistema_horarios_TCC\system\BaseModel.php(751): CodeIgniter\Model->insert(Array, false)
#8 E:\xampp\htdocs\Sistema_horarios_TCC\app\Controllers\HorarioAula.php(90): CodeIgniter\BaseModel->save(Array)
#9 E:\xampp\htdocs\Sistema_horarios_TCC\system\CodeIgniter.php(933): App\Controllers\HorarioAula->salvarHorarioAula()
#10 E:\xampp\htdocs\Sistema_horarios_TCC\system\CodeIgniter.php(509): CodeIgniter\CodeIgniter->runController(Object(App\Controllers\HorarioAula))
#11 E:\xampp\htdocs\Sistema_horarios_TCC\system\CodeIgniter.php(355): CodeIgniter\CodeIgniter->handleRequest(NULL, Object(Config\Cache), false)
#12 E:\xampp\htdocs\Sistema_horarios_TCC\system\Boot.php(325): CodeIgniter\CodeIgniter->run()
#13 E:\xampp\htdocs\Sistema_horarios_TCC\system\Boot.php(67): CodeIgniter\Boot::runCodeIgniter(Object(CodeIgniter\CodeIgniter))
#14 E:\xampp\htdocs\Sistema_horarios_TCC\public\index.php(56): CodeIgniter\Boot::bootWeb(Object(Config\Paths))
#15 E:\xampp\htdocs\Sistema_horarios_TCC\system\rewrite.php(44): require_once('E:\\xampp\\htdocs...')
#16 {main}
CRITICAL - 2024-11-25 19:16:30 --> CodeIgniter\Database\Exceptions\DatabaseException: Cannot add or update a child row: a foreign key constraint fails (`sistema_horarios`.`horario_aula`, CONSTRAINT `fk_horario_aula_usuario` FOREIGN KEY (`professor`) REFERENCES `usuario` (`id_usuario`) ON DELETE NO ACTION ON UPDATE NO ACTION)
[Method: POST, Route: horario-aula/salvar]
in SYSTEMPATH\Database\BaseConnection.php on line 688.
 1 SYSTEMPATH\Database\BaseBuilder.php(2340): CodeIgniter\Database\BaseConnection->query('INSERT INTO `horario_aula` (`id_horario_aula`, `id_sala`, `codigo_turma`, `status`, `periodo_letivo`, `id_disciplina`, `dia_semana`, `horario`, `cor`, `professor`) VALUES (:id_horario_aula:, :id_sala:, :codigo_turma:, :status:, :periodo_letivo:, :id_disciplina:, :dia_semana:, :horario:, :cor:, :professor:)', [...], false)
 2 SYSTEMPATH\Model.php(394): CodeIgniter\Database\BaseBuilder->insert()
 3 SYSTEMPATH\BaseModel.php(840): CodeIgniter\Model->doInsert([...])
 4 SYSTEMPATH\Model.php(802): CodeIgniter\BaseModel->insert([...], false)
 5 SYSTEMPATH\BaseModel.php(751): CodeIgniter\Model->insert([...], false)
 6 APPPATH\Controllers\HorarioAula.php(90): CodeIgniter\BaseModel->save([...])
 7 SYSTEMPATH\CodeIgniter.php(933): App\Controllers\HorarioAula->salvarHorarioAula()
 8 SYSTEMPATH\CodeIgniter.php(509): CodeIgniter\CodeIgniter->runController(Object(App\Controllers\HorarioAula))
 9 SYSTEMPATH\CodeIgniter.php(355): CodeIgniter\CodeIgniter->handleRequest(null, Object(Config\Cache), false)
10 SYSTEMPATH\Boot.php(325): CodeIgniter\CodeIgniter->run()
11 SYSTEMPATH\Boot.php(67): CodeIgniter\Boot::runCodeIgniter(Object(CodeIgniter\CodeIgniter))
12 FCPATH\index.php(56): CodeIgniter\Boot::bootWeb(Object(Config\Paths))
13 SYSTEMPATH\rewrite.php(44): require_once('E:\\xampp\\htdocs\\Sistema_horarios_TCC\\public\\index.php')
CRITICAL - 2024-11-25 19:16:30 --> [Caused by] CodeIgniter\Database\Exceptions\DatabaseException: Cannot add or update a child row: a foreign key constraint fails (`sistema_horarios`.`horario_aula`, CONSTRAINT `fk_horario_aula_usuario` FOREIGN KEY (`professor`) REFERENCES `usuario` (`id_usuario`) ON DELETE NO ACTION ON UPDATE NO ACTION)
in SYSTEMPATH\Database\MySQLi\Connection.php on line 317.
 1 SYSTEMPATH\Database\BaseConnection.php(734): CodeIgniter\Database\MySQLi\Connection->execute('INSERT INTO `horario_aula` (`id_horario_aula`, `id_sala`, `codigo_turma`, `status`, `periodo_letivo`, `id_disciplina`, `dia_semana`, `horario`, `cor`, `professor`) VALUES (\'20241125191630\', \'1\', \'110A\', \'ativo\', \'8\', \'3\', 1, 3, \'#00B800\', \'Paulo\')')
 2 SYSTEMPATH\Database\BaseConnection.php(648): CodeIgniter\Database\BaseConnection->simpleQuery('INSERT INTO `horario_aula` (`id_horario_aula`, `id_sala`, `codigo_turma`, `status`, `periodo_letivo`, `id_disciplina`, `dia_semana`, `horario`, `cor`, `professor`) VALUES (\'20241125191630\', \'1\', \'110A\', \'ativo\', \'8\', \'3\', 1, 3, \'#00B800\', \'Paulo\')')
 3 SYSTEMPATH\Database\BaseBuilder.php(2340): CodeIgniter\Database\BaseConnection->query('INSERT INTO `horario_aula` (`id_horario_aula`, `id_sala`, `codigo_turma`, `status`, `periodo_letivo`, `id_disciplina`, `dia_semana`, `horario`, `cor`, `professor`) VALUES (:id_horario_aula:, :id_sala:, :codigo_turma:, :status:, :periodo_letivo:, :id_disciplina:, :dia_semana:, :horario:, :cor:, :professor:)', [...], false)
 4 SYSTEMPATH\Model.php(394): CodeIgniter\Database\BaseBuilder->insert()
 5 SYSTEMPATH\BaseModel.php(840): CodeIgniter\Model->doInsert([...])
 6 SYSTEMPATH\Model.php(802): CodeIgniter\BaseModel->insert([...], false)
 7 SYSTEMPATH\BaseModel.php(751): CodeIgniter\Model->insert([...], false)
 8 APPPATH\Controllers\HorarioAula.php(90): CodeIgniter\BaseModel->save([...])
 9 SYSTEMPATH\CodeIgniter.php(933): App\Controllers\HorarioAula->salvarHorarioAula()
10 SYSTEMPATH\CodeIgniter.php(509): CodeIgniter\CodeIgniter->runController(Object(App\Controllers\HorarioAula))
11 SYSTEMPATH\CodeIgniter.php(355): CodeIgniter\CodeIgniter->handleRequest(null, Object(Config\Cache), false)
12 SYSTEMPATH\Boot.php(325): CodeIgniter\CodeIgniter->run()
13 SYSTEMPATH\Boot.php(67): CodeIgniter\Boot::runCodeIgniter(Object(CodeIgniter\CodeIgniter))
14 FCPATH\index.php(56): CodeIgniter\Boot::bootWeb(Object(Config\Paths))
15 SYSTEMPATH\rewrite.php(44): require_once('E:\\xampp\\htdocs\\Sistema_horarios_TCC\\public\\index.php')
CRITICAL - 2024-11-25 19:16:30 --> [Caused by] mysqli_sql_exception: Cannot add or update a child row: a foreign key constraint fails (`sistema_horarios`.`horario_aula`, CONSTRAINT `fk_horario_aula_usuario` FOREIGN KEY (`professor`) REFERENCES `usuario` (`id_usuario`) ON DELETE NO ACTION ON UPDATE NO ACTION)
in SYSTEMPATH\Database\MySQLi\Connection.php on line 312.
 1 SYSTEMPATH\Database\MySQLi\Connection.php(312): mysqli->query('INSERT INTO `horario_aula` (`id_horario_aula`, `id_sala`, `codigo_turma`, `status`, `periodo_letivo`, `id_disciplina`, `dia_semana`, `horario`, `cor`, `professor`) VALUES (\'20241125191630\', \'1\', \'110A\', \'ativo\', \'8\', \'3\', 1, 3, \'#00B800\', \'Paulo\')', 0)
 2 SYSTEMPATH\Database\BaseConnection.php(734): CodeIgniter\Database\MySQLi\Connection->execute('INSERT INTO `horario_aula` (`id_horario_aula`, `id_sala`, `codigo_turma`, `status`, `periodo_letivo`, `id_disciplina`, `dia_semana`, `horario`, `cor`, `professor`) VALUES (\'20241125191630\', \'1\', \'110A\', \'ativo\', \'8\', \'3\', 1, 3, \'#00B800\', \'Paulo\')')
 3 SYSTEMPATH\Database\BaseConnection.php(648): CodeIgniter\Database\BaseConnection->simpleQuery('INSERT INTO `horario_aula` (`id_horario_aula`, `id_sala`, `codigo_turma`, `status`, `periodo_letivo`, `id_disciplina`, `dia_semana`, `horario`, `cor`, `professor`) VALUES (\'20241125191630\', \'1\', \'110A\', \'ativo\', \'8\', \'3\', 1, 3, \'#00B800\', \'Paulo\')')
 4 SYSTEMPATH\Database\BaseBuilder.php(2340): CodeIgniter\Database\BaseConnection->query('INSERT INTO `horario_aula` (`id_horario_aula`, `id_sala`, `codigo_turma`, `status`, `periodo_letivo`, `id_disciplina`, `dia_semana`, `horario`, `cor`, `professor`) VALUES (:id_horario_aula:, :id_sala:, :codigo_turma:, :status:, :periodo_letivo:, :id_disciplina:, :dia_semana:, :horario:, :cor:, :professor:)', [...], false)
 5 SYSTEMPATH\Model.php(394): CodeIgniter\Database\BaseBuilder->insert()
 6 SYSTEMPATH\BaseModel.php(840): CodeIgniter\Model->doInsert([...])
 7 SYSTEMPATH\Model.php(802): CodeIgniter\BaseModel->insert([...], false)
 8 SYSTEMPATH\BaseModel.php(751): CodeIgniter\Model->insert([...], false)
 9 APPPATH\Controllers\HorarioAula.php(90): CodeIgniter\BaseModel->save([...])
10 SYSTEMPATH\CodeIgniter.php(933): App\Controllers\HorarioAula->salvarHorarioAula()
11 SYSTEMPATH\CodeIgniter.php(509): CodeIgniter\CodeIgniter->runController(Object(App\Controllers\HorarioAula))
12 SYSTEMPATH\CodeIgniter.php(355): CodeIgniter\CodeIgniter->handleRequest(null, Object(Config\Cache), false)
13 SYSTEMPATH\Boot.php(325): CodeIgniter\CodeIgniter->run()
14 SYSTEMPATH\Boot.php(67): CodeIgniter\Boot::runCodeIgniter(Object(CodeIgniter\CodeIgniter))
15 FCPATH\index.php(56): CodeIgniter\Boot::bootWeb(Object(Config\Paths))
16 SYSTEMPATH\rewrite.php(44): require_once('E:\\xampp\\htdocs\\Sistema_horarios_TCC\\public\\index.php')
ERROR - 2024-11-25 19:17:01 --> mysqli_sql_exception: Cannot add or update a child row: a foreign key constraint fails (`sistema_horarios`.`horario_aula`, CONSTRAINT `fk_horario_aula_usuario` FOREIGN KEY (`professor`) REFERENCES `usuario` (`id_usuario`) ON DELETE NO ACTION ON UPDATE NO ACTION) in E:\xampp\htdocs\Sistema_horarios_TCC\system\Database\MySQLi\Connection.php:312
Stack trace:
#0 E:\xampp\htdocs\Sistema_horarios_TCC\system\Database\MySQLi\Connection.php(312): mysqli->query('INSERT INTO `ho...', 0)
#1 E:\xampp\htdocs\Sistema_horarios_TCC\system\Database\BaseConnection.php(734): CodeIgniter\Database\MySQLi\Connection->execute('INSERT INTO `ho...')
#2 E:\xampp\htdocs\Sistema_horarios_TCC\system\Database\BaseConnection.php(648): CodeIgniter\Database\BaseConnection->simpleQuery('INSERT INTO `ho...')
#3 E:\xampp\htdocs\Sistema_horarios_TCC\system\Database\BaseBuilder.php(2340): CodeIgniter\Database\BaseConnection->query('INSERT INTO `ho...', Array, false)
#4 E:\xampp\htdocs\Sistema_horarios_TCC\system\Model.php(394): CodeIgniter\Database\BaseBuilder->insert()
#5 E:\xampp\htdocs\Sistema_horarios_TCC\system\BaseModel.php(840): CodeIgniter\Model->doInsert(Array)
#6 E:\xampp\htdocs\Sistema_horarios_TCC\system\Model.php(802): CodeIgniter\BaseModel->insert(Array, false)
#7 E:\xampp\htdocs\Sistema_horarios_TCC\system\BaseModel.php(751): CodeIgniter\Model->insert(Array, false)
#8 E:\xampp\htdocs\Sistema_horarios_TCC\app\Controllers\HorarioAula.php(90): CodeIgniter\BaseModel->save(Array)
#9 E:\xampp\htdocs\Sistema_horarios_TCC\system\CodeIgniter.php(933): App\Controllers\HorarioAula->salvarHorarioAula()
#10 E:\xampp\htdocs\Sistema_horarios_TCC\system\CodeIgniter.php(509): CodeIgniter\CodeIgniter->runController(Object(App\Controllers\HorarioAula))
#11 E:\xampp\htdocs\Sistema_horarios_TCC\system\CodeIgniter.php(355): CodeIgniter\CodeIgniter->handleRequest(NULL, Object(Config\Cache), false)
#12 E:\xampp\htdocs\Sistema_horarios_TCC\system\Boot.php(325): CodeIgniter\CodeIgniter->run()
#13 E:\xampp\htdocs\Sistema_horarios_TCC\system\Boot.php(67): CodeIgniter\Boot::runCodeIgniter(Object(CodeIgniter\CodeIgniter))
#14 E:\xampp\htdocs\Sistema_horarios_TCC\public\index.php(56): CodeIgniter\Boot::bootWeb(Object(Config\Paths))
#15 E:\xampp\htdocs\Sistema_horarios_TCC\system\rewrite.php(44): require_once('E:\\xampp\\htdocs...')
#16 {main}
CRITICAL - 2024-11-25 19:17:01 --> CodeIgniter\Database\Exceptions\DatabaseException: Cannot add or update a child row: a foreign key constraint fails (`sistema_horarios`.`horario_aula`, CONSTRAINT `fk_horario_aula_usuario` FOREIGN KEY (`professor`) REFERENCES `usuario` (`id_usuario`) ON DELETE NO ACTION ON UPDATE NO ACTION)
[Method: POST, Route: horario-aula/salvar]
in SYSTEMPATH\Database\BaseConnection.php on line 688.
 1 SYSTEMPATH\Database\BaseBuilder.php(2340): CodeIgniter\Database\BaseConnection->query('INSERT INTO `horario_aula` (`id_horario_aula`, `id_sala`, `codigo_turma`, `status`, `periodo_letivo`, `id_disciplina`, `dia_semana`, `horario`, `cor`, `professor`) VALUES (:id_horario_aula:, :id_sala:, :codigo_turma:, :status:, :periodo_letivo:, :id_disciplina:, :dia_semana:, :horario:, :cor:, :professor:)', [...], false)
 2 SYSTEMPATH\Model.php(394): CodeIgniter\Database\BaseBuilder->insert()
 3 SYSTEMPATH\BaseModel.php(840): CodeIgniter\Model->doInsert([...])
 4 SYSTEMPATH\Model.php(802): CodeIgniter\BaseModel->insert([...], false)
 5 SYSTEMPATH\BaseModel.php(751): CodeIgniter\Model->insert([...], false)
 6 APPPATH\Controllers\HorarioAula.php(90): CodeIgniter\BaseModel->save([...])
 7 SYSTEMPATH\CodeIgniter.php(933): App\Controllers\HorarioAula->salvarHorarioAula()
 8 SYSTEMPATH\CodeIgniter.php(509): CodeIgniter\CodeIgniter->runController(Object(App\Controllers\HorarioAula))
 9 SYSTEMPATH\CodeIgniter.php(355): CodeIgniter\CodeIgniter->handleRequest(null, Object(Config\Cache), false)
10 SYSTEMPATH\Boot.php(325): CodeIgniter\CodeIgniter->run()
11 SYSTEMPATH\Boot.php(67): CodeIgniter\Boot::runCodeIgniter(Object(CodeIgniter\CodeIgniter))
12 FCPATH\index.php(56): CodeIgniter\Boot::bootWeb(Object(Config\Paths))
13 SYSTEMPATH\rewrite.php(44): require_once('E:\\xampp\\htdocs\\Sistema_horarios_TCC\\public\\index.php')
CRITICAL - 2024-11-25 19:17:01 --> [Caused by] CodeIgniter\Database\Exceptions\DatabaseException: Cannot add or update a child row: a foreign key constraint fails (`sistema_horarios`.`horario_aula`, CONSTRAINT `fk_horario_aula_usuario` FOREIGN KEY (`professor`) REFERENCES `usuario` (`id_usuario`) ON DELETE NO ACTION ON UPDATE NO ACTION)
in SYSTEMPATH\Database\MySQLi\Connection.php on line 317.
 1 SYSTEMPATH\Database\BaseConnection.php(734): CodeIgniter\Database\MySQLi\Connection->execute('INSERT INTO `horario_aula` (`id_horario_aula`, `id_sala`, `codigo_turma`, `status`, `periodo_letivo`, `id_disciplina`, `dia_semana`, `horario`, `cor`, `professor`) VALUES (\'20241125191701\', \'1\', \'098A\', \'ativo\', \'98\', \'2\', 2, 3, \'#E12120\', \'Sem professor\')')
 2 SYSTEMPATH\Database\BaseConnection.php(648): CodeIgniter\Database\BaseConnection->simpleQuery('INSERT INTO `horario_aula` (`id_horario_aula`, `id_sala`, `codigo_turma`, `status`, `periodo_letivo`, `id_disciplina`, `dia_semana`, `horario`, `cor`, `professor`) VALUES (\'20241125191701\', \'1\', \'098A\', \'ativo\', \'98\', \'2\', 2, 3, \'#E12120\', \'Sem professor\')')
 3 SYSTEMPATH\Database\BaseBuilder.php(2340): CodeIgniter\Database\BaseConnection->query('INSERT INTO `horario_aula` (`id_horario_aula`, `id_sala`, `codigo_turma`, `status`, `periodo_letivo`, `id_disciplina`, `dia_semana`, `horario`, `cor`, `professor`) VALUES (:id_horario_aula:, :id_sala:, :codigo_turma:, :status:, :periodo_letivo:, :id_disciplina:, :dia_semana:, :horario:, :cor:, :professor:)', [...], false)
 4 SYSTEMPATH\Model.php(394): CodeIgniter\Database\BaseBuilder->insert()
 5 SYSTEMPATH\BaseModel.php(840): CodeIgniter\Model->doInsert([...])
 6 SYSTEMPATH\Model.php(802): CodeIgniter\BaseModel->insert([...], false)
 7 SYSTEMPATH\BaseModel.php(751): CodeIgniter\Model->insert([...], false)
 8 APPPATH\Controllers\HorarioAula.php(90): CodeIgniter\BaseModel->save([...])
 9 SYSTEMPATH\CodeIgniter.php(933): App\Controllers\HorarioAula->salvarHorarioAula()
10 SYSTEMPATH\CodeIgniter.php(509): CodeIgniter\CodeIgniter->runController(Object(App\Controllers\HorarioAula))
11 SYSTEMPATH\CodeIgniter.php(355): CodeIgniter\CodeIgniter->handleRequest(null, Object(Config\Cache), false)
12 SYSTEMPATH\Boot.php(325): CodeIgniter\CodeIgniter->run()
13 SYSTEMPATH\Boot.php(67): CodeIgniter\Boot::runCodeIgniter(Object(CodeIgniter\CodeIgniter))
14 FCPATH\index.php(56): CodeIgniter\Boot::bootWeb(Object(Config\Paths))
15 SYSTEMPATH\rewrite.php(44): require_once('E:\\xampp\\htdocs\\Sistema_horarios_TCC\\public\\index.php')
CRITICAL - 2024-11-25 19:17:01 --> [Caused by] mysqli_sql_exception: Cannot add or update a child row: a foreign key constraint fails (`sistema_horarios`.`horario_aula`, CONSTRAINT `fk_horario_aula_usuario` FOREIGN KEY (`professor`) REFERENCES `usuario` (`id_usuario`) ON DELETE NO ACTION ON UPDATE NO ACTION)
in SYSTEMPATH\Database\MySQLi\Connection.php on line 312.
 1 SYSTEMPATH\Database\MySQLi\Connection.php(312): mysqli->query('INSERT INTO `horario_aula` (`id_horario_aula`, `id_sala`, `codigo_turma`, `status`, `periodo_letivo`, `id_disciplina`, `dia_semana`, `horario`, `cor`, `professor`) VALUES (\'20241125191701\', \'1\', \'098A\', \'ativo\', \'98\', \'2\', 2, 3, \'#E12120\', \'Sem professor\')', 0)
 2 SYSTEMPATH\Database\BaseConnection.php(734): CodeIgniter\Database\MySQLi\Connection->execute('INSERT INTO `horario_aula` (`id_horario_aula`, `id_sala`, `codigo_turma`, `status`, `periodo_letivo`, `id_disciplina`, `dia_semana`, `horario`, `cor`, `professor`) VALUES (\'20241125191701\', \'1\', \'098A\', \'ativo\', \'98\', \'2\', 2, 3, \'#E12120\', \'Sem professor\')')
 3 SYSTEMPATH\Database\BaseConnection.php(648): CodeIgniter\Database\BaseConnection->simpleQuery('INSERT INTO `horario_aula` (`id_horario_aula`, `id_sala`, `codigo_turma`, `status`, `periodo_letivo`, `id_disciplina`, `dia_semana`, `horario`, `cor`, `professor`) VALUES (\'20241125191701\', \'1\', \'098A\', \'ativo\', \'98\', \'2\', 2, 3, \'#E12120\', \'Sem professor\')')
 4 SYSTEMPATH\Database\BaseBuilder.php(2340): CodeIgniter\Database\BaseConnection->query('INSERT INTO `horario_aula` (`id_horario_aula`, `id_sala`, `codigo_turma`, `status`, `periodo_letivo`, `id_disciplina`, `dia_semana`, `horario`, `cor`, `professor`) VALUES (:id_horario_aula:, :id_sala:, :codigo_turma:, :status:, :periodo_letivo:, :id_disciplina:, :dia_semana:, :horario:, :cor:, :professor:)', [...], false)
 5 SYSTEMPATH\Model.php(394): CodeIgniter\Database\BaseBuilder->insert()
 6 SYSTEMPATH\BaseModel.php(840): CodeIgniter\Model->doInsert([...])
 7 SYSTEMPATH\Model.php(802): CodeIgniter\BaseModel->insert([...], false)
 8 SYSTEMPATH\BaseModel.php(751): CodeIgniter\Model->insert([...], false)
 9 APPPATH\Controllers\HorarioAula.php(90): CodeIgniter\BaseModel->save([...])
10 SYSTEMPATH\CodeIgniter.php(933): App\Controllers\HorarioAula->salvarHorarioAula()
11 SYSTEMPATH\CodeIgniter.php(509): CodeIgniter\CodeIgniter->runController(Object(App\Controllers\HorarioAula))
12 SYSTEMPATH\CodeIgniter.php(355): CodeIgniter\CodeIgniter->handleRequest(null, Object(Config\Cache), false)
13 SYSTEMPATH\Boot.php(325): CodeIgniter\CodeIgniter->run()
14 SYSTEMPATH\Boot.php(67): CodeIgniter\Boot::runCodeIgniter(Object(CodeIgniter\CodeIgniter))
15 FCPATH\index.php(56): CodeIgniter\Boot::bootWeb(Object(Config\Paths))
16 SYSTEMPATH\rewrite.php(44): require_once('E:\\xampp\\htdocs\\Sistema_horarios_TCC\\public\\index.php')
CRITICAL - 2024-11-25 21:57:17 --> CodeIgniter\HTTP\Exceptions\BadRequestException: The URI you submitted has disallowed characters: "menu=menu_padrao"
[Method: GET, Route: menu=menu_padrao]
in SYSTEMPATH\Router\Router.php on line 737.
 1 SYSTEMPATH\Router\Router.php(204): CodeIgniter\Router\Router->checkDisallowedChars('menu=menu_padrao')
 2 SYSTEMPATH\CodeIgniter.php(834): CodeIgniter\Router\Router->handle('menu=menu_padrao')
 3 SYSTEMPATH\CodeIgniter.php(457): CodeIgniter\CodeIgniter->tryToRouteIt(Object(CodeIgniter\Router\RouteCollection))
 4 SYSTEMPATH\CodeIgniter.php(355): CodeIgniter\CodeIgniter->handleRequest(null, Object(Config\Cache), false)
 5 SYSTEMPATH\Boot.php(325): CodeIgniter\CodeIgniter->run()
 6 SYSTEMPATH\Boot.php(67): CodeIgniter\Boot::runCodeIgniter(Object(CodeIgniter\CodeIgniter))
 7 FCPATH\index.php(56): CodeIgniter\Boot::bootWeb(Object(Config\Paths))
 8 SYSTEMPATH\rewrite.php(44): require_once('E:\\xampp\\htdocs\\Sistema_horarios_TCC\\public\\index.php')
INFO - 2024-11-25 23:35:46 --> Session: Class initialized using 'CodeIgniter\Session\Handlers\FileHandler' driver.
INFO - 2024-11-25 23:35:51 --> Session: Class initialized using 'CodeIgniter\Session\Handlers\FileHandler' driver.
INFO - 2024-11-25 23:35:51 --> Session: Class initialized using 'CodeIgniter\Session\Handlers\FileHandler' driver.
ERROR - 2024-11-25 23:56:16 --> mysqli_sql_exception: Cannot add or update a child row: a foreign key constraint fails (`sistema_horarios`.`horario_aula`, CONSTRAINT `fk_horario_aula_usuario` FOREIGN KEY (`professor`) REFERENCES `usuario` (`id_usuario`) ON DELETE NO ACTION ON UPDATE NO ACTION) in E:\xampp\htdocs\Sistema_horarios_TCC\system\Database\MySQLi\Connection.php:312
Stack trace:
#0 E:\xampp\htdocs\Sistema_horarios_TCC\system\Database\MySQLi\Connection.php(312): mysqli->query('INSERT INTO `ho...', 0)
#1 E:\xampp\htdocs\Sistema_horarios_TCC\system\Database\BaseConnection.php(734): CodeIgniter\Database\MySQLi\Connection->execute('INSERT INTO `ho...')
#2 E:\xampp\htdocs\Sistema_horarios_TCC\system\Database\BaseConnection.php(648): CodeIgniter\Database\BaseConnection->simpleQuery('INSERT INTO `ho...')
#3 E:\xampp\htdocs\Sistema_horarios_TCC\system\Database\BaseBuilder.php(2340): CodeIgniter\Database\BaseConnection->query('INSERT INTO `ho...', Array, false)
#4 E:\xampp\htdocs\Sistema_horarios_TCC\system\Model.php(394): CodeIgniter\Database\BaseBuilder->insert()
#5 E:\xampp\htdocs\Sistema_horarios_TCC\system\BaseModel.php(840): CodeIgniter\Model->doInsert(Array)
#6 E:\xampp\htdocs\Sistema_horarios_TCC\system\Model.php(802): CodeIgniter\BaseModel->insert(Array, false)
#7 E:\xampp\htdocs\Sistema_horarios_TCC\system\BaseModel.php(751): CodeIgniter\Model->insert(Array, false)
#8 E:\xampp\htdocs\Sistema_horarios_TCC\app\Controllers\HorarioAula.php(90): CodeIgniter\BaseModel->save(Array)
#9 E:\xampp\htdocs\Sistema_horarios_TCC\system\CodeIgniter.php(933): App\Controllers\HorarioAula->salvarHorarioAula()
#10 E:\xampp\htdocs\Sistema_horarios_TCC\system\CodeIgniter.php(509): CodeIgniter\CodeIgniter->runController(Object(App\Controllers\HorarioAula))
#11 E:\xampp\htdocs\Sistema_horarios_TCC\system\CodeIgniter.php(355): CodeIgniter\CodeIgniter->handleRequest(NULL, Object(Config\Cache), false)
#12 E:\xampp\htdocs\Sistema_horarios_TCC\system\Boot.php(325): CodeIgniter\CodeIgniter->run()
#13 E:\xampp\htdocs\Sistema_horarios_TCC\system\Boot.php(67): CodeIgniter\Boot::runCodeIgniter(Object(CodeIgniter\CodeIgniter))
#14 E:\xampp\htdocs\Sistema_horarios_TCC\public\index.php(56): CodeIgniter\Boot::bootWeb(Object(Config\Paths))
#15 E:\xampp\htdocs\Sistema_horarios_TCC\system\rewrite.php(44): require_once('E:\\xampp\\htdocs...')
#16 {main}
CRITICAL - 2024-11-25 23:56:16 --> CodeIgniter\Database\Exceptions\DatabaseException: Cannot add or update a child row: a foreign key constraint fails (`sistema_horarios`.`horario_aula`, CONSTRAINT `fk_horario_aula_usuario` FOREIGN KEY (`professor`) REFERENCES `usuario` (`id_usuario`) ON DELETE NO ACTION ON UPDATE NO ACTION)
[Method: POST, Route: horario-aula/salvar]
in SYSTEMPATH\Database\BaseConnection.php on line 688.
 1 SYSTEMPATH\Database\BaseBuilder.php(2340): CodeIgniter\Database\BaseConnection->query('INSERT INTO `horario_aula` (`id_horario_aula`, `id_sala`, `codigo_turma`, `status`, `periodo_letivo`, `id_disciplina`, `dia_semana`, `horario`, `cor`, `professor`) VALUES (:id_horario_aula:, :id_sala:, :codigo_turma:, :status:, :periodo_letivo:, :id_disciplina:, :dia_semana:, :horario:, :cor:, :professor:)', [...], false)
 2 SYSTEMPATH\Model.php(394): CodeIgniter\Database\BaseBuilder->insert()
 3 SYSTEMPATH\BaseModel.php(840): CodeIgniter\Model->doInsert([...])
 4 SYSTEMPATH\Model.php(802): CodeIgniter\BaseModel->insert([...], false)
 5 SYSTEMPATH\BaseModel.php(751): CodeIgniter\Model->insert([...], false)
 6 APPPATH\Controllers\HorarioAula.php(90): CodeIgniter\BaseModel->save([...])
 7 SYSTEMPATH\CodeIgniter.php(933): App\Controllers\HorarioAula->salvarHorarioAula()
 8 SYSTEMPATH\CodeIgniter.php(509): CodeIgniter\CodeIgniter->runController(Object(App\Controllers\HorarioAula))
 9 SYSTEMPATH\CodeIgniter.php(355): CodeIgniter\CodeIgniter->handleRequest(null, Object(Config\Cache), false)
10 SYSTEMPATH\Boot.php(325): CodeIgniter\CodeIgniter->run()
11 SYSTEMPATH\Boot.php(67): CodeIgniter\Boot::runCodeIgniter(Object(CodeIgniter\CodeIgniter))
12 FCPATH\index.php(56): CodeIgniter\Boot::bootWeb(Object(Config\Paths))
13 SYSTEMPATH\rewrite.php(44): require_once('E:\\xampp\\htdocs\\Sistema_horarios_TCC\\public\\index.php')
CRITICAL - 2024-11-25 23:56:16 --> [Caused by] CodeIgniter\Database\Exceptions\DatabaseException: Cannot add or update a child row: a foreign key constraint fails (`sistema_horarios`.`horario_aula`, CONSTRAINT `fk_horario_aula_usuario` FOREIGN KEY (`professor`) REFERENCES `usuario` (`id_usuario`) ON DELETE NO ACTION ON UPDATE NO ACTION)
in SYSTEMPATH\Database\MySQLi\Connection.php on line 317.
 1 SYSTEMPATH\Database\BaseConnection.php(734): CodeIgniter\Database\MySQLi\Connection->execute('INSERT INTO `horario_aula` (`id_horario_aula`, `id_sala`, `codigo_turma`, `status`, `periodo_letivo`, `id_disciplina`, `dia_semana`, `horario`, `cor`, `professor`) VALUES (\'20241125235616\', \'1\', \'098A\', \'ativo\', \'88\', \'2\', 3, 4, \'#E12120\', \'Felipe\')')
 2 SYSTEMPATH\Database\BaseConnection.php(648): CodeIgniter\Database\BaseConnection->simpleQuery('INSERT INTO `horario_aula` (`id_horario_aula`, `id_sala`, `codigo_turma`, `status`, `periodo_letivo`, `id_disciplina`, `dia_semana`, `horario`, `cor`, `professor`) VALUES (\'20241125235616\', \'1\', \'098A\', \'ativo\', \'88\', \'2\', 3, 4, \'#E12120\', \'Felipe\')')
 3 SYSTEMPATH\Database\BaseBuilder.php(2340): CodeIgniter\Database\BaseConnection->query('INSERT INTO `horario_aula` (`id_horario_aula`, `id_sala`, `codigo_turma`, `status`, `periodo_letivo`, `id_disciplina`, `dia_semana`, `horario`, `cor`, `professor`) VALUES (:id_horario_aula:, :id_sala:, :codigo_turma:, :status:, :periodo_letivo:, :id_disciplina:, :dia_semana:, :horario:, :cor:, :professor:)', [...], false)
 4 SYSTEMPATH\Model.php(394): CodeIgniter\Database\BaseBuilder->insert()
 5 SYSTEMPATH\BaseModel.php(840): CodeIgniter\Model->doInsert([...])
 6 SYSTEMPATH\Model.php(802): CodeIgniter\BaseModel->insert([...], false)
 7 SYSTEMPATH\BaseModel.php(751): CodeIgniter\Model->insert([...], false)
 8 APPPATH\Controllers\HorarioAula.php(90): CodeIgniter\BaseModel->save([...])
 9 SYSTEMPATH\CodeIgniter.php(933): App\Controllers\HorarioAula->salvarHorarioAula()
10 SYSTEMPATH\CodeIgniter.php(509): CodeIgniter\CodeIgniter->runController(Object(App\Controllers\HorarioAula))
11 SYSTEMPATH\CodeIgniter.php(355): CodeIgniter\CodeIgniter->handleRequest(null, Object(Config\Cache), false)
12 SYSTEMPATH\Boot.php(325): CodeIgniter\CodeIgniter->run()
13 SYSTEMPATH\Boot.php(67): CodeIgniter\Boot::runCodeIgniter(Object(CodeIgniter\CodeIgniter))
14 FCPATH\index.php(56): CodeIgniter\Boot::bootWeb(Object(Config\Paths))
15 SYSTEMPATH\rewrite.php(44): require_once('E:\\xampp\\htdocs\\Sistema_horarios_TCC\\public\\index.php')
CRITICAL - 2024-11-25 23:56:16 --> [Caused by] mysqli_sql_exception: Cannot add or update a child row: a foreign key constraint fails (`sistema_horarios`.`horario_aula`, CONSTRAINT `fk_horario_aula_usuario` FOREIGN KEY (`professor`) REFERENCES `usuario` (`id_usuario`) ON DELETE NO ACTION ON UPDATE NO ACTION)
in SYSTEMPATH\Database\MySQLi\Connection.php on line 312.
 1 SYSTEMPATH\Database\MySQLi\Connection.php(312): mysqli->query('INSERT INTO `horario_aula` (`id_horario_aula`, `id_sala`, `codigo_turma`, `status`, `periodo_letivo`, `id_disciplina`, `dia_semana`, `horario`, `cor`, `professor`) VALUES (\'20241125235616\', \'1\', \'098A\', \'ativo\', \'88\', \'2\', 3, 4, \'#E12120\', \'Felipe\')', 0)
 2 SYSTEMPATH\Database\BaseConnection.php(734): CodeIgniter\Database\MySQLi\Connection->execute('INSERT INTO `horario_aula` (`id_horario_aula`, `id_sala`, `codigo_turma`, `status`, `periodo_letivo`, `id_disciplina`, `dia_semana`, `horario`, `cor`, `professor`) VALUES (\'20241125235616\', \'1\', \'098A\', \'ativo\', \'88\', \'2\', 3, 4, \'#E12120\', \'Felipe\')')
 3 SYSTEMPATH\Database\BaseConnection.php(648): CodeIgniter\Database\BaseConnection->simpleQuery('INSERT INTO `horario_aula` (`id_horario_aula`, `id_sala`, `codigo_turma`, `status`, `periodo_letivo`, `id_disciplina`, `dia_semana`, `horario`, `cor`, `professor`) VALUES (\'20241125235616\', \'1\', \'098A\', \'ativo\', \'88\', \'2\', 3, 4, \'#E12120\', \'Felipe\')')
 4 SYSTEMPATH\Database\BaseBuilder.php(2340): CodeIgniter\Database\BaseConnection->query('INSERT INTO `horario_aula` (`id_horario_aula`, `id_sala`, `codigo_turma`, `status`, `periodo_letivo`, `id_disciplina`, `dia_semana`, `horario`, `cor`, `professor`) VALUES (:id_horario_aula:, :id_sala:, :codigo_turma:, :status:, :periodo_letivo:, :id_disciplina:, :dia_semana:, :horario:, :cor:, :professor:)', [...], false)
 5 SYSTEMPATH\Model.php(394): CodeIgniter\Database\BaseBuilder->insert()
 6 SYSTEMPATH\BaseModel.php(840): CodeIgniter\Model->doInsert([...])
 7 SYSTEMPATH\Model.php(802): CodeIgniter\BaseModel->insert([...], false)
 8 SYSTEMPATH\BaseModel.php(751): CodeIgniter\Model->insert([...], false)
 9 APPPATH\Controllers\HorarioAula.php(90): CodeIgniter\BaseModel->save([...])
10 SYSTEMPATH\CodeIgniter.php(933): App\Controllers\HorarioAula->salvarHorarioAula()
11 SYSTEMPATH\CodeIgniter.php(509): CodeIgniter\CodeIgniter->runController(Object(App\Controllers\HorarioAula))
12 SYSTEMPATH\CodeIgniter.php(355): CodeIgniter\CodeIgniter->handleRequest(null, Object(Config\Cache), false)
13 SYSTEMPATH\Boot.php(325): CodeIgniter\CodeIgniter->run()
14 SYSTEMPATH\Boot.php(67): CodeIgniter\Boot::runCodeIgniter(Object(CodeIgniter\CodeIgniter))
15 FCPATH\index.php(56): CodeIgniter\Boot::bootWeb(Object(Config\Paths))
16 SYSTEMPATH\rewrite.php(44): require_once('E:\\xampp\\htdocs\\Sistema_horarios_TCC\\public\\index.php')
