CRITICAL - 2024-11-05 01:02:35 --> ErrorException: Undefined global variable $_SESSION
[Method: GET, Route: teste]
in APPPATH\Views\teste.php on line 65.
 1 APPPATH\Views\teste.php(65): CodeIgniter\Debug\Exceptions->errorHandler(2, 'Undefined global variable $_SESSION', 'E:\\xampp\\htdocs\\Sistema_horarios_TCC\\app\\Views\\teste.php', 65)
 2 SYSTEMPATH\View\View.php(234): include('E:\\xampp\\htdocs\\Sistema_horarios_TCC\\app\\Views\\teste.php')
 3 SYSTEMPATH\View\View.php(237): CodeIgniter\View\View->CodeIgniter\View\{closure}()
 4 SYSTEMPATH\Common.php(1171): CodeIgniter\View\View->render('teste', [], true)
 5 APPPATH\Controllers\Disciplina.php(46): view('teste', [...])
 6 SYSTEMPATH\CodeIgniter.php(933): App\Controllers\Disciplina->teste()
 7 SYSTEMPATH\CodeIgniter.php(509): CodeIgniter\CodeIgniter->runController(Object(App\Controllers\Disciplina))
 8 SYSTEMPATH\CodeIgniter.php(355): CodeIgniter\CodeIgniter->handleRequest(null, Object(Config\Cache), false)
 9 SYSTEMPATH\Boot.php(325): CodeIgniter\CodeIgniter->run()
10 SYSTEMPATH\Boot.php(67): CodeIgniter\Boot::runCodeIgniter(Object(CodeIgniter\CodeIgniter))
11 FCPATH\index.php(56): CodeIgniter\Boot::bootWeb(Object(Config\Paths))
12 SYSTEMPATH\rewrite.php(44): require_once('E:\\xampp\\htdocs\\Sistema_horarios_TCC\\public\\index.php')
CRITICAL - 2024-11-05 01:02:56 --> ErrorException: Undefined global variable $_SESSION
[Method: GET, Route: teste]
in APPPATH\Views\teste.php on line 65.
 1 APPPATH\Views\teste.php(65): CodeIgniter\Debug\Exceptions->errorHandler(2, 'Undefined global variable $_SESSION', 'E:\\xampp\\htdocs\\Sistema_horarios_TCC\\app\\Views\\teste.php', 65)
 2 SYSTEMPATH\View\View.php(234): include('E:\\xampp\\htdocs\\Sistema_horarios_TCC\\app\\Views\\teste.php')
 3 SYSTEMPATH\View\View.php(237): CodeIgniter\View\View->CodeIgniter\View\{closure}()
 4 SYSTEMPATH\Common.php(1171): CodeIgniter\View\View->render('teste', [], true)
 5 APPPATH\Controllers\Disciplina.php(46): view('teste', [...])
 6 SYSTEMPATH\CodeIgniter.php(933): App\Controllers\Disciplina->teste()
 7 SYSTEMPATH\CodeIgniter.php(509): CodeIgniter\CodeIgniter->runController(Object(App\Controllers\Disciplina))
 8 SYSTEMPATH\CodeIgniter.php(355): CodeIgniter\CodeIgniter->handleRequest(null, Object(Config\Cache), false)
 9 SYSTEMPATH\Boot.php(325): CodeIgniter\CodeIgniter->run()
10 SYSTEMPATH\Boot.php(67): CodeIgniter\Boot::runCodeIgniter(Object(CodeIgniter\CodeIgniter))
11 FCPATH\index.php(56): CodeIgniter\Boot::bootWeb(Object(Config\Paths))
12 SYSTEMPATH\rewrite.php(44): require_once('E:\\xampp\\htdocs\\Sistema_horarios_TCC\\public\\index.php')
CRITICAL - 2024-11-05 01:02:58 --> ErrorException: Undefined global variable $_SESSION
[Method: GET, Route: teste]
in APPPATH\Views\teste.php on line 65.
 1 APPPATH\Views\teste.php(65): CodeIgniter\Debug\Exceptions->errorHandler(2, 'Undefined global variable $_SESSION', 'E:\\xampp\\htdocs\\Sistema_horarios_TCC\\app\\Views\\teste.php', 65)
 2 SYSTEMPATH\View\View.php(234): include('E:\\xampp\\htdocs\\Sistema_horarios_TCC\\app\\Views\\teste.php')
 3 SYSTEMPATH\View\View.php(237): CodeIgniter\View\View->CodeIgniter\View\{closure}()
 4 SYSTEMPATH\Common.php(1171): CodeIgniter\View\View->render('teste', [], true)
 5 APPPATH\Controllers\Disciplina.php(46): view('teste', [...])
 6 SYSTEMPATH\CodeIgniter.php(933): App\Controllers\Disciplina->teste()
 7 SYSTEMPATH\CodeIgniter.php(509): CodeIgniter\CodeIgniter->runController(Object(App\Controllers\Disciplina))
 8 SYSTEMPATH\CodeIgniter.php(355): CodeIgniter\CodeIgniter->handleRequest(null, Object(Config\Cache), false)
 9 SYSTEMPATH\Boot.php(325): CodeIgniter\CodeIgniter->run()
10 SYSTEMPATH\Boot.php(67): CodeIgniter\Boot::runCodeIgniter(Object(CodeIgniter\CodeIgniter))
11 FCPATH\index.php(56): CodeIgniter\Boot::bootWeb(Object(Config\Paths))
12 SYSTEMPATH\rewrite.php(44): require_once('E:\\xampp\\htdocs\\Sistema_horarios_TCC\\public\\index.php')
CRITICAL - 2024-11-05 01:02:59 --> ErrorException: Undefined global variable $_SESSION
[Method: GET, Route: teste]
in APPPATH\Views\teste.php on line 65.
 1 APPPATH\Views\teste.php(65): CodeIgniter\Debug\Exceptions->errorHandler(2, 'Undefined global variable $_SESSION', 'E:\\xampp\\htdocs\\Sistema_horarios_TCC\\app\\Views\\teste.php', 65)
 2 SYSTEMPATH\View\View.php(234): include('E:\\xampp\\htdocs\\Sistema_horarios_TCC\\app\\Views\\teste.php')
 3 SYSTEMPATH\View\View.php(237): CodeIgniter\View\View->CodeIgniter\View\{closure}()
 4 SYSTEMPATH\Common.php(1171): CodeIgniter\View\View->render('teste', [], true)
 5 APPPATH\Controllers\Disciplina.php(46): view('teste', [...])
 6 SYSTEMPATH\CodeIgniter.php(933): App\Controllers\Disciplina->teste()
 7 SYSTEMPATH\CodeIgniter.php(509): CodeIgniter\CodeIgniter->runController(Object(App\Controllers\Disciplina))
 8 SYSTEMPATH\CodeIgniter.php(355): CodeIgniter\CodeIgniter->handleRequest(null, Object(Config\Cache), false)
 9 SYSTEMPATH\Boot.php(325): CodeIgniter\CodeIgniter->run()
10 SYSTEMPATH\Boot.php(67): CodeIgniter\Boot::runCodeIgniter(Object(CodeIgniter\CodeIgniter))
11 FCPATH\index.php(56): CodeIgniter\Boot::bootWeb(Object(Config\Paths))
12 SYSTEMPATH\rewrite.php(44): require_once('E:\\xampp\\htdocs\\Sistema_horarios_TCC\\public\\index.php')
CRITICAL - 2024-11-05 02:33:08 --> CodeIgniter\View\Exceptions\ViewException: Invalid file: "teste2.php"
[Method: GET, Route: lista/disciplina]
in SYSTEMPATH\Exceptions\FrameworkException.php on line 41.
 1 SYSTEMPATH\View\View.php(222): CodeIgniter\Exceptions\FrameworkException::forInvalidFile('teste2.php')
 2 SYSTEMPATH\Common.php(1171): CodeIgniter\View\View->render('teste2', [], true)
 3 APPPATH\Controllers\Disciplina.php(51): view('teste2')
 4 SYSTEMPATH\CodeIgniter.php(933): App\Controllers\Disciplina->teste2()
 5 SYSTEMPATH\CodeIgniter.php(509): CodeIgniter\CodeIgniter->runController(Object(App\Controllers\Disciplina))
 6 SYSTEMPATH\CodeIgniter.php(355): CodeIgniter\CodeIgniter->handleRequest(null, Object(Config\Cache), false)
 7 SYSTEMPATH\Boot.php(325): CodeIgniter\CodeIgniter->run()
 8 SYSTEMPATH\Boot.php(67): CodeIgniter\Boot::runCodeIgniter(Object(CodeIgniter\CodeIgniter))
 9 FCPATH\index.php(56): CodeIgniter\Boot::bootWeb(Object(Config\Paths))
10 SYSTEMPATH\rewrite.php(44): require_once('E:\\xampp\\htdocs\\Sistema_horarios_TCC\\public\\index.php')
CRITICAL - 2024-11-05 02:38:37 --> Error: Undefined constant "PUBLICPATH"
[Method: GET, Route: lista/]
in APPPATH\Views\listar_disciplina.php on line 41.
 1 SYSTEMPATH\View\View.php(234): include()
 2 SYSTEMPATH\View\View.php(237): CodeIgniter\View\View->CodeIgniter\View\{closure}()
 3 SYSTEMPATH\Common.php(1171): CodeIgniter\View\View->render('listar_disciplina', [], true)
 4 APPPATH\Controllers\Disciplina.php(51): view('listar_disciplina')
 5 SYSTEMPATH\CodeIgniter.php(933): App\Controllers\Disciplina->teste2()
 6 SYSTEMPATH\CodeIgniter.php(509): CodeIgniter\CodeIgniter->runController(Object(App\Controllers\Disciplina))
 7 SYSTEMPATH\CodeIgniter.php(355): CodeIgniter\CodeIgniter->handleRequest(null, Object(Config\Cache), false)
 8 SYSTEMPATH\Boot.php(325): CodeIgniter\CodeIgniter->run()
 9 SYSTEMPATH\Boot.php(67): CodeIgniter\Boot::runCodeIgniter(Object(CodeIgniter\CodeIgniter))
10 FCPATH\index.php(56): CodeIgniter\Boot::bootWeb(Object(Config\Paths))
11 SYSTEMPATH\rewrite.php(44): require_once('E:\\xampp\\htdocs\\Sistema_horarios_TCC\\public\\index.php')
INFO - 2024-11-05 12:28:25 --> Session: Class initialized using 'CodeIgniter\Session\Handlers\FileHandler' driver.
CRITICAL - 2024-11-05 12:28:25 --> ErrorException: Undefined variable $subjects
[Method: GET, Route: /]
in APPPATH\Views\index.php on line 27.
 1 APPPATH\Views\index.php(27): CodeIgniter\Debug\Exceptions->errorHandler(2, 'Undefined variable $subjects', 'E:\\xampp\\htdocs\\Sistema_horarios_TCC\\app\\Views\\index.php', 27)
 2 SYSTEMPATH\View\View.php(234): include('E:\\xampp\\htdocs\\Sistema_horarios_TCC\\app\\Views\\index.php')
 3 SYSTEMPATH\View\View.php(237): CodeIgniter\View\View->CodeIgniter\View\{closure}()
 4 SYSTEMPATH\Common.php(1171): CodeIgniter\View\View->render('index', [], true)
 5 APPPATH\Controllers\Disciplina.php(39): view('index', [...])
 6 SYSTEMPATH\CodeIgniter.php(933): App\Controllers\Disciplina->listarDisciplina()
 7 SYSTEMPATH\CodeIgniter.php(509): CodeIgniter\CodeIgniter->runController(Object(App\Controllers\Disciplina))
 8 SYSTEMPATH\CodeIgniter.php(355): CodeIgniter\CodeIgniter->handleRequest(null, Object(Config\Cache), false)
 9 SYSTEMPATH\Boot.php(325): CodeIgniter\CodeIgniter->run()
10 SYSTEMPATH\Boot.php(67): CodeIgniter\Boot::runCodeIgniter(Object(CodeIgniter\CodeIgniter))
11 FCPATH\index.php(56): CodeIgniter\Boot::bootWeb(Object(Config\Paths))
12 SYSTEMPATH\rewrite.php(44): require_once('E:\\xampp\\htdocs\\Sistema_horarios_TCC\\public\\index.php')
INFO - 2024-11-05 12:29:41 --> Session: Class initialized using 'CodeIgniter\Session\Handlers\FileHandler' driver.
CRITICAL - 2024-11-05 12:29:41 --> ErrorException: Undefined variable $subjects
[Method: GET, Route: /]
in APPPATH\Views\index.php on line 27.
 1 APPPATH\Views\index.php(27): CodeIgniter\Debug\Exceptions->errorHandler(2, 'Undefined variable $subjects', 'E:\\xampp\\htdocs\\Sistema_horarios_TCC\\app\\Views\\index.php', 27)
 2 SYSTEMPATH\View\View.php(234): include('E:\\xampp\\htdocs\\Sistema_horarios_TCC\\app\\Views\\index.php')
 3 SYSTEMPATH\View\View.php(237): CodeIgniter\View\View->CodeIgniter\View\{closure}()
 4 SYSTEMPATH\Common.php(1171): CodeIgniter\View\View->render('index', [], true)
 5 APPPATH\Controllers\Disciplina.php(39): view('index', [...])
 6 SYSTEMPATH\CodeIgniter.php(933): App\Controllers\Disciplina->listarDisciplina()
 7 SYSTEMPATH\CodeIgniter.php(509): CodeIgniter\CodeIgniter->runController(Object(App\Controllers\Disciplina))
 8 SYSTEMPATH\CodeIgniter.php(355): CodeIgniter\CodeIgniter->handleRequest(null, Object(Config\Cache), false)
 9 SYSTEMPATH\Boot.php(325): CodeIgniter\CodeIgniter->run()
10 SYSTEMPATH\Boot.php(67): CodeIgniter\Boot::runCodeIgniter(Object(CodeIgniter\CodeIgniter))
11 FCPATH\index.php(56): CodeIgniter\Boot::bootWeb(Object(Config\Paths))
12 SYSTEMPATH\rewrite.php(44): require_once('E:\\xampp\\htdocs\\Sistema_horarios_TCC\\public\\index.php')
INFO - 2024-11-05 12:29:43 --> Session: Class initialized using 'CodeIgniter\Session\Handlers\FileHandler' driver.
CRITICAL - 2024-11-05 12:29:43 --> ErrorException: Undefined variable $subjects
[Method: GET, Route: /]
in APPPATH\Views\index.php on line 27.
 1 APPPATH\Views\index.php(27): CodeIgniter\Debug\Exceptions->errorHandler(2, 'Undefined variable $subjects', 'E:\\xampp\\htdocs\\Sistema_horarios_TCC\\app\\Views\\index.php', 27)
 2 SYSTEMPATH\View\View.php(234): include('E:\\xampp\\htdocs\\Sistema_horarios_TCC\\app\\Views\\index.php')
 3 SYSTEMPATH\View\View.php(237): CodeIgniter\View\View->CodeIgniter\View\{closure}()
 4 SYSTEMPATH\Common.php(1171): CodeIgniter\View\View->render('index', [], true)
 5 APPPATH\Controllers\Disciplina.php(39): view('index', [...])
 6 SYSTEMPATH\CodeIgniter.php(933): App\Controllers\Disciplina->listarDisciplina()
 7 SYSTEMPATH\CodeIgniter.php(509): CodeIgniter\CodeIgniter->runController(Object(App\Controllers\Disciplina))
 8 SYSTEMPATH\CodeIgniter.php(355): CodeIgniter\CodeIgniter->handleRequest(null, Object(Config\Cache), false)
 9 SYSTEMPATH\Boot.php(325): CodeIgniter\CodeIgniter->run()
10 SYSTEMPATH\Boot.php(67): CodeIgniter\Boot::runCodeIgniter(Object(CodeIgniter\CodeIgniter))
11 FCPATH\index.php(56): CodeIgniter\Boot::bootWeb(Object(Config\Paths))
12 SYSTEMPATH\rewrite.php(44): require_once('E:\\xampp\\htdocs\\Sistema_horarios_TCC\\public\\index.php')
INFO - 2024-11-05 12:31:14 --> Session: Class initialized using 'CodeIgniter\Session\Handlers\FileHandler' driver.
CRITICAL - 2024-11-05 12:31:14 --> ErrorException: Undefined variable $subjects
[Method: GET, Route: /]
in APPPATH\Views\index.php on line 27.
 1 APPPATH\Views\index.php(27): CodeIgniter\Debug\Exceptions->errorHandler(2, 'Undefined variable $subjects', 'E:\\xampp\\htdocs\\Sistema_horarios_TCC\\app\\Views\\index.php', 27)
 2 SYSTEMPATH\View\View.php(234): include('E:\\xampp\\htdocs\\Sistema_horarios_TCC\\app\\Views\\index.php')
 3 SYSTEMPATH\View\View.php(237): CodeIgniter\View\View->CodeIgniter\View\{closure}()
 4 SYSTEMPATH\Common.php(1171): CodeIgniter\View\View->render('index', [], true)
 5 APPPATH\Controllers\Disciplina.php(39): view('index', [...])
 6 SYSTEMPATH\CodeIgniter.php(933): App\Controllers\Disciplina->listarDisciplina()
 7 SYSTEMPATH\CodeIgniter.php(509): CodeIgniter\CodeIgniter->runController(Object(App\Controllers\Disciplina))
 8 SYSTEMPATH\CodeIgniter.php(355): CodeIgniter\CodeIgniter->handleRequest(null, Object(Config\Cache), false)
 9 SYSTEMPATH\Boot.php(325): CodeIgniter\CodeIgniter->run()
10 SYSTEMPATH\Boot.php(67): CodeIgniter\Boot::runCodeIgniter(Object(CodeIgniter\CodeIgniter))
11 FCPATH\index.php(56): CodeIgniter\Boot::bootWeb(Object(Config\Paths))
12 SYSTEMPATH\rewrite.php(44): require_once('E:\\xampp\\htdocs\\Sistema_horarios_TCC\\public\\index.php')
INFO - 2024-11-05 12:31:15 --> Session: Class initialized using 'CodeIgniter\Session\Handlers\FileHandler' driver.
CRITICAL - 2024-11-05 12:31:15 --> ErrorException: Undefined variable $subjects
[Method: GET, Route: /]
in APPPATH\Views\index.php on line 27.
 1 APPPATH\Views\index.php(27): CodeIgniter\Debug\Exceptions->errorHandler(2, 'Undefined variable $subjects', 'E:\\xampp\\htdocs\\Sistema_horarios_TCC\\app\\Views\\index.php', 27)
 2 SYSTEMPATH\View\View.php(234): include('E:\\xampp\\htdocs\\Sistema_horarios_TCC\\app\\Views\\index.php')
 3 SYSTEMPATH\View\View.php(237): CodeIgniter\View\View->CodeIgniter\View\{closure}()
 4 SYSTEMPATH\Common.php(1171): CodeIgniter\View\View->render('index', [], true)
 5 APPPATH\Controllers\Disciplina.php(39): view('index', [...])
 6 SYSTEMPATH\CodeIgniter.php(933): App\Controllers\Disciplina->listarDisciplina()
 7 SYSTEMPATH\CodeIgniter.php(509): CodeIgniter\CodeIgniter->runController(Object(App\Controllers\Disciplina))
 8 SYSTEMPATH\CodeIgniter.php(355): CodeIgniter\CodeIgniter->handleRequest(null, Object(Config\Cache), false)
 9 SYSTEMPATH\Boot.php(325): CodeIgniter\CodeIgniter->run()
10 SYSTEMPATH\Boot.php(67): CodeIgniter\Boot::runCodeIgniter(Object(CodeIgniter\CodeIgniter))
11 FCPATH\index.php(56): CodeIgniter\Boot::bootWeb(Object(Config\Paths))
12 SYSTEMPATH\rewrite.php(44): require_once('E:\\xampp\\htdocs\\Sistema_horarios_TCC\\public\\index.php')
INFO - 2024-11-05 12:31:21 --> Session: Class initialized using 'CodeIgniter\Session\Handlers\FileHandler' driver.
CRITICAL - 2024-11-05 12:31:21 --> ErrorException: Undefined variable $subjects
[Method: GET, Route: /]
in APPPATH\Views\index.php on line 27.
 1 APPPATH\Views\index.php(27): CodeIgniter\Debug\Exceptions->errorHandler(2, 'Undefined variable $subjects', 'E:\\xampp\\htdocs\\Sistema_horarios_TCC\\app\\Views\\index.php', 27)
 2 SYSTEMPATH\View\View.php(234): include('E:\\xampp\\htdocs\\Sistema_horarios_TCC\\app\\Views\\index.php')
 3 SYSTEMPATH\View\View.php(237): CodeIgniter\View\View->CodeIgniter\View\{closure}()
 4 SYSTEMPATH\Common.php(1171): CodeIgniter\View\View->render('index', [], true)
 5 APPPATH\Controllers\Disciplina.php(39): view('index', [...])
 6 SYSTEMPATH\CodeIgniter.php(933): App\Controllers\Disciplina->listarDisciplina()
 7 SYSTEMPATH\CodeIgniter.php(509): CodeIgniter\CodeIgniter->runController(Object(App\Controllers\Disciplina))
 8 SYSTEMPATH\CodeIgniter.php(355): CodeIgniter\CodeIgniter->handleRequest(null, Object(Config\Cache), false)
 9 SYSTEMPATH\Boot.php(325): CodeIgniter\CodeIgniter->run()
10 SYSTEMPATH\Boot.php(67): CodeIgniter\Boot::runCodeIgniter(Object(CodeIgniter\CodeIgniter))
11 FCPATH\index.php(56): CodeIgniter\Boot::bootWeb(Object(Config\Paths))
12 SYSTEMPATH\rewrite.php(44): require_once('E:\\xampp\\htdocs\\Sistema_horarios_TCC\\public\\index.php')
INFO - 2024-11-05 12:31:29 --> Session: Class initialized using 'CodeIgniter\Session\Handlers\FileHandler' driver.
CRITICAL - 2024-11-05 12:31:29 --> ErrorException: Undefined variable $subjects
[Method: GET, Route: /]
in APPPATH\Views\index.php on line 27.
 1 APPPATH\Views\index.php(27): CodeIgniter\Debug\Exceptions->errorHandler(2, 'Undefined variable $subjects', 'E:\\xampp\\htdocs\\Sistema_horarios_TCC\\app\\Views\\index.php', 27)
 2 SYSTEMPATH\View\View.php(234): include('E:\\xampp\\htdocs\\Sistema_horarios_TCC\\app\\Views\\index.php')
 3 SYSTEMPATH\View\View.php(237): CodeIgniter\View\View->CodeIgniter\View\{closure}()
 4 SYSTEMPATH\Common.php(1171): CodeIgniter\View\View->render('index', [], true)
 5 APPPATH\Controllers\Disciplina.php(39): view('index', [...])
 6 SYSTEMPATH\CodeIgniter.php(933): App\Controllers\Disciplina->listarDisciplina()
 7 SYSTEMPATH\CodeIgniter.php(509): CodeIgniter\CodeIgniter->runController(Object(App\Controllers\Disciplina))
 8 SYSTEMPATH\CodeIgniter.php(355): CodeIgniter\CodeIgniter->handleRequest(null, Object(Config\Cache), false)
 9 SYSTEMPATH\Boot.php(325): CodeIgniter\CodeIgniter->run()
10 SYSTEMPATH\Boot.php(67): CodeIgniter\Boot::runCodeIgniter(Object(CodeIgniter\CodeIgniter))
11 FCPATH\index.php(56): CodeIgniter\Boot::bootWeb(Object(Config\Paths))
12 SYSTEMPATH\rewrite.php(44): require_once('E:\\xampp\\htdocs\\Sistema_horarios_TCC\\public\\index.php')
INFO - 2024-11-05 12:31:30 --> Session: Class initialized using 'CodeIgniter\Session\Handlers\FileHandler' driver.
CRITICAL - 2024-11-05 12:31:30 --> ErrorException: Undefined variable $subjects
[Method: GET, Route: /]
in APPPATH\Views\index.php on line 27.
 1 APPPATH\Views\index.php(27): CodeIgniter\Debug\Exceptions->errorHandler(2, 'Undefined variable $subjects', 'E:\\xampp\\htdocs\\Sistema_horarios_TCC\\app\\Views\\index.php', 27)
 2 SYSTEMPATH\View\View.php(234): include('E:\\xampp\\htdocs\\Sistema_horarios_TCC\\app\\Views\\index.php')
 3 SYSTEMPATH\View\View.php(237): CodeIgniter\View\View->CodeIgniter\View\{closure}()
 4 SYSTEMPATH\Common.php(1171): CodeIgniter\View\View->render('index', [], true)
 5 APPPATH\Controllers\Disciplina.php(39): view('index', [...])
 6 SYSTEMPATH\CodeIgniter.php(933): App\Controllers\Disciplina->listarDisciplina()
 7 SYSTEMPATH\CodeIgniter.php(509): CodeIgniter\CodeIgniter->runController(Object(App\Controllers\Disciplina))
 8 SYSTEMPATH\CodeIgniter.php(355): CodeIgniter\CodeIgniter->handleRequest(null, Object(Config\Cache), false)
 9 SYSTEMPATH\Boot.php(325): CodeIgniter\CodeIgniter->run()
10 SYSTEMPATH\Boot.php(67): CodeIgniter\Boot::runCodeIgniter(Object(CodeIgniter\CodeIgniter))
11 FCPATH\index.php(56): CodeIgniter\Boot::bootWeb(Object(Config\Paths))
12 SYSTEMPATH\rewrite.php(44): require_once('E:\\xampp\\htdocs\\Sistema_horarios_TCC\\public\\index.php')
INFO - 2024-11-05 12:31:30 --> Session: Class initialized using 'CodeIgniter\Session\Handlers\FileHandler' driver.
CRITICAL - 2024-11-05 12:31:30 --> ErrorException: Undefined variable $subjects
[Method: GET, Route: /]
in APPPATH\Views\index.php on line 27.
 1 APPPATH\Views\index.php(27): CodeIgniter\Debug\Exceptions->errorHandler(2, 'Undefined variable $subjects', 'E:\\xampp\\htdocs\\Sistema_horarios_TCC\\app\\Views\\index.php', 27)
 2 SYSTEMPATH\View\View.php(234): include('E:\\xampp\\htdocs\\Sistema_horarios_TCC\\app\\Views\\index.php')
 3 SYSTEMPATH\View\View.php(237): CodeIgniter\View\View->CodeIgniter\View\{closure}()
 4 SYSTEMPATH\Common.php(1171): CodeIgniter\View\View->render('index', [], true)
 5 APPPATH\Controllers\Disciplina.php(39): view('index', [...])
 6 SYSTEMPATH\CodeIgniter.php(933): App\Controllers\Disciplina->listarDisciplina()
 7 SYSTEMPATH\CodeIgniter.php(509): CodeIgniter\CodeIgniter->runController(Object(App\Controllers\Disciplina))
 8 SYSTEMPATH\CodeIgniter.php(355): CodeIgniter\CodeIgniter->handleRequest(null, Object(Config\Cache), false)
 9 SYSTEMPATH\Boot.php(325): CodeIgniter\CodeIgniter->run()
10 SYSTEMPATH\Boot.php(67): CodeIgniter\Boot::runCodeIgniter(Object(CodeIgniter\CodeIgniter))
11 FCPATH\index.php(56): CodeIgniter\Boot::bootWeb(Object(Config\Paths))
12 SYSTEMPATH\rewrite.php(44): require_once('E:\\xampp\\htdocs\\Sistema_horarios_TCC\\public\\index.php')
INFO - 2024-11-05 12:31:31 --> Session: Class initialized using 'CodeIgniter\Session\Handlers\FileHandler' driver.
CRITICAL - 2024-11-05 12:31:31 --> ErrorException: Undefined variable $subjects
[Method: GET, Route: /]
in APPPATH\Views\index.php on line 27.
 1 APPPATH\Views\index.php(27): CodeIgniter\Debug\Exceptions->errorHandler(2, 'Undefined variable $subjects', 'E:\\xampp\\htdocs\\Sistema_horarios_TCC\\app\\Views\\index.php', 27)
 2 SYSTEMPATH\View\View.php(234): include('E:\\xampp\\htdocs\\Sistema_horarios_TCC\\app\\Views\\index.php')
 3 SYSTEMPATH\View\View.php(237): CodeIgniter\View\View->CodeIgniter\View\{closure}()
 4 SYSTEMPATH\Common.php(1171): CodeIgniter\View\View->render('index', [], true)
 5 APPPATH\Controllers\Disciplina.php(39): view('index', [...])
 6 SYSTEMPATH\CodeIgniter.php(933): App\Controllers\Disciplina->listarDisciplina()
 7 SYSTEMPATH\CodeIgniter.php(509): CodeIgniter\CodeIgniter->runController(Object(App\Controllers\Disciplina))
 8 SYSTEMPATH\CodeIgniter.php(355): CodeIgniter\CodeIgniter->handleRequest(null, Object(Config\Cache), false)
 9 SYSTEMPATH\Boot.php(325): CodeIgniter\CodeIgniter->run()
10 SYSTEMPATH\Boot.php(67): CodeIgniter\Boot::runCodeIgniter(Object(CodeIgniter\CodeIgniter))
11 FCPATH\index.php(56): CodeIgniter\Boot::bootWeb(Object(Config\Paths))
12 SYSTEMPATH\rewrite.php(44): require_once('E:\\xampp\\htdocs\\Sistema_horarios_TCC\\public\\index.php')
INFO - 2024-11-05 12:31:31 --> Session: Class initialized using 'CodeIgniter\Session\Handlers\FileHandler' driver.
CRITICAL - 2024-11-05 12:31:31 --> ErrorException: Undefined variable $subjects
[Method: GET, Route: /]
in APPPATH\Views\index.php on line 27.
 1 APPPATH\Views\index.php(27): CodeIgniter\Debug\Exceptions->errorHandler(2, 'Undefined variable $subjects', 'E:\\xampp\\htdocs\\Sistema_horarios_TCC\\app\\Views\\index.php', 27)
 2 SYSTEMPATH\View\View.php(234): include('E:\\xampp\\htdocs\\Sistema_horarios_TCC\\app\\Views\\index.php')
 3 SYSTEMPATH\View\View.php(237): CodeIgniter\View\View->CodeIgniter\View\{closure}()
 4 SYSTEMPATH\Common.php(1171): CodeIgniter\View\View->render('index', [], true)
 5 APPPATH\Controllers\Disciplina.php(39): view('index', [...])
 6 SYSTEMPATH\CodeIgniter.php(933): App\Controllers\Disciplina->listarDisciplina()
 7 SYSTEMPATH\CodeIgniter.php(509): CodeIgniter\CodeIgniter->runController(Object(App\Controllers\Disciplina))
 8 SYSTEMPATH\CodeIgniter.php(355): CodeIgniter\CodeIgniter->handleRequest(null, Object(Config\Cache), false)
 9 SYSTEMPATH\Boot.php(325): CodeIgniter\CodeIgniter->run()
10 SYSTEMPATH\Boot.php(67): CodeIgniter\Boot::runCodeIgniter(Object(CodeIgniter\CodeIgniter))
11 FCPATH\index.php(56): CodeIgniter\Boot::bootWeb(Object(Config\Paths))
12 SYSTEMPATH\rewrite.php(44): require_once('E:\\xampp\\htdocs\\Sistema_horarios_TCC\\public\\index.php')
INFO - 2024-11-05 12:31:31 --> Session: Class initialized using 'CodeIgniter\Session\Handlers\FileHandler' driver.
CRITICAL - 2024-11-05 12:31:31 --> ErrorException: Undefined variable $subjects
[Method: GET, Route: /]
in APPPATH\Views\index.php on line 27.
 1 APPPATH\Views\index.php(27): CodeIgniter\Debug\Exceptions->errorHandler(2, 'Undefined variable $subjects', 'E:\\xampp\\htdocs\\Sistema_horarios_TCC\\app\\Views\\index.php', 27)
 2 SYSTEMPATH\View\View.php(234): include('E:\\xampp\\htdocs\\Sistema_horarios_TCC\\app\\Views\\index.php')
 3 SYSTEMPATH\View\View.php(237): CodeIgniter\View\View->CodeIgniter\View\{closure}()
 4 SYSTEMPATH\Common.php(1171): CodeIgniter\View\View->render('index', [], true)
 5 APPPATH\Controllers\Disciplina.php(39): view('index', [...])
 6 SYSTEMPATH\CodeIgniter.php(933): App\Controllers\Disciplina->listarDisciplina()
 7 SYSTEMPATH\CodeIgniter.php(509): CodeIgniter\CodeIgniter->runController(Object(App\Controllers\Disciplina))
 8 SYSTEMPATH\CodeIgniter.php(355): CodeIgniter\CodeIgniter->handleRequest(null, Object(Config\Cache), false)
 9 SYSTEMPATH\Boot.php(325): CodeIgniter\CodeIgniter->run()
10 SYSTEMPATH\Boot.php(67): CodeIgniter\Boot::runCodeIgniter(Object(CodeIgniter\CodeIgniter))
11 FCPATH\index.php(56): CodeIgniter\Boot::bootWeb(Object(Config\Paths))
12 SYSTEMPATH\rewrite.php(44): require_once('E:\\xampp\\htdocs\\Sistema_horarios_TCC\\public\\index.php')
CRITICAL - 2024-11-05 12:31:53 --> CodeIgniter\View\Exceptions\ViewException: Invalid file: "subject/index.php"
[Method: GET, Route: subject]
in SYSTEMPATH\Exceptions\FrameworkException.php on line 41.
 1 SYSTEMPATH\View\View.php(222): CodeIgniter\Exceptions\FrameworkException::forInvalidFile('subject/index.php')
 2 SYSTEMPATH\Common.php(1171): CodeIgniter\View\View->render('subject/index', [], true)
 3 APPPATH\Controllers\SubjectController.php(15): view('subject/index', [...])
 4 SYSTEMPATH\CodeIgniter.php(933): App\Controllers\SubjectController->index()
 5 SYSTEMPATH\CodeIgniter.php(509): CodeIgniter\CodeIgniter->runController(Object(App\Controllers\SubjectController))
 6 SYSTEMPATH\CodeIgniter.php(355): CodeIgniter\CodeIgniter->handleRequest(null, Object(Config\Cache), false)
 7 SYSTEMPATH\Boot.php(325): CodeIgniter\CodeIgniter->run()
 8 SYSTEMPATH\Boot.php(67): CodeIgniter\Boot::runCodeIgniter(Object(CodeIgniter\CodeIgniter))
 9 FCPATH\index.php(56): CodeIgniter\Boot::bootWeb(Object(Config\Paths))
10 SYSTEMPATH\rewrite.php(44): require_once('E:\\xampp\\htdocs\\Sistema_horarios_TCC\\public\\index.php')
INFO - 2024-11-05 12:32:34 --> Session: Class initialized using 'CodeIgniter\Session\Handlers\FileHandler' driver.
CRITICAL - 2024-11-05 12:32:34 --> CodeIgniter\View\Exceptions\ViewException: Invalid file: "layouts/footer.php"
[Method: GET, Route: subject]
in SYSTEMPATH\Exceptions\FrameworkException.php on line 41.
 1 SYSTEMPATH\View\View.php(222): CodeIgniter\Exceptions\FrameworkException::forInvalidFile('layouts/footer.php')
 2 SYSTEMPATH\Common.php(1171): CodeIgniter\View\View->render('layouts/footer', [], true)
 3 APPPATH\Views\index.php(42): view('layouts/footer')
 4 SYSTEMPATH\View\View.php(234): include('E:\\xampp\\htdocs\\Sistema_horarios_TCC\\app\\Views\\index.php')
 5 SYSTEMPATH\View\View.php(237): CodeIgniter\View\View->CodeIgniter\View\{closure}()
 6 SYSTEMPATH\Common.php(1171): CodeIgniter\View\View->render('index', [], true)
 7 APPPATH\Controllers\SubjectController.php(15): view('index', [...])
 8 SYSTEMPATH\CodeIgniter.php(933): App\Controllers\SubjectController->index()
 9 SYSTEMPATH\CodeIgniter.php(509): CodeIgniter\CodeIgniter->runController(Object(App\Controllers\SubjectController))
10 SYSTEMPATH\CodeIgniter.php(355): CodeIgniter\CodeIgniter->handleRequest(null, Object(Config\Cache), false)
11 SYSTEMPATH\Boot.php(325): CodeIgniter\CodeIgniter->run()
12 SYSTEMPATH\Boot.php(67): CodeIgniter\Boot::runCodeIgniter(Object(CodeIgniter\CodeIgniter))
13 FCPATH\index.php(56): CodeIgniter\Boot::bootWeb(Object(Config\Paths))
14 SYSTEMPATH\rewrite.php(44): require_once('E:\\xampp\\htdocs\\Sistema_horarios_TCC\\public\\index.php')
INFO - 2024-11-05 12:32:55 --> Session: Class initialized using 'CodeIgniter\Session\Handlers\FileHandler' driver.
INFO - 2024-11-05 12:34:47 --> Session: Class initialized using 'CodeIgniter\Session\Handlers\FileHandler' driver.
CRITICAL - 2024-11-05 12:40:23 --> CodeIgniter\View\Exceptions\ViewException: Invalid file: "layouts/footer.php"
[Method: GET, Route: subject]
in SYSTEMPATH\Exceptions\FrameworkException.php on line 41.
 1 SYSTEMPATH\View\View.php(222): CodeIgniter\Exceptions\FrameworkException::forInvalidFile('layouts/footer.php')
 2 SYSTEMPATH\Common.php(1171): CodeIgniter\View\View->render('layouts/footer', [], true)
 3 APPPATH\Views\subject_view.php(87): view('layouts/footer')
 4 SYSTEMPATH\View\View.php(234): include('E:\\xampp\\htdocs\\Sistema_horarios_TCC\\app\\Views\\subject_view.php')
 5 SYSTEMPATH\View\View.php(237): CodeIgniter\View\View->CodeIgniter\View\{closure}()
 6 SYSTEMPATH\Common.php(1171): CodeIgniter\View\View->render('subject_view', [], true)
 7 APPPATH\Controllers\SubjectController.php(16): view('subject_view', [...])
 8 SYSTEMPATH\CodeIgniter.php(933): App\Controllers\SubjectController->index()
 9 SYSTEMPATH\CodeIgniter.php(509): CodeIgniter\CodeIgniter->runController(Object(App\Controllers\SubjectController))
10 SYSTEMPATH\CodeIgniter.php(355): CodeIgniter\CodeIgniter->handleRequest(null, Object(Config\Cache), false)
11 SYSTEMPATH\Boot.php(325): CodeIgniter\CodeIgniter->run()
12 SYSTEMPATH\Boot.php(67): CodeIgniter\Boot::runCodeIgniter(Object(CodeIgniter\CodeIgniter))
13 FCPATH\index.php(56): CodeIgniter\Boot::bootWeb(Object(Config\Paths))
14 SYSTEMPATH\rewrite.php(44): require_once('E:\\xampp\\htdocs\\Sistema_horarios_TCC\\public\\index.php')
CRITICAL - 2024-11-05 14:10:56 --> ErrorException: Undefined variable $disciplina
[Method: GET, Route: /]
in APPPATH\Views\cadastrar_disciplina.php on line 88.
 1 APPPATH\Views\cadastrar_disciplina.php(88): CodeIgniter\Debug\Exceptions->errorHandler(2, 'Undefined variable $disciplina', 'E:\\xampp\\htdocs\\Sistema_horarios_TCC\\app\\Views\\cadastrar_disciplina.php', 88)
 2 SYSTEMPATH\View\View.php(234): include('E:\\xampp\\htdocs\\Sistema_horarios_TCC\\app\\Views\\cadastrar_disciplina.php')
 3 SYSTEMPATH\View\View.php(237): CodeIgniter\View\View->CodeIgniter\View\{closure}()
 4 SYSTEMPATH\Common.php(1171): CodeIgniter\View\View->render('cadastrar_disciplina', [], true)
 5 APPPATH\Controllers\Disciplina.php(59): view('cadastrar_disciplina', [...])
 6 SYSTEMPATH\CodeIgniter.php(933): App\Controllers\Disciplina->index()
 7 SYSTEMPATH\CodeIgniter.php(509): CodeIgniter\CodeIgniter->runController(Object(App\Controllers\Disciplina))
 8 SYSTEMPATH\CodeIgniter.php(355): CodeIgniter\CodeIgniter->handleRequest(null, Object(Config\Cache), false)
 9 SYSTEMPATH\Boot.php(325): CodeIgniter\CodeIgniter->run()
10 SYSTEMPATH\Boot.php(67): CodeIgniter\Boot::runCodeIgniter(Object(CodeIgniter\CodeIgniter))
11 FCPATH\index.php(56): CodeIgniter\Boot::bootWeb(Object(Config\Paths))
12 SYSTEMPATH\rewrite.php(44): require_once('E:\\xampp\\htdocs\\Sistema_horarios_TCC\\public\\index.php')
CRITICAL - 2024-11-05 14:14:40 --> ErrorException: Undefined variable $sub
[Method: GET, Route: /]
in APPPATH\Views\cadastrar_disciplina.php on line 140.
 1 APPPATH\Views\cadastrar_disciplina.php(140): CodeIgniter\Debug\Exceptions->errorHandler(2, 'Undefined variable $sub', 'E:\\xampp\\htdocs\\Sistema_horarios_TCC\\app\\Views\\cadastrar_disciplina.php', 140)
 2 SYSTEMPATH\View\View.php(234): include('E:\\xampp\\htdocs\\Sistema_horarios_TCC\\app\\Views\\cadastrar_disciplina.php')
 3 SYSTEMPATH\View\View.php(237): CodeIgniter\View\View->CodeIgniter\View\{closure}()
 4 SYSTEMPATH\Common.php(1171): CodeIgniter\View\View->render('cadastrar_disciplina', [], true)
 5 APPPATH\Controllers\Disciplina.php(59): view('cadastrar_disciplina', [...])
 6 SYSTEMPATH\CodeIgniter.php(933): App\Controllers\Disciplina->index()
 7 SYSTEMPATH\CodeIgniter.php(509): CodeIgniter\CodeIgniter->runController(Object(App\Controllers\Disciplina))
 8 SYSTEMPATH\CodeIgniter.php(355): CodeIgniter\CodeIgniter->handleRequest(null, Object(Config\Cache), false)
 9 SYSTEMPATH\Boot.php(325): CodeIgniter\CodeIgniter->run()
10 SYSTEMPATH\Boot.php(67): CodeIgniter\Boot::runCodeIgniter(Object(CodeIgniter\CodeIgniter))
11 FCPATH\index.php(56): CodeIgniter\Boot::bootWeb(Object(Config\Paths))
12 SYSTEMPATH\rewrite.php(44): require_once('E:\\xampp\\htdocs\\Sistema_horarios_TCC\\public\\index.php')
INFO - 2024-11-05 15:56:39 --> Session: Class initialized using 'CodeIgniter\Session\Handlers\FileHandler' driver.
CRITICAL - 2024-11-05 15:56:39 --> Error: Call to undefined function form_open()
[Method: GET, Route: /]
in APPPATH\Views\disciplina.php on line 82.
 1 SYSTEMPATH\View\View.php(234): include()
 2 SYSTEMPATH\View\View.php(237): CodeIgniter\View\View->CodeIgniter\View\{closure}()
 3 SYSTEMPATH\Common.php(1171): CodeIgniter\View\View->render('disciplina', [], true)
 4 APPPATH\Controllers\Disciplina.php(27): view('disciplina', [...])
 5 SYSTEMPATH\CodeIgniter.php(933): App\Controllers\Disciplina->index()
 6 SYSTEMPATH\CodeIgniter.php(509): CodeIgniter\CodeIgniter->runController(Object(App\Controllers\Disciplina))
 7 SYSTEMPATH\CodeIgniter.php(355): CodeIgniter\CodeIgniter->handleRequest(null, Object(Config\Cache), false)
 8 SYSTEMPATH\Boot.php(325): CodeIgniter\CodeIgniter->run()
 9 SYSTEMPATH\Boot.php(67): CodeIgniter\Boot::runCodeIgniter(Object(CodeIgniter\CodeIgniter))
10 FCPATH\index.php(56): CodeIgniter\Boot::bootWeb(Object(Config\Paths))
11 SYSTEMPATH\rewrite.php(44): require_once('E:\\xampp\\htdocs\\Sistema_horarios_TCC\\public\\index.php')
INFO - 2024-11-05 15:57:53 --> Session: Class initialized using 'CodeIgniter\Session\Handlers\FileHandler' driver.
INFO - 2024-11-05 15:57:55 --> Session: Class initialized using 'CodeIgniter\Session\Handlers\FileHandler' driver.
INFO - 2024-11-05 15:58:03 --> Session: Class initialized using 'CodeIgniter\Session\Handlers\FileHandler' driver.
INFO - 2024-11-05 15:58:03 --> Session: Class initialized using 'CodeIgniter\Session\Handlers\FileHandler' driver.
INFO - 2024-11-05 15:58:27 --> Session: Class initialized using 'CodeIgniter\Session\Handlers\FileHandler' driver.
INFO - 2024-11-05 15:58:27 --> Session: Class initialized using 'CodeIgniter\Session\Handlers\FileHandler' driver.
INFO - 2024-11-05 15:58:34 --> Session: Class initialized using 'CodeIgniter\Session\Handlers\FileHandler' driver.
INFO - 2024-11-05 17:35:36 --> Session: Class initialized using 'CodeIgniter\Session\Handlers\FileHandler' driver.
INFO - 2024-11-05 17:35:44 --> Session: Class initialized using 'CodeIgniter\Session\Handlers\FileHandler' driver.
INFO - 2024-11-05 17:37:32 --> Session: Class initialized using 'CodeIgniter\Session\Handlers\FileHandler' driver.
INFO - 2024-11-05 17:37:44 --> Session: Class initialized using 'CodeIgniter\Session\Handlers\FileHandler' driver.
INFO - 2024-11-05 17:37:47 --> Session: Class initialized using 'CodeIgniter\Session\Handlers\FileHandler' driver.
INFO - 2024-11-05 17:39:39 --> Session: Class initialized using 'CodeIgniter\Session\Handlers\FileHandler' driver.
INFO - 2024-11-05 17:39:49 --> Session: Class initialized using 'CodeIgniter\Session\Handlers\FileHandler' driver.
INFO - 2024-11-05 17:39:49 --> Session: Class initialized using 'CodeIgniter\Session\Handlers\FileHandler' driver.
INFO - 2024-11-05 17:40:00 --> Session: Class initialized using 'CodeIgniter\Session\Handlers\FileHandler' driver.
INFO - 2024-11-05 17:40:15 --> Session: Class initialized using 'CodeIgniter\Session\Handlers\FileHandler' driver.
INFO - 2024-11-05 17:54:55 --> Session: Class initialized using 'CodeIgniter\Session\Handlers\FileHandler' driver.
INFO - 2024-11-05 17:55:16 --> Session: Class initialized using 'CodeIgniter\Session\Handlers\FileHandler' driver.
INFO - 2024-11-05 17:55:23 --> Session: Class initialized using 'CodeIgniter\Session\Handlers\FileHandler' driver.
INFO - 2024-11-05 17:55:23 --> Session: Class initialized using 'CodeIgniter\Session\Handlers\FileHandler' driver.
INFO - 2024-11-05 18:04:22 --> Session: Class initialized using 'CodeIgniter\Session\Handlers\FileHandler' driver.
INFO - 2024-11-05 18:05:43 --> Session: Class initialized using 'CodeIgniter\Session\Handlers\FileHandler' driver.
INFO - 2024-11-05 18:05:45 --> Session: Class initialized using 'CodeIgniter\Session\Handlers\FileHandler' driver.
INFO - 2024-11-05 18:05:49 --> Session: Class initialized using 'CodeIgniter\Session\Handlers\FileHandler' driver.
INFO - 2024-11-05 18:08:54 --> Session: Class initialized using 'CodeIgniter\Session\Handlers\FileHandler' driver.
INFO - 2024-11-05 18:08:57 --> Session: Class initialized using 'CodeIgniter\Session\Handlers\FileHandler' driver.
INFO - 2024-11-05 18:09:01 --> Session: Class initialized using 'CodeIgniter\Session\Handlers\FileHandler' driver.
INFO - 2024-11-05 18:09:36 --> Session: Class initialized using 'CodeIgniter\Session\Handlers\FileHandler' driver.
INFO - 2024-11-05 18:09:38 --> Session: Class initialized using 'CodeIgniter\Session\Handlers\FileHandler' driver.
INFO - 2024-11-05 18:14:05 --> Session: Class initialized using 'CodeIgniter\Session\Handlers\FileHandler' driver.
INFO - 2024-11-05 18:14:09 --> Session: Class initialized using 'CodeIgniter\Session\Handlers\FileHandler' driver.
INFO - 2024-11-05 18:14:14 --> Session: Class initialized using 'CodeIgniter\Session\Handlers\FileHandler' driver.
INFO - 2024-11-05 18:15:41 --> Session: Class initialized using 'CodeIgniter\Session\Handlers\FileHandler' driver.
INFO - 2024-11-05 18:15:48 --> Session: Class initialized using 'CodeIgniter\Session\Handlers\FileHandler' driver.
INFO - 2024-11-05 18:15:52 --> Session: Class initialized using 'CodeIgniter\Session\Handlers\FileHandler' driver.
INFO - 2024-11-05 18:15:52 --> Session: Class initialized using 'CodeIgniter\Session\Handlers\FileHandler' driver.
INFO - 2024-11-05 18:17:09 --> Session: Class initialized using 'CodeIgniter\Session\Handlers\FileHandler' driver.
INFO - 2024-11-05 18:17:17 --> Session: Class initialized using 'CodeIgniter\Session\Handlers\FileHandler' driver.
INFO - 2024-11-05 18:18:00 --> Session: Class initialized using 'CodeIgniter\Session\Handlers\FileHandler' driver.
INFO - 2024-11-05 18:23:48 --> Session: Class initialized using 'CodeIgniter\Session\Handlers\FileHandler' driver.
INFO - 2024-11-05 18:29:05 --> Session: Class initialized using 'CodeIgniter\Session\Handlers\FileHandler' driver.
INFO - 2024-11-05 18:40:37 --> Session: Class initialized using 'CodeIgniter\Session\Handlers\FileHandler' driver.
INFO - 2024-11-05 18:46:19 --> Session: Class initialized using 'CodeIgniter\Session\Handlers\FileHandler' driver.
INFO - 2024-11-05 18:46:22 --> Session: Class initialized using 'CodeIgniter\Session\Handlers\FileHandler' driver.
INFO - 2024-11-05 18:48:15 --> Session: Class initialized using 'CodeIgniter\Session\Handlers\FileHandler' driver.
INFO - 2024-11-05 18:58:18 --> Session: Class initialized using 'CodeIgniter\Session\Handlers\FileHandler' driver.
INFO - 2024-11-05 19:00:07 --> Session: Class initialized using 'CodeIgniter\Session\Handlers\FileHandler' driver.
INFO - 2024-11-05 19:27:09 --> Session: Class initialized using 'CodeIgniter\Session\Handlers\FileHandler' driver.
INFO - 2024-11-05 19:30:13 --> Session: Class initialized using 'CodeIgniter\Session\Handlers\FileHandler' driver.
INFO - 2024-11-05 19:31:17 --> Session: Class initialized using 'CodeIgniter\Session\Handlers\FileHandler' driver.
INFO - 2024-11-05 19:36:16 --> Session: Class initialized using 'CodeIgniter\Session\Handlers\FileHandler' driver.
INFO - 2024-11-05 19:36:21 --> Session: Class initialized using 'CodeIgniter\Session\Handlers\FileHandler' driver.
INFO - 2024-11-05 19:36:44 --> Session: Class initialized using 'CodeIgniter\Session\Handlers\FileHandler' driver.
INFO - 2024-11-05 19:43:40 --> Session: Class initialized using 'CodeIgniter\Session\Handlers\FileHandler' driver.
INFO - 2024-11-05 19:44:13 --> Session: Class initialized using 'CodeIgniter\Session\Handlers\FileHandler' driver.
INFO - 2024-11-05 19:45:25 --> Session: Class initialized using 'CodeIgniter\Session\Handlers\FileHandler' driver.
INFO - 2024-11-05 20:16:07 --> Session: Class initialized using 'CodeIgniter\Session\Handlers\FileHandler' driver.
INFO - 2024-11-05 20:16:17 --> Session: Class initialized using 'CodeIgniter\Session\Handlers\FileHandler' driver.
INFO - 2024-11-05 20:16:20 --> Session: Class initialized using 'CodeIgniter\Session\Handlers\FileHandler' driver.
INFO - 2024-11-05 20:16:20 --> Session: Class initialized using 'CodeIgniter\Session\Handlers\FileHandler' driver.
INFO - 2024-11-05 20:16:35 --> Session: Class initialized using 'CodeIgniter\Session\Handlers\FileHandler' driver.
INFO - 2024-11-05 20:16:35 --> Session: Class initialized using 'CodeIgniter\Session\Handlers\FileHandler' driver.
INFO - 2024-11-05 20:16:51 --> Session: Class initialized using 'CodeIgniter\Session\Handlers\FileHandler' driver.
INFO - 2024-11-05 20:16:56 --> Session: Class initialized using 'CodeIgniter\Session\Handlers\FileHandler' driver.
INFO - 2024-11-05 20:16:56 --> Session: Class initialized using 'CodeIgniter\Session\Handlers\FileHandler' driver.
INFO - 2024-11-05 20:17:38 --> Session: Class initialized using 'CodeIgniter\Session\Handlers\FileHandler' driver.
INFO - 2024-11-05 20:28:53 --> Session: Class initialized using 'CodeIgniter\Session\Handlers\FileHandler' driver.
INFO - 2024-11-05 20:28:57 --> Session: Class initialized using 'CodeIgniter\Session\Handlers\FileHandler' driver.
INFO - 2024-11-05 20:29:00 --> Session: Class initialized using 'CodeIgniter\Session\Handlers\FileHandler' driver.
INFO - 2024-11-05 20:29:00 --> Session: Class initialized using 'CodeIgniter\Session\Handlers\FileHandler' driver.
INFO - 2024-11-05 20:30:05 --> Session: Class initialized using 'CodeIgniter\Session\Handlers\FileHandler' driver.
INFO - 2024-11-05 20:30:08 --> Session: Class initialized using 'CodeIgniter\Session\Handlers\FileHandler' driver.
INFO - 2024-11-05 20:30:08 --> Session: Class initialized using 'CodeIgniter\Session\Handlers\FileHandler' driver.
INFO - 2024-11-05 20:30:47 --> Session: Class initialized using 'CodeIgniter\Session\Handlers\FileHandler' driver.
INFO - 2024-11-05 20:30:50 --> Session: Class initialized using 'CodeIgniter\Session\Handlers\FileHandler' driver.
INFO - 2024-11-05 20:30:53 --> Session: Class initialized using 'CodeIgniter\Session\Handlers\FileHandler' driver.
INFO - 2024-11-05 20:30:57 --> Session: Class initialized using 'CodeIgniter\Session\Handlers\FileHandler' driver.
INFO - 2024-11-05 20:31:10 --> Session: Class initialized using 'CodeIgniter\Session\Handlers\FileHandler' driver.
INFO - 2024-11-05 20:31:13 --> Session: Class initialized using 'CodeIgniter\Session\Handlers\FileHandler' driver.
INFO - 2024-11-05 20:31:17 --> Session: Class initialized using 'CodeIgniter\Session\Handlers\FileHandler' driver.
INFO - 2024-11-05 20:32:18 --> Session: Class initialized using 'CodeIgniter\Session\Handlers\FileHandler' driver.
INFO - 2024-11-05 20:32:20 --> Session: Class initialized using 'CodeIgniter\Session\Handlers\FileHandler' driver.
INFO - 2024-11-05 20:32:23 --> Session: Class initialized using 'CodeIgniter\Session\Handlers\FileHandler' driver.
INFO - 2024-11-05 20:32:26 --> Session: Class initialized using 'CodeIgniter\Session\Handlers\FileHandler' driver.
INFO - 2024-11-05 20:32:35 --> Session: Class initialized using 'CodeIgniter\Session\Handlers\FileHandler' driver.
INFO - 2024-11-05 20:41:01 --> Session: Class initialized using 'CodeIgniter\Session\Handlers\FileHandler' driver.
INFO - 2024-11-05 20:41:15 --> Session: Class initialized using 'CodeIgniter\Session\Handlers\FileHandler' driver.
INFO - 2024-11-05 20:41:26 --> Session: Class initialized using 'CodeIgniter\Session\Handlers\FileHandler' driver.
INFO - 2024-11-05 20:41:42 --> Session: Class initialized using 'CodeIgniter\Session\Handlers\FileHandler' driver.
INFO - 2024-11-05 20:41:47 --> Session: Class initialized using 'CodeIgniter\Session\Handlers\FileHandler' driver.
INFO - 2024-11-05 20:41:53 --> Session: Class initialized using 'CodeIgniter\Session\Handlers\FileHandler' driver.
INFO - 2024-11-05 20:41:53 --> Session: Class initialized using 'CodeIgniter\Session\Handlers\FileHandler' driver.
INFO - 2024-11-05 20:42:06 --> Session: Class initialized using 'CodeIgniter\Session\Handlers\FileHandler' driver.
INFO - 2024-11-05 20:42:07 --> Session: Class initialized using 'CodeIgniter\Session\Handlers\FileHandler' driver.
INFO - 2024-11-05 20:44:16 --> Session: Class initialized using 'CodeIgniter\Session\Handlers\FileHandler' driver.
INFO - 2024-11-05 20:44:19 --> Session: Class initialized using 'CodeIgniter\Session\Handlers\FileHandler' driver.
INFO - 2024-11-05 20:44:22 --> Session: Class initialized using 'CodeIgniter\Session\Handlers\FileHandler' driver.
INFO - 2024-11-05 20:44:22 --> Session: Class initialized using 'CodeIgniter\Session\Handlers\FileHandler' driver.
INFO - 2024-11-05 20:44:41 --> Session: Class initialized using 'CodeIgniter\Session\Handlers\FileHandler' driver.
INFO - 2024-11-05 20:44:44 --> Session: Class initialized using 'CodeIgniter\Session\Handlers\FileHandler' driver.
INFO - 2024-11-05 20:44:44 --> Session: Class initialized using 'CodeIgniter\Session\Handlers\FileHandler' driver.
INFO - 2024-11-05 20:57:09 --> Session: Class initialized using 'CodeIgniter\Session\Handlers\FileHandler' driver.
INFO - 2024-11-05 20:57:18 --> Session: Class initialized using 'CodeIgniter\Session\Handlers\FileHandler' driver.
INFO - 2024-11-05 20:57:18 --> Session: Class initialized using 'CodeIgniter\Session\Handlers\FileHandler' driver.
INFO - 2024-11-05 20:57:27 --> Session: Class initialized using 'CodeIgniter\Session\Handlers\FileHandler' driver.
INFO - 2024-11-05 20:57:33 --> Session: Class initialized using 'CodeIgniter\Session\Handlers\FileHandler' driver.
INFO - 2024-11-05 20:57:33 --> Session: Class initialized using 'CodeIgniter\Session\Handlers\FileHandler' driver.
INFO - 2024-11-05 21:03:22 --> Session: Class initialized using 'CodeIgniter\Session\Handlers\FileHandler' driver.
CRITICAL - 2024-11-05 21:03:22 --> CodeIgniter\Router\Exceptions\RouterException: The route for "deletarDisciplina" cannot be found.
[Method: GET, Route: disciplina]
in SYSTEMPATH\Helpers\url_helper.php on line 494.
 1 SYSTEMPATH\Helpers\url_helper.php(494): CodeIgniter\Router\Exceptions\RouterException::forInvalidRoute('deletarDisciplina')
 2 APPPATH\Views\disciplina.php(162): url_to('deletarDisciplina', '1')
 3 SYSTEMPATH\View\View.php(234): include('E:\\xampp\\htdocs\\Sistema_horarios_TCC\\app\\Views\\disciplina.php')
 4 SYSTEMPATH\View\View.php(237): CodeIgniter\View\View->CodeIgniter\View\{closure}()
 5 SYSTEMPATH\Common.php(1171): CodeIgniter\View\View->render('disciplina', [], true)
 6 APPPATH\Controllers\Disciplina.php(27): view('disciplina', [...])
 7 SYSTEMPATH\CodeIgniter.php(933): App\Controllers\Disciplina->listarDisciplina()
 8 SYSTEMPATH\CodeIgniter.php(509): CodeIgniter\CodeIgniter->runController(Object(App\Controllers\Disciplina))
 9 SYSTEMPATH\CodeIgniter.php(355): CodeIgniter\CodeIgniter->handleRequest(null, Object(Config\Cache), false)
10 SYSTEMPATH\Boot.php(325): CodeIgniter\CodeIgniter->run()
11 SYSTEMPATH\Boot.php(67): CodeIgniter\Boot::runCodeIgniter(Object(CodeIgniter\CodeIgniter))
12 FCPATH\index.php(56): CodeIgniter\Boot::bootWeb(Object(Config\Paths))
13 SYSTEMPATH\rewrite.php(44): require_once('E:\\xampp\\htdocs\\Sistema_horarios_TCC\\public\\index.php')
INFO - 2024-11-05 21:05:01 --> Session: Class initialized using 'CodeIgniter\Session\Handlers\FileHandler' driver.
INFO - 2024-11-05 21:05:11 --> Session: Class initialized using 'CodeIgniter\Session\Handlers\FileHandler' driver.
INFO - 2024-11-05 21:05:35 --> Session: Class initialized using 'CodeIgniter\Session\Handlers\FileHandler' driver.
INFO - 2024-11-05 21:05:44 --> Session: Class initialized using 'CodeIgniter\Session\Handlers\FileHandler' driver.
INFO - 2024-11-05 21:05:44 --> Session: Class initialized using 'CodeIgniter\Session\Handlers\FileHandler' driver.
INFO - 2024-11-05 21:05:51 --> Session: Class initialized using 'CodeIgniter\Session\Handlers\FileHandler' driver.
INFO - 2024-11-05 21:05:52 --> Session: Class initialized using 'CodeIgniter\Session\Handlers\FileHandler' driver.
INFO - 2024-11-05 21:08:17 --> Session: Class initialized using 'CodeIgniter\Session\Handlers\FileHandler' driver.
CRITICAL - 2024-11-05 21:08:17 --> CodeIgniter\Router\Exceptions\RouterException: The route for "deletarSala" cannot be found.
[Method: GET, Route: sala]
in SYSTEMPATH\Helpers\url_helper.php on line 494.
 1 SYSTEMPATH\Helpers\url_helper.php(494): CodeIgniter\Router\Exceptions\RouterException::forInvalidRoute('deletarSala')
 2 APPPATH\Views\sala.php(128): url_to('deletarSala', '1')
 3 SYSTEMPATH\View\View.php(234): include('E:\\xampp\\htdocs\\Sistema_horarios_TCC\\app\\Views\\sala.php')
 4 SYSTEMPATH\View\View.php(237): CodeIgniter\View\View->CodeIgniter\View\{closure}()
 5 SYSTEMPATH\Common.php(1171): CodeIgniter\View\View->render('sala', [], true)
 6 APPPATH\Controllers\Sala.php(28): view('sala', [...])
 7 SYSTEMPATH\CodeIgniter.php(933): App\Controllers\Sala->listarSala()
 8 SYSTEMPATH\CodeIgniter.php(509): CodeIgniter\CodeIgniter->runController(Object(App\Controllers\Sala))
 9 SYSTEMPATH\CodeIgniter.php(355): CodeIgniter\CodeIgniter->handleRequest(null, Object(Config\Cache), false)
10 SYSTEMPATH\Boot.php(325): CodeIgniter\CodeIgniter->run()
11 SYSTEMPATH\Boot.php(67): CodeIgniter\Boot::runCodeIgniter(Object(CodeIgniter\CodeIgniter))
12 FCPATH\index.php(56): CodeIgniter\Boot::bootWeb(Object(Config\Paths))
13 SYSTEMPATH\rewrite.php(44): require_once('E:\\xampp\\htdocs\\Sistema_horarios_TCC\\public\\index.php')
INFO - 2024-11-05 21:08:52 --> Session: Class initialized using 'CodeIgniter\Session\Handlers\FileHandler' driver.
INFO - 2024-11-05 21:08:55 --> Session: Class initialized using 'CodeIgniter\Session\Handlers\FileHandler' driver.
INFO - 2024-11-05 21:08:55 --> Session: Class initialized using 'CodeIgniter\Session\Handlers\FileHandler' driver.
INFO - 2024-11-05 21:32:11 --> Session: Class initialized using 'CodeIgniter\Session\Handlers\FileHandler' driver.
INFO - 2024-11-05 21:33:15 --> Session: Class initialized using 'CodeIgniter\Session\Handlers\FileHandler' driver.
INFO - 2024-11-05 21:33:15 --> Session: Class initialized using 'CodeIgniter\Session\Handlers\FileHandler' driver.
INFO - 2024-11-05 21:34:05 --> Session: Class initialized using 'CodeIgniter\Session\Handlers\FileHandler' driver.
INFO - 2024-11-05 21:34:20 --> Session: Class initialized using 'CodeIgniter\Session\Handlers\FileHandler' driver.
INFO - 2024-11-05 21:43:20 --> Session: Class initialized using 'CodeIgniter\Session\Handlers\FileHandler' driver.
INFO - 2024-11-05 21:43:35 --> Session: Class initialized using 'CodeIgniter\Session\Handlers\FileHandler' driver.
INFO - 2024-11-05 21:43:35 --> Session: Class initialized using 'CodeIgniter\Session\Handlers\FileHandler' driver.
INFO - 2024-11-05 21:47:41 --> Session: Class initialized using 'CodeIgniter\Session\Handlers\FileHandler' driver.
INFO - 2024-11-05 21:47:51 --> Session: Class initialized using 'CodeIgniter\Session\Handlers\FileHandler' driver.
INFO - 2024-11-05 21:47:59 --> Session: Class initialized using 'CodeIgniter\Session\Handlers\FileHandler' driver.
INFO - 2024-11-05 21:47:59 --> Session: Class initialized using 'CodeIgniter\Session\Handlers\FileHandler' driver.
INFO - 2024-11-05 21:49:00 --> Session: Class initialized using 'CodeIgniter\Session\Handlers\FileHandler' driver.
INFO - 2024-11-05 21:49:00 --> Session: Class initialized using 'CodeIgniter\Session\Handlers\FileHandler' driver.
INFO - 2024-11-05 21:49:03 --> Session: Class initialized using 'CodeIgniter\Session\Handlers\FileHandler' driver.
INFO - 2024-11-05 21:49:07 --> Session: Class initialized using 'CodeIgniter\Session\Handlers\FileHandler' driver.
INFO - 2024-11-05 21:49:08 --> Session: Class initialized using 'CodeIgniter\Session\Handlers\FileHandler' driver.
INFO - 2024-11-05 21:49:15 --> Session: Class initialized using 'CodeIgniter\Session\Handlers\FileHandler' driver.
INFO - 2024-11-05 21:49:15 --> Session: Class initialized using 'CodeIgniter\Session\Handlers\FileHandler' driver.
INFO - 2024-11-05 21:49:21 --> Session: Class initialized using 'CodeIgniter\Session\Handlers\FileHandler' driver.
INFO - 2024-11-05 21:49:25 --> Session: Class initialized using 'CodeIgniter\Session\Handlers\FileHandler' driver.
INFO - 2024-11-05 21:49:25 --> Session: Class initialized using 'CodeIgniter\Session\Handlers\FileHandler' driver.
INFO - 2024-11-05 21:49:30 --> Session: Class initialized using 'CodeIgniter\Session\Handlers\FileHandler' driver.
INFO - 2024-11-05 21:49:34 --> Session: Class initialized using 'CodeIgniter\Session\Handlers\FileHandler' driver.
INFO - 2024-11-05 21:49:34 --> Session: Class initialized using 'CodeIgniter\Session\Handlers\FileHandler' driver.
INFO - 2024-11-05 22:26:28 --> Session: Class initialized using 'CodeIgniter\Session\Handlers\FileHandler' driver.
CRITICAL - 2024-11-05 22:26:28 --> CodeIgniter\View\Exceptions\ViewException: Invalid file: "turma.php"
[Method: GET, Route: turma]
in SYSTEMPATH\Exceptions\FrameworkException.php on line 41.
 1 SYSTEMPATH\View\View.php(222): CodeIgniter\Exceptions\FrameworkException::forInvalidFile('turma.php')
 2 SYSTEMPATH\Common.php(1171): CodeIgniter\View\View->render('turma', [], true)
 3 APPPATH\Controllers\Turma.php(27): view('turma', [...])
 4 SYSTEMPATH\CodeIgniter.php(933): App\Controllers\Turma->listarTurma()
 5 SYSTEMPATH\CodeIgniter.php(509): CodeIgniter\CodeIgniter->runController(Object(App\Controllers\Turma))
 6 SYSTEMPATH\CodeIgniter.php(355): CodeIgniter\CodeIgniter->handleRequest(null, Object(Config\Cache), false)
 7 SYSTEMPATH\Boot.php(325): CodeIgniter\CodeIgniter->run()
 8 SYSTEMPATH\Boot.php(67): CodeIgniter\Boot::runCodeIgniter(Object(CodeIgniter\CodeIgniter))
 9 FCPATH\index.php(56): CodeIgniter\Boot::bootWeb(Object(Config\Paths))
10 SYSTEMPATH\rewrite.php(44): require_once('E:\\xampp\\htdocs\\Sistema_horarios_TCC\\public\\index.php')
INFO - 2024-11-05 22:26:47 --> Session: Class initialized using 'CodeIgniter\Session\Handlers\FileHandler' driver.
CRITICAL - 2024-11-05 22:26:47 --> CodeIgniter\Router\Exceptions\RouterException: Router.invalidParameterType
[Method: GET, Route: turma]
in SYSTEMPATH\Router\RouteCollection.php on line 1394.
 1 SYSTEMPATH\Router\RouteCollection.php(1394): CodeIgniter\Router\Exceptions\RouterException::forInvalidParameterType()
 2 SYSTEMPATH\Router\RouteCollection.php(1204): CodeIgniter\Router\RouteCollection->buildReverseRoute('turma/editar/(:num)', [...])
 3 SYSTEMPATH\Common.php(953): CodeIgniter\Router\RouteCollection->reverseRoute('editarTurma', 'geg')
 4 SYSTEMPATH\Helpers\url_helper.php(487): route_to('editarTurma', 'geg')
 5 APPPATH\Views\turma.php(132): url_to('editarTurma', 'geg')
 6 SYSTEMPATH\View\View.php(234): include('E:\\xampp\\htdocs\\Sistema_horarios_TCC\\app\\Views\\turma.php')
 7 SYSTEMPATH\View\View.php(237): CodeIgniter\View\View->CodeIgniter\View\{closure}()
 8 SYSTEMPATH\Common.php(1171): CodeIgniter\View\View->render('turma', [], true)
 9 APPPATH\Controllers\Turma.php(27): view('turma', [...])
10 SYSTEMPATH\CodeIgniter.php(933): App\Controllers\Turma->listarTurma()
11 SYSTEMPATH\CodeIgniter.php(509): CodeIgniter\CodeIgniter->runController(Object(App\Controllers\Turma))
12 SYSTEMPATH\CodeIgniter.php(355): CodeIgniter\CodeIgniter->handleRequest(null, Object(Config\Cache), false)
13 SYSTEMPATH\Boot.php(325): CodeIgniter\CodeIgniter->run()
14 SYSTEMPATH\Boot.php(67): CodeIgniter\Boot::runCodeIgniter(Object(CodeIgniter\CodeIgniter))
15 FCPATH\index.php(56): CodeIgniter\Boot::bootWeb(Object(Config\Paths))
16 SYSTEMPATH\rewrite.php(44): require_once('E:\\xampp\\htdocs\\Sistema_horarios_TCC\\public\\index.php')
INFO - 2024-11-05 22:26:54 --> Session: Class initialized using 'CodeIgniter\Session\Handlers\FileHandler' driver.
CRITICAL - 2024-11-05 22:26:54 --> CodeIgniter\Router\Exceptions\RouterException: Router.invalidParameterType
[Method: GET, Route: turma]
in SYSTEMPATH\Router\RouteCollection.php on line 1394.
 1 SYSTEMPATH\Router\RouteCollection.php(1394): CodeIgniter\Router\Exceptions\RouterException::forInvalidParameterType()
 2 SYSTEMPATH\Router\RouteCollection.php(1204): CodeIgniter\Router\RouteCollection->buildReverseRoute('turma/editar/(:num)', [...])
 3 SYSTEMPATH\Common.php(953): CodeIgniter\Router\RouteCollection->reverseRoute('editarTurma', 'geg')
 4 SYSTEMPATH\Helpers\url_helper.php(487): route_to('editarTurma', 'geg')
 5 APPPATH\Views\turma.php(132): url_to('editarTurma', 'geg')
 6 SYSTEMPATH\View\View.php(234): include('E:\\xampp\\htdocs\\Sistema_horarios_TCC\\app\\Views\\turma.php')
 7 SYSTEMPATH\View\View.php(237): CodeIgniter\View\View->CodeIgniter\View\{closure}()
 8 SYSTEMPATH\Common.php(1171): CodeIgniter\View\View->render('turma', [], true)
 9 APPPATH\Controllers\Turma.php(27): view('turma', [...])
10 SYSTEMPATH\CodeIgniter.php(933): App\Controllers\Turma->listarTurma()
11 SYSTEMPATH\CodeIgniter.php(509): CodeIgniter\CodeIgniter->runController(Object(App\Controllers\Turma))
12 SYSTEMPATH\CodeIgniter.php(355): CodeIgniter\CodeIgniter->handleRequest(null, Object(Config\Cache), false)
13 SYSTEMPATH\Boot.php(325): CodeIgniter\CodeIgniter->run()
14 SYSTEMPATH\Boot.php(67): CodeIgniter\Boot::runCodeIgniter(Object(CodeIgniter\CodeIgniter))
15 FCPATH\index.php(56): CodeIgniter\Boot::bootWeb(Object(Config\Paths))
16 SYSTEMPATH\rewrite.php(44): require_once('E:\\xampp\\htdocs\\Sistema_horarios_TCC\\public\\index.php')
INFO - 2024-11-05 22:27:37 --> Session: Class initialized using 'CodeIgniter\Session\Handlers\FileHandler' driver.
CRITICAL - 2024-11-05 22:27:37 --> CodeIgniter\Router\Exceptions\RouterException: Router.invalidParameterType
[Method: GET, Route: turma]
in SYSTEMPATH\Router\RouteCollection.php on line 1394.
 1 SYSTEMPATH\Router\RouteCollection.php(1394): CodeIgniter\Router\Exceptions\RouterException::forInvalidParameterType()
 2 SYSTEMPATH\Router\RouteCollection.php(1204): CodeIgniter\Router\RouteCollection->buildReverseRoute('turma/editar/(:num)', [...])
 3 SYSTEMPATH\Common.php(953): CodeIgniter\Router\RouteCollection->reverseRoute('editarTurma', 'geg')
 4 SYSTEMPATH\Helpers\url_helper.php(487): route_to('editarTurma', 'geg')
 5 APPPATH\Views\turma.php(132): url_to('editarTurma', 'geg')
 6 SYSTEMPATH\View\View.php(234): include('E:\\xampp\\htdocs\\Sistema_horarios_TCC\\app\\Views\\turma.php')
 7 SYSTEMPATH\View\View.php(237): CodeIgniter\View\View->CodeIgniter\View\{closure}()
 8 SYSTEMPATH\Common.php(1171): CodeIgniter\View\View->render('turma', [], true)
 9 APPPATH\Controllers\Turma.php(27): view('turma', [...])
10 SYSTEMPATH\CodeIgniter.php(933): App\Controllers\Turma->listarTurma()
11 SYSTEMPATH\CodeIgniter.php(509): CodeIgniter\CodeIgniter->runController(Object(App\Controllers\Turma))
12 SYSTEMPATH\CodeIgniter.php(355): CodeIgniter\CodeIgniter->handleRequest(null, Object(Config\Cache), false)
13 SYSTEMPATH\Boot.php(325): CodeIgniter\CodeIgniter->run()
14 SYSTEMPATH\Boot.php(67): CodeIgniter\Boot::runCodeIgniter(Object(CodeIgniter\CodeIgniter))
15 FCPATH\index.php(56): CodeIgniter\Boot::bootWeb(Object(Config\Paths))
16 SYSTEMPATH\rewrite.php(44): require_once('E:\\xampp\\htdocs\\Sistema_horarios_TCC\\public\\index.php')
INFO - 2024-11-05 22:29:20 --> Session: Class initialized using 'CodeIgniter\Session\Handlers\FileHandler' driver.
CRITICAL - 2024-11-05 22:29:20 --> CodeIgniter\Router\Exceptions\RouterException: The route for "salvarTurma" cannot be found.
[Method: GET, Route: turma]
in SYSTEMPATH\Helpers\url_helper.php on line 494.
 1 SYSTEMPATH\Helpers\url_helper.php(494): CodeIgniter\Router\Exceptions\RouterException::forInvalidRoute('salvarTurma')
 2 APPPATH\Views\turma.php(81): url_to('salvarTurma')
 3 SYSTEMPATH\View\View.php(234): include('E:\\xampp\\htdocs\\Sistema_horarios_TCC\\app\\Views\\turma.php')
 4 SYSTEMPATH\View\View.php(237): CodeIgniter\View\View->CodeIgniter\View\{closure}()
 5 SYSTEMPATH\Common.php(1171): CodeIgniter\View\View->render('turma', [], true)
 6 APPPATH\Controllers\Turma.php(27): view('turma', [...])
 7 SYSTEMPATH\CodeIgniter.php(933): App\Controllers\Turma->listarTurma()
 8 SYSTEMPATH\CodeIgniter.php(509): CodeIgniter\CodeIgniter->runController(Object(App\Controllers\Turma))
 9 SYSTEMPATH\CodeIgniter.php(355): CodeIgniter\CodeIgniter->handleRequest(null, Object(Config\Cache), false)
10 SYSTEMPATH\Boot.php(325): CodeIgniter\CodeIgniter->run()
11 SYSTEMPATH\Boot.php(67): CodeIgniter\Boot::runCodeIgniter(Object(CodeIgniter\CodeIgniter))
12 FCPATH\index.php(56): CodeIgniter\Boot::bootWeb(Object(Config\Paths))
13 SYSTEMPATH\rewrite.php(44): require_once('E:\\xampp\\htdocs\\Sistema_horarios_TCC\\public\\index.php')
INFO - 2024-11-05 22:29:38 --> Session: Class initialized using 'CodeIgniter\Session\Handlers\FileHandler' driver.
CRITICAL - 2024-11-05 22:29:38 --> CodeIgniter\Router\Exceptions\RouterException: The route for "editarTurma" cannot be found.
[Method: GET, Route: turma]
in SYSTEMPATH\Helpers\url_helper.php on line 494.
 1 SYSTEMPATH\Helpers\url_helper.php(494): CodeIgniter\Router\Exceptions\RouterException::forInvalidRoute('editarTurma')
 2 APPPATH\Views\turma.php(132): url_to('editarTurma', 'geg')
 3 SYSTEMPATH\View\View.php(234): include('E:\\xampp\\htdocs\\Sistema_horarios_TCC\\app\\Views\\turma.php')
 4 SYSTEMPATH\View\View.php(237): CodeIgniter\View\View->CodeIgniter\View\{closure}()
 5 SYSTEMPATH\Common.php(1171): CodeIgniter\View\View->render('turma', [], true)
 6 APPPATH\Controllers\Turma.php(27): view('turma', [...])
 7 SYSTEMPATH\CodeIgniter.php(933): App\Controllers\Turma->listarTurma()
 8 SYSTEMPATH\CodeIgniter.php(509): CodeIgniter\CodeIgniter->runController(Object(App\Controllers\Turma))
 9 SYSTEMPATH\CodeIgniter.php(355): CodeIgniter\CodeIgniter->handleRequest(null, Object(Config\Cache), false)
10 SYSTEMPATH\Boot.php(325): CodeIgniter\CodeIgniter->run()
11 SYSTEMPATH\Boot.php(67): CodeIgniter\Boot::runCodeIgniter(Object(CodeIgniter\CodeIgniter))
12 FCPATH\index.php(56): CodeIgniter\Boot::bootWeb(Object(Config\Paths))
13 SYSTEMPATH\rewrite.php(44): require_once('E:\\xampp\\htdocs\\Sistema_horarios_TCC\\public\\index.php')
INFO - 2024-11-05 22:29:51 --> Session: Class initialized using 'CodeIgniter\Session\Handlers\FileHandler' driver.
CRITICAL - 2024-11-05 22:29:51 --> CodeIgniter\Router\Exceptions\RouterException: Router.invalidParameterType
[Method: GET, Route: turma]
in SYSTEMPATH\Router\RouteCollection.php on line 1394.
 1 SYSTEMPATH\Router\RouteCollection.php(1394): CodeIgniter\Router\Exceptions\RouterException::forInvalidParameterType()
 2 SYSTEMPATH\Router\RouteCollection.php(1204): CodeIgniter\Router\RouteCollection->buildReverseRoute('turma/editar/(:num)', [...])
 3 SYSTEMPATH\Common.php(953): CodeIgniter\Router\RouteCollection->reverseRoute('editarTurma', 'geg')
 4 SYSTEMPATH\Helpers\url_helper.php(487): route_to('editarTurma', 'geg')
 5 APPPATH\Views\turma.php(132): url_to('editarTurma', 'geg')
 6 SYSTEMPATH\View\View.php(234): include('E:\\xampp\\htdocs\\Sistema_horarios_TCC\\app\\Views\\turma.php')
 7 SYSTEMPATH\View\View.php(237): CodeIgniter\View\View->CodeIgniter\View\{closure}()
 8 SYSTEMPATH\Common.php(1171): CodeIgniter\View\View->render('turma', [], true)
 9 APPPATH\Controllers\Turma.php(27): view('turma', [...])
10 SYSTEMPATH\CodeIgniter.php(933): App\Controllers\Turma->listarTurma()
11 SYSTEMPATH\CodeIgniter.php(509): CodeIgniter\CodeIgniter->runController(Object(App\Controllers\Turma))
12 SYSTEMPATH\CodeIgniter.php(355): CodeIgniter\CodeIgniter->handleRequest(null, Object(Config\Cache), false)
13 SYSTEMPATH\Boot.php(325): CodeIgniter\CodeIgniter->run()
14 SYSTEMPATH\Boot.php(67): CodeIgniter\Boot::runCodeIgniter(Object(CodeIgniter\CodeIgniter))
15 FCPATH\index.php(56): CodeIgniter\Boot::bootWeb(Object(Config\Paths))
16 SYSTEMPATH\rewrite.php(44): require_once('E:\\xampp\\htdocs\\Sistema_horarios_TCC\\public\\index.php')
INFO - 2024-11-05 22:30:32 --> Session: Class initialized using 'CodeIgniter\Session\Handlers\FileHandler' driver.
CRITICAL - 2024-11-05 22:30:32 --> CodeIgniter\Router\Exceptions\RouterException: Router.invalidParameterType
[Method: GET, Route: turma]
in SYSTEMPATH\Router\RouteCollection.php on line 1394.
 1 SYSTEMPATH\Router\RouteCollection.php(1394): CodeIgniter\Router\Exceptions\RouterException::forInvalidParameterType()
 2 SYSTEMPATH\Router\RouteCollection.php(1204): CodeIgniter\Router\RouteCollection->buildReverseRoute('turma/editar/(:num)', [...])
 3 SYSTEMPATH\Common.php(953): CodeIgniter\Router\RouteCollection->reverseRoute('editarTurma', 'geg')
 4 SYSTEMPATH\Helpers\url_helper.php(487): route_to('editarTurma', 'geg')
 5 APPPATH\Views\turma.php(132): url_to('editarTurma', 'geg')
 6 SYSTEMPATH\View\View.php(234): include('E:\\xampp\\htdocs\\Sistema_horarios_TCC\\app\\Views\\turma.php')
 7 SYSTEMPATH\View\View.php(237): CodeIgniter\View\View->CodeIgniter\View\{closure}()
 8 SYSTEMPATH\Common.php(1171): CodeIgniter\View\View->render('turma', [], true)
 9 APPPATH\Controllers\Turma.php(27): view('turma', [...])
10 SYSTEMPATH\CodeIgniter.php(933): App\Controllers\Turma->listarTurma()
11 SYSTEMPATH\CodeIgniter.php(509): CodeIgniter\CodeIgniter->runController(Object(App\Controllers\Turma))
12 SYSTEMPATH\CodeIgniter.php(355): CodeIgniter\CodeIgniter->handleRequest(null, Object(Config\Cache), false)
13 SYSTEMPATH\Boot.php(325): CodeIgniter\CodeIgniter->run()
14 SYSTEMPATH\Boot.php(67): CodeIgniter\Boot::runCodeIgniter(Object(CodeIgniter\CodeIgniter))
15 FCPATH\index.php(56): CodeIgniter\Boot::bootWeb(Object(Config\Paths))
16 SYSTEMPATH\rewrite.php(44): require_once('E:\\xampp\\htdocs\\Sistema_horarios_TCC\\public\\index.php')
INFO - 2024-11-05 22:30:33 --> Session: Class initialized using 'CodeIgniter\Session\Handlers\FileHandler' driver.
CRITICAL - 2024-11-05 22:30:33 --> CodeIgniter\Router\Exceptions\RouterException: Router.invalidParameterType
[Method: GET, Route: turma]
in SYSTEMPATH\Router\RouteCollection.php on line 1394.
 1 SYSTEMPATH\Router\RouteCollection.php(1394): CodeIgniter\Router\Exceptions\RouterException::forInvalidParameterType()
 2 SYSTEMPATH\Router\RouteCollection.php(1204): CodeIgniter\Router\RouteCollection->buildReverseRoute('turma/editar/(:num)', [...])
 3 SYSTEMPATH\Common.php(953): CodeIgniter\Router\RouteCollection->reverseRoute('editarTurma', 'geg')
 4 SYSTEMPATH\Helpers\url_helper.php(487): route_to('editarTurma', 'geg')
 5 APPPATH\Views\turma.php(132): url_to('editarTurma', 'geg')
 6 SYSTEMPATH\View\View.php(234): include('E:\\xampp\\htdocs\\Sistema_horarios_TCC\\app\\Views\\turma.php')
 7 SYSTEMPATH\View\View.php(237): CodeIgniter\View\View->CodeIgniter\View\{closure}()
 8 SYSTEMPATH\Common.php(1171): CodeIgniter\View\View->render('turma', [], true)
 9 APPPATH\Controllers\Turma.php(27): view('turma', [...])
10 SYSTEMPATH\CodeIgniter.php(933): App\Controllers\Turma->listarTurma()
11 SYSTEMPATH\CodeIgniter.php(509): CodeIgniter\CodeIgniter->runController(Object(App\Controllers\Turma))
12 SYSTEMPATH\CodeIgniter.php(355): CodeIgniter\CodeIgniter->handleRequest(null, Object(Config\Cache), false)
13 SYSTEMPATH\Boot.php(325): CodeIgniter\CodeIgniter->run()
14 SYSTEMPATH\Boot.php(67): CodeIgniter\Boot::runCodeIgniter(Object(CodeIgniter\CodeIgniter))
15 FCPATH\index.php(56): CodeIgniter\Boot::bootWeb(Object(Config\Paths))
16 SYSTEMPATH\rewrite.php(44): require_once('E:\\xampp\\htdocs\\Sistema_horarios_TCC\\public\\index.php')
INFO - 2024-11-05 22:31:41 --> Session: Class initialized using 'CodeIgniter\Session\Handlers\FileHandler' driver.
INFO - 2024-11-05 22:31:53 --> Session: Class initialized using 'CodeIgniter\Session\Handlers\FileHandler' driver.
CRITICAL - 2024-11-05 22:31:53 --> CodeIgniter\Router\Exceptions\RouterException: Router.invalidParameterType
[Method: GET, Route: turma]
in SYSTEMPATH\Router\RouteCollection.php on line 1394.
 1 SYSTEMPATH\Router\RouteCollection.php(1394): CodeIgniter\Router\Exceptions\RouterException::forInvalidParameterType()
 2 SYSTEMPATH\Router\RouteCollection.php(1204): CodeIgniter\Router\RouteCollection->buildReverseRoute('turma/editar/(:num)', [...])
 3 SYSTEMPATH\Common.php(953): CodeIgniter\Router\RouteCollection->reverseRoute('editarTurma', 'geg')
 4 SYSTEMPATH\Helpers\url_helper.php(487): route_to('editarTurma', 'geg')
 5 APPPATH\Views\turma.php(132): url_to('editarTurma', 'geg')
 6 SYSTEMPATH\View\View.php(234): include('E:\\xampp\\htdocs\\Sistema_horarios_TCC\\app\\Views\\turma.php')
 7 SYSTEMPATH\View\View.php(237): CodeIgniter\View\View->CodeIgniter\View\{closure}()
 8 SYSTEMPATH\Common.php(1171): CodeIgniter\View\View->render('turma', [], true)
 9 APPPATH\Controllers\Turma.php(27): view('turma', [...])
10 SYSTEMPATH\CodeIgniter.php(933): App\Controllers\Turma->listarTurma()
11 SYSTEMPATH\CodeIgniter.php(509): CodeIgniter\CodeIgniter->runController(Object(App\Controllers\Turma))
12 SYSTEMPATH\CodeIgniter.php(355): CodeIgniter\CodeIgniter->handleRequest(null, Object(Config\Cache), false)
13 SYSTEMPATH\Boot.php(325): CodeIgniter\CodeIgniter->run()
14 SYSTEMPATH\Boot.php(67): CodeIgniter\Boot::runCodeIgniter(Object(CodeIgniter\CodeIgniter))
15 FCPATH\index.php(56): CodeIgniter\Boot::bootWeb(Object(Config\Paths))
16 SYSTEMPATH\rewrite.php(44): require_once('E:\\xampp\\htdocs\\Sistema_horarios_TCC\\public\\index.php')
INFO - 2024-11-05 22:32:54 --> Session: Class initialized using 'CodeIgniter\Session\Handlers\FileHandler' driver.
CRITICAL - 2024-11-05 22:32:54 --> CodeIgniter\Router\Exceptions\RouterException: Router.invalidParameterType
[Method: GET, Route: turma]
in SYSTEMPATH\Router\RouteCollection.php on line 1394.
 1 SYSTEMPATH\Router\RouteCollection.php(1394): CodeIgniter\Router\Exceptions\RouterException::forInvalidParameterType()
 2 SYSTEMPATH\Router\RouteCollection.php(1204): CodeIgniter\Router\RouteCollection->buildReverseRoute('turma/editar/(:num)', [...])
 3 SYSTEMPATH\Common.php(953): CodeIgniter\Router\RouteCollection->reverseRoute('editarTurma', 'geg')
 4 SYSTEMPATH\Helpers\url_helper.php(487): route_to('editarTurma', 'geg')
 5 APPPATH\Views\turma.php(132): url_to('editarTurma', 'geg')
 6 SYSTEMPATH\View\View.php(234): include('E:\\xampp\\htdocs\\Sistema_horarios_TCC\\app\\Views\\turma.php')
 7 SYSTEMPATH\View\View.php(237): CodeIgniter\View\View->CodeIgniter\View\{closure}()
 8 SYSTEMPATH\Common.php(1171): CodeIgniter\View\View->render('turma', [], true)
 9 APPPATH\Controllers\Turma.php(27): view('turma', [...])
10 SYSTEMPATH\CodeIgniter.php(933): App\Controllers\Turma->listarTurma()
11 SYSTEMPATH\CodeIgniter.php(509): CodeIgniter\CodeIgniter->runController(Object(App\Controllers\Turma))
12 SYSTEMPATH\CodeIgniter.php(355): CodeIgniter\CodeIgniter->handleRequest(null, Object(Config\Cache), false)
13 SYSTEMPATH\Boot.php(325): CodeIgniter\CodeIgniter->run()
14 SYSTEMPATH\Boot.php(67): CodeIgniter\Boot::runCodeIgniter(Object(CodeIgniter\CodeIgniter))
15 FCPATH\index.php(56): CodeIgniter\Boot::bootWeb(Object(Config\Paths))
16 SYSTEMPATH\rewrite.php(44): require_once('E:\\xampp\\htdocs\\Sistema_horarios_TCC\\public\\index.php')
INFO - 2024-11-05 22:32:55 --> Session: Class initialized using 'CodeIgniter\Session\Handlers\FileHandler' driver.
CRITICAL - 2024-11-05 22:32:55 --> CodeIgniter\Router\Exceptions\RouterException: Router.invalidParameterType
[Method: GET, Route: turma]
in SYSTEMPATH\Router\RouteCollection.php on line 1394.
 1 SYSTEMPATH\Router\RouteCollection.php(1394): CodeIgniter\Router\Exceptions\RouterException::forInvalidParameterType()
 2 SYSTEMPATH\Router\RouteCollection.php(1204): CodeIgniter\Router\RouteCollection->buildReverseRoute('turma/editar/(:num)', [...])
 3 SYSTEMPATH\Common.php(953): CodeIgniter\Router\RouteCollection->reverseRoute('editarTurma', 'geg')
 4 SYSTEMPATH\Helpers\url_helper.php(487): route_to('editarTurma', 'geg')
 5 APPPATH\Views\turma.php(132): url_to('editarTurma', 'geg')
 6 SYSTEMPATH\View\View.php(234): include('E:\\xampp\\htdocs\\Sistema_horarios_TCC\\app\\Views\\turma.php')
 7 SYSTEMPATH\View\View.php(237): CodeIgniter\View\View->CodeIgniter\View\{closure}()
 8 SYSTEMPATH\Common.php(1171): CodeIgniter\View\View->render('turma', [], true)
 9 APPPATH\Controllers\Turma.php(27): view('turma', [...])
10 SYSTEMPATH\CodeIgniter.php(933): App\Controllers\Turma->listarTurma()
11 SYSTEMPATH\CodeIgniter.php(509): CodeIgniter\CodeIgniter->runController(Object(App\Controllers\Turma))
12 SYSTEMPATH\CodeIgniter.php(355): CodeIgniter\CodeIgniter->handleRequest(null, Object(Config\Cache), false)
13 SYSTEMPATH\Boot.php(325): CodeIgniter\CodeIgniter->run()
14 SYSTEMPATH\Boot.php(67): CodeIgniter\Boot::runCodeIgniter(Object(CodeIgniter\CodeIgniter))
15 FCPATH\index.php(56): CodeIgniter\Boot::bootWeb(Object(Config\Paths))
16 SYSTEMPATH\rewrite.php(44): require_once('E:\\xampp\\htdocs\\Sistema_horarios_TCC\\public\\index.php')
INFO - 2024-11-05 22:32:56 --> Session: Class initialized using 'CodeIgniter\Session\Handlers\FileHandler' driver.
CRITICAL - 2024-11-05 22:32:56 --> CodeIgniter\Router\Exceptions\RouterException: Router.invalidParameterType
[Method: GET, Route: turma]
in SYSTEMPATH\Router\RouteCollection.php on line 1394.
 1 SYSTEMPATH\Router\RouteCollection.php(1394): CodeIgniter\Router\Exceptions\RouterException::forInvalidParameterType()
 2 SYSTEMPATH\Router\RouteCollection.php(1204): CodeIgniter\Router\RouteCollection->buildReverseRoute('turma/editar/(:num)', [...])
 3 SYSTEMPATH\Common.php(953): CodeIgniter\Router\RouteCollection->reverseRoute('editarTurma', 'geg')
 4 SYSTEMPATH\Helpers\url_helper.php(487): route_to('editarTurma', 'geg')
 5 APPPATH\Views\turma.php(132): url_to('editarTurma', 'geg')
 6 SYSTEMPATH\View\View.php(234): include('E:\\xampp\\htdocs\\Sistema_horarios_TCC\\app\\Views\\turma.php')
 7 SYSTEMPATH\View\View.php(237): CodeIgniter\View\View->CodeIgniter\View\{closure}()
 8 SYSTEMPATH\Common.php(1171): CodeIgniter\View\View->render('turma', [], true)
 9 APPPATH\Controllers\Turma.php(27): view('turma', [...])
10 SYSTEMPATH\CodeIgniter.php(933): App\Controllers\Turma->listarTurma()
11 SYSTEMPATH\CodeIgniter.php(509): CodeIgniter\CodeIgniter->runController(Object(App\Controllers\Turma))
12 SYSTEMPATH\CodeIgniter.php(355): CodeIgniter\CodeIgniter->handleRequest(null, Object(Config\Cache), false)
13 SYSTEMPATH\Boot.php(325): CodeIgniter\CodeIgniter->run()
14 SYSTEMPATH\Boot.php(67): CodeIgniter\Boot::runCodeIgniter(Object(CodeIgniter\CodeIgniter))
15 FCPATH\index.php(56): CodeIgniter\Boot::bootWeb(Object(Config\Paths))
16 SYSTEMPATH\rewrite.php(44): require_once('E:\\xampp\\htdocs\\Sistema_horarios_TCC\\public\\index.php')
INFO - 2024-11-05 22:32:56 --> Session: Class initialized using 'CodeIgniter\Session\Handlers\FileHandler' driver.
CRITICAL - 2024-11-05 22:32:56 --> CodeIgniter\Router\Exceptions\RouterException: Router.invalidParameterType
[Method: GET, Route: turma]
in SYSTEMPATH\Router\RouteCollection.php on line 1394.
 1 SYSTEMPATH\Router\RouteCollection.php(1394): CodeIgniter\Router\Exceptions\RouterException::forInvalidParameterType()
 2 SYSTEMPATH\Router\RouteCollection.php(1204): CodeIgniter\Router\RouteCollection->buildReverseRoute('turma/editar/(:num)', [...])
 3 SYSTEMPATH\Common.php(953): CodeIgniter\Router\RouteCollection->reverseRoute('editarTurma', 'geg')
 4 SYSTEMPATH\Helpers\url_helper.php(487): route_to('editarTurma', 'geg')
 5 APPPATH\Views\turma.php(132): url_to('editarTurma', 'geg')
 6 SYSTEMPATH\View\View.php(234): include('E:\\xampp\\htdocs\\Sistema_horarios_TCC\\app\\Views\\turma.php')
 7 SYSTEMPATH\View\View.php(237): CodeIgniter\View\View->CodeIgniter\View\{closure}()
 8 SYSTEMPATH\Common.php(1171): CodeIgniter\View\View->render('turma', [], true)
 9 APPPATH\Controllers\Turma.php(27): view('turma', [...])
10 SYSTEMPATH\CodeIgniter.php(933): App\Controllers\Turma->listarTurma()
11 SYSTEMPATH\CodeIgniter.php(509): CodeIgniter\CodeIgniter->runController(Object(App\Controllers\Turma))
12 SYSTEMPATH\CodeIgniter.php(355): CodeIgniter\CodeIgniter->handleRequest(null, Object(Config\Cache), false)
13 SYSTEMPATH\Boot.php(325): CodeIgniter\CodeIgniter->run()
14 SYSTEMPATH\Boot.php(67): CodeIgniter\Boot::runCodeIgniter(Object(CodeIgniter\CodeIgniter))
15 FCPATH\index.php(56): CodeIgniter\Boot::bootWeb(Object(Config\Paths))
16 SYSTEMPATH\rewrite.php(44): require_once('E:\\xampp\\htdocs\\Sistema_horarios_TCC\\public\\index.php')
INFO - 2024-11-05 22:32:57 --> Session: Class initialized using 'CodeIgniter\Session\Handlers\FileHandler' driver.
CRITICAL - 2024-11-05 22:32:57 --> CodeIgniter\Router\Exceptions\RouterException: Router.invalidParameterType
[Method: GET, Route: turma]
in SYSTEMPATH\Router\RouteCollection.php on line 1394.
 1 SYSTEMPATH\Router\RouteCollection.php(1394): CodeIgniter\Router\Exceptions\RouterException::forInvalidParameterType()
 2 SYSTEMPATH\Router\RouteCollection.php(1204): CodeIgniter\Router\RouteCollection->buildReverseRoute('turma/editar/(:num)', [...])
 3 SYSTEMPATH\Common.php(953): CodeIgniter\Router\RouteCollection->reverseRoute('editarTurma', 'geg')
 4 SYSTEMPATH\Helpers\url_helper.php(487): route_to('editarTurma', 'geg')
 5 APPPATH\Views\turma.php(132): url_to('editarTurma', 'geg')
 6 SYSTEMPATH\View\View.php(234): include('E:\\xampp\\htdocs\\Sistema_horarios_TCC\\app\\Views\\turma.php')
 7 SYSTEMPATH\View\View.php(237): CodeIgniter\View\View->CodeIgniter\View\{closure}()
 8 SYSTEMPATH\Common.php(1171): CodeIgniter\View\View->render('turma', [], true)
 9 APPPATH\Controllers\Turma.php(27): view('turma', [...])
10 SYSTEMPATH\CodeIgniter.php(933): App\Controllers\Turma->listarTurma()
11 SYSTEMPATH\CodeIgniter.php(509): CodeIgniter\CodeIgniter->runController(Object(App\Controllers\Turma))
12 SYSTEMPATH\CodeIgniter.php(355): CodeIgniter\CodeIgniter->handleRequest(null, Object(Config\Cache), false)
13 SYSTEMPATH\Boot.php(325): CodeIgniter\CodeIgniter->run()
14 SYSTEMPATH\Boot.php(67): CodeIgniter\Boot::runCodeIgniter(Object(CodeIgniter\CodeIgniter))
15 FCPATH\index.php(56): CodeIgniter\Boot::bootWeb(Object(Config\Paths))
16 SYSTEMPATH\rewrite.php(44): require_once('E:\\xampp\\htdocs\\Sistema_horarios_TCC\\public\\index.php')
INFO - 2024-11-05 22:32:58 --> Session: Class initialized using 'CodeIgniter\Session\Handlers\FileHandler' driver.
CRITICAL - 2024-11-05 22:32:58 --> CodeIgniter\Router\Exceptions\RouterException: Router.invalidParameterType
[Method: GET, Route: turma]
in SYSTEMPATH\Router\RouteCollection.php on line 1394.
 1 SYSTEMPATH\Router\RouteCollection.php(1394): CodeIgniter\Router\Exceptions\RouterException::forInvalidParameterType()
 2 SYSTEMPATH\Router\RouteCollection.php(1204): CodeIgniter\Router\RouteCollection->buildReverseRoute('turma/editar/(:num)', [...])
 3 SYSTEMPATH\Common.php(953): CodeIgniter\Router\RouteCollection->reverseRoute('editarTurma', 'geg')
 4 SYSTEMPATH\Helpers\url_helper.php(487): route_to('editarTurma', 'geg')
 5 APPPATH\Views\turma.php(132): url_to('editarTurma', 'geg')
 6 SYSTEMPATH\View\View.php(234): include('E:\\xampp\\htdocs\\Sistema_horarios_TCC\\app\\Views\\turma.php')
 7 SYSTEMPATH\View\View.php(237): CodeIgniter\View\View->CodeIgniter\View\{closure}()
 8 SYSTEMPATH\Common.php(1171): CodeIgniter\View\View->render('turma', [], true)
 9 APPPATH\Controllers\Turma.php(27): view('turma', [...])
10 SYSTEMPATH\CodeIgniter.php(933): App\Controllers\Turma->listarTurma()
11 SYSTEMPATH\CodeIgniter.php(509): CodeIgniter\CodeIgniter->runController(Object(App\Controllers\Turma))
12 SYSTEMPATH\CodeIgniter.php(355): CodeIgniter\CodeIgniter->handleRequest(null, Object(Config\Cache), false)
13 SYSTEMPATH\Boot.php(325): CodeIgniter\CodeIgniter->run()
14 SYSTEMPATH\Boot.php(67): CodeIgniter\Boot::runCodeIgniter(Object(CodeIgniter\CodeIgniter))
15 FCPATH\index.php(56): CodeIgniter\Boot::bootWeb(Object(Config\Paths))
16 SYSTEMPATH\rewrite.php(44): require_once('E:\\xampp\\htdocs\\Sistema_horarios_TCC\\public\\index.php')
INFO - 2024-11-05 22:32:58 --> Session: Class initialized using 'CodeIgniter\Session\Handlers\FileHandler' driver.
CRITICAL - 2024-11-05 22:32:58 --> CodeIgniter\Router\Exceptions\RouterException: Router.invalidParameterType
[Method: GET, Route: turma]
in SYSTEMPATH\Router\RouteCollection.php on line 1394.
 1 SYSTEMPATH\Router\RouteCollection.php(1394): CodeIgniter\Router\Exceptions\RouterException::forInvalidParameterType()
 2 SYSTEMPATH\Router\RouteCollection.php(1204): CodeIgniter\Router\RouteCollection->buildReverseRoute('turma/editar/(:num)', [...])
 3 SYSTEMPATH\Common.php(953): CodeIgniter\Router\RouteCollection->reverseRoute('editarTurma', 'geg')
 4 SYSTEMPATH\Helpers\url_helper.php(487): route_to('editarTurma', 'geg')
 5 APPPATH\Views\turma.php(132): url_to('editarTurma', 'geg')
 6 SYSTEMPATH\View\View.php(234): include('E:\\xampp\\htdocs\\Sistema_horarios_TCC\\app\\Views\\turma.php')
 7 SYSTEMPATH\View\View.php(237): CodeIgniter\View\View->CodeIgniter\View\{closure}()
 8 SYSTEMPATH\Common.php(1171): CodeIgniter\View\View->render('turma', [], true)
 9 APPPATH\Controllers\Turma.php(27): view('turma', [...])
10 SYSTEMPATH\CodeIgniter.php(933): App\Controllers\Turma->listarTurma()
11 SYSTEMPATH\CodeIgniter.php(509): CodeIgniter\CodeIgniter->runController(Object(App\Controllers\Turma))
12 SYSTEMPATH\CodeIgniter.php(355): CodeIgniter\CodeIgniter->handleRequest(null, Object(Config\Cache), false)
13 SYSTEMPATH\Boot.php(325): CodeIgniter\CodeIgniter->run()
14 SYSTEMPATH\Boot.php(67): CodeIgniter\Boot::runCodeIgniter(Object(CodeIgniter\CodeIgniter))
15 FCPATH\index.php(56): CodeIgniter\Boot::bootWeb(Object(Config\Paths))
16 SYSTEMPATH\rewrite.php(44): require_once('E:\\xampp\\htdocs\\Sistema_horarios_TCC\\public\\index.php')
INFO - 2024-11-05 22:32:59 --> Session: Class initialized using 'CodeIgniter\Session\Handlers\FileHandler' driver.
CRITICAL - 2024-11-05 22:32:59 --> CodeIgniter\Router\Exceptions\RouterException: Router.invalidParameterType
[Method: GET, Route: turma]
in SYSTEMPATH\Router\RouteCollection.php on line 1394.
 1 SYSTEMPATH\Router\RouteCollection.php(1394): CodeIgniter\Router\Exceptions\RouterException::forInvalidParameterType()
 2 SYSTEMPATH\Router\RouteCollection.php(1204): CodeIgniter\Router\RouteCollection->buildReverseRoute('turma/editar/(:num)', [...])
 3 SYSTEMPATH\Common.php(953): CodeIgniter\Router\RouteCollection->reverseRoute('editarTurma', 'geg')
 4 SYSTEMPATH\Helpers\url_helper.php(487): route_to('editarTurma', 'geg')
 5 APPPATH\Views\turma.php(132): url_to('editarTurma', 'geg')
 6 SYSTEMPATH\View\View.php(234): include('E:\\xampp\\htdocs\\Sistema_horarios_TCC\\app\\Views\\turma.php')
 7 SYSTEMPATH\View\View.php(237): CodeIgniter\View\View->CodeIgniter\View\{closure}()
 8 SYSTEMPATH\Common.php(1171): CodeIgniter\View\View->render('turma', [], true)
 9 APPPATH\Controllers\Turma.php(27): view('turma', [...])
10 SYSTEMPATH\CodeIgniter.php(933): App\Controllers\Turma->listarTurma()
11 SYSTEMPATH\CodeIgniter.php(509): CodeIgniter\CodeIgniter->runController(Object(App\Controllers\Turma))
12 SYSTEMPATH\CodeIgniter.php(355): CodeIgniter\CodeIgniter->handleRequest(null, Object(Config\Cache), false)
13 SYSTEMPATH\Boot.php(325): CodeIgniter\CodeIgniter->run()
14 SYSTEMPATH\Boot.php(67): CodeIgniter\Boot::runCodeIgniter(Object(CodeIgniter\CodeIgniter))
15 FCPATH\index.php(56): CodeIgniter\Boot::bootWeb(Object(Config\Paths))
16 SYSTEMPATH\rewrite.php(44): require_once('E:\\xampp\\htdocs\\Sistema_horarios_TCC\\public\\index.php')
INFO - 2024-11-05 22:32:59 --> Session: Class initialized using 'CodeIgniter\Session\Handlers\FileHandler' driver.
CRITICAL - 2024-11-05 22:32:59 --> CodeIgniter\Router\Exceptions\RouterException: Router.invalidParameterType
[Method: GET, Route: turma]
in SYSTEMPATH\Router\RouteCollection.php on line 1394.
 1 SYSTEMPATH\Router\RouteCollection.php(1394): CodeIgniter\Router\Exceptions\RouterException::forInvalidParameterType()
 2 SYSTEMPATH\Router\RouteCollection.php(1204): CodeIgniter\Router\RouteCollection->buildReverseRoute('turma/editar/(:num)', [...])
 3 SYSTEMPATH\Common.php(953): CodeIgniter\Router\RouteCollection->reverseRoute('editarTurma', 'geg')
 4 SYSTEMPATH\Helpers\url_helper.php(487): route_to('editarTurma', 'geg')
 5 APPPATH\Views\turma.php(132): url_to('editarTurma', 'geg')
 6 SYSTEMPATH\View\View.php(234): include('E:\\xampp\\htdocs\\Sistema_horarios_TCC\\app\\Views\\turma.php')
 7 SYSTEMPATH\View\View.php(237): CodeIgniter\View\View->CodeIgniter\View\{closure}()
 8 SYSTEMPATH\Common.php(1171): CodeIgniter\View\View->render('turma', [], true)
 9 APPPATH\Controllers\Turma.php(27): view('turma', [...])
10 SYSTEMPATH\CodeIgniter.php(933): App\Controllers\Turma->listarTurma()
11 SYSTEMPATH\CodeIgniter.php(509): CodeIgniter\CodeIgniter->runController(Object(App\Controllers\Turma))
12 SYSTEMPATH\CodeIgniter.php(355): CodeIgniter\CodeIgniter->handleRequest(null, Object(Config\Cache), false)
13 SYSTEMPATH\Boot.php(325): CodeIgniter\CodeIgniter->run()
14 SYSTEMPATH\Boot.php(67): CodeIgniter\Boot::runCodeIgniter(Object(CodeIgniter\CodeIgniter))
15 FCPATH\index.php(56): CodeIgniter\Boot::bootWeb(Object(Config\Paths))
16 SYSTEMPATH\rewrite.php(44): require_once('E:\\xampp\\htdocs\\Sistema_horarios_TCC\\public\\index.php')
INFO - 2024-11-05 22:33:01 --> Session: Class initialized using 'CodeIgniter\Session\Handlers\FileHandler' driver.
CRITICAL - 2024-11-05 22:33:01 --> CodeIgniter\Router\Exceptions\RouterException: Router.invalidParameterType
[Method: GET, Route: turma]
in SYSTEMPATH\Router\RouteCollection.php on line 1394.
 1 SYSTEMPATH\Router\RouteCollection.php(1394): CodeIgniter\Router\Exceptions\RouterException::forInvalidParameterType()
 2 SYSTEMPATH\Router\RouteCollection.php(1204): CodeIgniter\Router\RouteCollection->buildReverseRoute('turma/editar/(:num)', [...])
 3 SYSTEMPATH\Common.php(953): CodeIgniter\Router\RouteCollection->reverseRoute('editarTurma', 'geg')
 4 SYSTEMPATH\Helpers\url_helper.php(487): route_to('editarTurma', 'geg')
 5 APPPATH\Views\turma.php(132): url_to('editarTurma', 'geg')
 6 SYSTEMPATH\View\View.php(234): include('E:\\xampp\\htdocs\\Sistema_horarios_TCC\\app\\Views\\turma.php')
 7 SYSTEMPATH\View\View.php(237): CodeIgniter\View\View->CodeIgniter\View\{closure}()
 8 SYSTEMPATH\Common.php(1171): CodeIgniter\View\View->render('turma', [], true)
 9 APPPATH\Controllers\Turma.php(27): view('turma', [...])
10 SYSTEMPATH\CodeIgniter.php(933): App\Controllers\Turma->listarTurma()
11 SYSTEMPATH\CodeIgniter.php(509): CodeIgniter\CodeIgniter->runController(Object(App\Controllers\Turma))
12 SYSTEMPATH\CodeIgniter.php(355): CodeIgniter\CodeIgniter->handleRequest(null, Object(Config\Cache), false)
13 SYSTEMPATH\Boot.php(325): CodeIgniter\CodeIgniter->run()
14 SYSTEMPATH\Boot.php(67): CodeIgniter\Boot::runCodeIgniter(Object(CodeIgniter\CodeIgniter))
15 FCPATH\index.php(56): CodeIgniter\Boot::bootWeb(Object(Config\Paths))
16 SYSTEMPATH\rewrite.php(44): require_once('E:\\xampp\\htdocs\\Sistema_horarios_TCC\\public\\index.php')
INFO - 2024-11-05 22:33:27 --> Session: Class initialized using 'CodeIgniter\Session\Handlers\FileHandler' driver.
INFO - 2024-11-05 22:33:40 --> Session: Class initialized using 'CodeIgniter\Session\Handlers\FileHandler' driver.
INFO - 2024-11-05 22:33:46 --> Session: Class initialized using 'CodeIgniter\Session\Handlers\FileHandler' driver.
CRITICAL - 2024-11-05 22:33:46 --> CodeIgniter\Router\Exceptions\RouterException: Router.invalidParameterType
[Method: GET, Route: turma]
in SYSTEMPATH\Router\RouteCollection.php on line 1394.
 1 SYSTEMPATH\Router\RouteCollection.php(1394): CodeIgniter\Router\Exceptions\RouterException::forInvalidParameterType()
 2 SYSTEMPATH\Router\RouteCollection.php(1204): CodeIgniter\Router\RouteCollection->buildReverseRoute('turma/editar/(:num)', [...])
 3 SYSTEMPATH\Common.php(953): CodeIgniter\Router\RouteCollection->reverseRoute('editarTurma', 'geg')
 4 SYSTEMPATH\Helpers\url_helper.php(487): route_to('editarTurma', 'geg')
 5 APPPATH\Views\turma.php(132): url_to('editarTurma', 'geg')
 6 SYSTEMPATH\View\View.php(234): include('E:\\xampp\\htdocs\\Sistema_horarios_TCC\\app\\Views\\turma.php')
 7 SYSTEMPATH\View\View.php(237): CodeIgniter\View\View->CodeIgniter\View\{closure}()
 8 SYSTEMPATH\Common.php(1171): CodeIgniter\View\View->render('turma', [], true)
 9 APPPATH\Controllers\Turma.php(27): view('turma', [...])
10 SYSTEMPATH\CodeIgniter.php(933): App\Controllers\Turma->listarTurma()
11 SYSTEMPATH\CodeIgniter.php(509): CodeIgniter\CodeIgniter->runController(Object(App\Controllers\Turma))
12 SYSTEMPATH\CodeIgniter.php(355): CodeIgniter\CodeIgniter->handleRequest(null, Object(Config\Cache), false)
13 SYSTEMPATH\Boot.php(325): CodeIgniter\CodeIgniter->run()
14 SYSTEMPATH\Boot.php(67): CodeIgniter\Boot::runCodeIgniter(Object(CodeIgniter\CodeIgniter))
15 FCPATH\index.php(56): CodeIgniter\Boot::bootWeb(Object(Config\Paths))
16 SYSTEMPATH\rewrite.php(44): require_once('E:\\xampp\\htdocs\\Sistema_horarios_TCC\\public\\index.php')
INFO - 2024-11-05 22:41:04 --> Session: Class initialized using 'CodeIgniter\Session\Handlers\FileHandler' driver.
INFO - 2024-11-05 22:41:25 --> Session: Class initialized using 'CodeIgniter\Session\Handlers\FileHandler' driver.
INFO - 2024-11-05 22:41:30 --> Session: Class initialized using 'CodeIgniter\Session\Handlers\FileHandler' driver.
INFO - 2024-11-05 22:41:30 --> Session: Class initialized using 'CodeIgniter\Session\Handlers\FileHandler' driver.
