DEBUG - 2024-12-03 00:02:27 --> {"id_sala":"1","dia_semana":1,"horario_inicio":1,"horario_fim":6,"professor":"Sem professor"}
DEBUG - 2024-12-03 00:02:33 --> {"id_sala":"1","dia_semana":1,"horario_inicio":1,"horario_fim":6,"professor":"5"}
DEBUG - 2024-12-03 00:02:37 --> {"id_sala":"1","dia_semana":1,"horario_inicio":6,"horario_fim":12,"professor":"Sem professor"}
DEBUG - 2024-12-03 00:02:40 --> {"id_sala":"1","dia_semana":1,"horario_inicio":6,"horario_fim":12,"professor":"6"}
DEBUG - 2024-12-03 00:02:43 --> {"id_sala":"3","dia_semana":2,"horario_inicio":1,"horario_fim":3,"professor":"Sem professor"}
DEBUG - 2024-12-03 00:02:46 --> {"id_sala":"3","dia_semana":2,"horario_inicio":1,"horario_fim":3,"professor":"7"}
DEBUG - 2024-12-03 00:02:50 --> {"id_sala":"3","dia_semana":2,"horario_inicio":3,"horario_fim":8,"professor":"Sem professor"}
DEBUG - 2024-12-03 00:02:54 --> {"id_sala":"3","dia_semana":2,"horario_inicio":3,"horario_fim":8,"professor":"5"}
DEBUG - 2024-12-03 00:02:58 --> {"id_sala":"3","dia_semana":2,"horario_inicio":8,"horario_fim":10,"professor":"Sem professor"}
DEBUG - 2024-12-03 00:03:03 --> {"id_sala":"3","dia_semana":2,"horario_inicio":8,"horario_fim":10,"professor":"5"}
DEBUG - 2024-12-03 00:03:14 --> {"id_sala":"1","dia_semana":3,"horario_inicio":1,"horario_fim":5,"professor":"Sem professor"}
DEBUG - 2024-12-03 00:03:17 --> {"id_sala":"1","dia_semana":3,"horario_inicio":1,"horario_fim":5,"professor":"5"}
DEBUG - 2024-12-03 00:03:24 --> {"id_sala":"1","dia_semana":3,"horario_inicio":1,"horario_fim":5,"professor":"5"}
DEBUG - 2024-12-03 00:03:27 --> {"id_sala":"1","dia_semana":3,"horario_inicio":1,"horario_fim":5,"professor":"6"}
DEBUG - 2024-12-03 00:03:36 --> {"id_sala":"1","dia_semana":3,"horario_inicio":5,"horario_fim":7,"professor":"Sem professor"}
DEBUG - 2024-12-03 00:03:39 --> {"id_sala":"1","dia_semana":3,"horario_inicio":5,"horario_fim":7,"professor":"7"}
DEBUG - 2024-12-03 00:03:43 --> {"id_sala":"3","dia_semana":4,"horario_inicio":6,"horario_fim":10,"professor":"Sem professor"}
DEBUG - 2024-12-03 00:03:45 --> {"id_sala":"3","dia_semana":4,"horario_inicio":6,"horario_fim":10,"professor":"6"}
DEBUG - 2024-12-03 00:04:54 --> {"id_sala":"Sem sala","dia_semana":4,"horario_inicio":6,"horario_fim":10,"professor":"6"}
DEBUG - 2024-12-03 00:05:14 --> {"id_sala":"3","dia_semana":2,"horario_inicio":1,"horario_fim":3,"professor":"Sem professor"}
DEBUG - 2024-12-03 00:09:43 --> {"id_sala":"1","dia_semana":3,"horario_inicio":3,"horario_fim":9,"professor":"Sem professor","id_horario_aula":0}
DEBUG - 2024-12-03 00:09:47 --> {"id_sala":"3","dia_semana":3,"horario_inicio":3,"horario_fim":9,"professor":"Sem professor","id_horario_aula":0}
DEBUG - 2024-12-03 00:09:58 --> {"id_sala":"Sem sala","dia_semana":5,"horario_inicio":12,"horario_fim":14,"professor":"Sem professor","id_horario_aula":0}
DEBUG - 2024-12-03 00:10:05 --> {"id_sala":"3","dia_semana":5,"horario_inicio":11,"horario_fim":13,"professor":"Sem professor","id_horario_aula":0}
DEBUG - 2024-12-03 00:10:07 --> {"id_sala":"3","dia_semana":5,"horario_inicio":11,"horario_fim":13,"professor":"6","id_horario_aula":0}
DEBUG - 2024-12-03 00:10:21 --> {"id_sala":"3","dia_semana":4,"horario_inicio":6,"horario_fim":10,"professor":"5","id_horario_aula":"20241203000355"}
DEBUG - 2024-12-03 00:13:06 --> 0
DEBUG - 2024-12-03 00:13:14 --> 1
DEBUG - 2024-12-03 00:14:36 --> 1
DEBUG - 2024-12-03 00:14:40 --> 1
DEBUG - 2024-12-03 00:14:46 --> 1
DEBUG - 2024-12-03 00:15:45 --> 0
DEBUG - 2024-12-03 00:15:52 --> 0
DEBUG - 2024-12-03 00:16:26 --> 0
DEBUG - 2024-12-03 00:16:32 --> 0
DEBUG - 2024-12-03 00:17:54 --> 0
DEBUG - 2024-12-03 00:17:58 --> 0
DEBUG - 2024-12-03 00:18:44 --> "20241203000355"
DEBUG - 2024-12-03 00:18:44 --> 0
DEBUG - 2024-12-03 00:18:48 --> "20241203000355"
DEBUG - 2024-12-03 00:18:48 --> 0
DEBUG - 2024-12-03 00:19:22 --> "20241203000355"
DEBUG - 2024-12-03 00:19:22 --> 0
DEBUG - 2024-12-03 00:20:08 --> "20241203000355"
DEBUG - 2024-12-03 00:20:13 --> "20241203000355"
DEBUG - 2024-12-03 00:25:35 --> "20241203000355"
DEBUG - 2024-12-03 00:28:19 --> "entrou"
DEBUG - 2024-12-03 00:28:38 --> "entrou"
INFO - 2024-12-03 00:43:57 --> Session: Class initialized using 'CodeIgniter\Session\Handlers\FileHandler' driver.
INFO - 2024-12-03 00:44:50 --> Session: Class initialized using 'CodeIgniter\Session\Handlers\FileHandler' driver.
INFO - 2024-12-03 00:45:00 --> Session: Class initialized using 'CodeIgniter\Session\Handlers\FileHandler' driver.
INFO - 2024-12-03 00:45:31 --> Session: Class initialized using 'CodeIgniter\Session\Handlers\FileHandler' driver.
INFO - 2024-12-03 00:45:38 --> Session: Class initialized using 'CodeIgniter\Session\Handlers\FileHandler' driver.
INFO - 2024-12-03 00:45:40 --> Session: Class initialized using 'CodeIgniter\Session\Handlers\FileHandler' driver.
INFO - 2024-12-03 00:46:07 --> Session: Class initialized using 'CodeIgniter\Session\Handlers\FileHandler' driver.
INFO - 2024-12-03 00:46:46 --> Session: Class initialized using 'CodeIgniter\Session\Handlers\FileHandler' driver.
INFO - 2024-12-03 00:47:36 --> Session: Class initialized using 'CodeIgniter\Session\Handlers\FileHandler' driver.
INFO - 2024-12-03 00:47:45 --> Session: Class initialized using 'CodeIgniter\Session\Handlers\FileHandler' driver.
INFO - 2024-12-03 00:47:50 --> Session: Class initialized using 'CodeIgniter\Session\Handlers\FileHandler' driver.
INFO - 2024-12-03 00:48:13 --> Session: Class initialized using 'CodeIgniter\Session\Handlers\FileHandler' driver.
INFO - 2024-12-03 00:48:13 --> Session: Class initialized using 'CodeIgniter\Session\Handlers\FileHandler' driver.
CRITICAL - 2024-12-03 01:02:19 --> ErrorException: Undefined variable $salas
[Method: GET, Route: horario-aula/professor]
in APPPATH\Views\horario_professor.php on line 128.
 1 APPPATH\Views\horario_professor.php(128): CodeIgniter\Debug\Exceptions->errorHandler(2, 'Undefined variable $salas', 'E:\\xampp\\htdocs\\Sistema_horarios_TCC\\app\\Views\\horario_professor.php', 128)
 2 SYSTEMPATH\View\View.php(234): include('E:\\xampp\\htdocs\\Sistema_horarios_TCC\\app\\Views\\horario_professor.php')
 3 SYSTEMPATH\View\View.php(237): CodeIgniter\View\View->CodeIgniter\View\{closure}()
 4 SYSTEMPATH\Common.php(1171): CodeIgniter\View\View->render('horario_professor', [], true)
 5 APPPATH\Controllers\HorarioAula.php(123): view('horario_professor', [...])
 6 SYSTEMPATH\CodeIgniter.php(933): App\Controllers\HorarioAula->horarioProfessor()
 7 SYSTEMPATH\CodeIgniter.php(509): CodeIgniter\CodeIgniter->runController(Object(App\Controllers\HorarioAula))
 8 SYSTEMPATH\CodeIgniter.php(355): CodeIgniter\CodeIgniter->handleRequest(null, Object(Config\Cache), false)
 9 SYSTEMPATH\Boot.php(325): CodeIgniter\CodeIgniter->run()
10 SYSTEMPATH\Boot.php(67): CodeIgniter\Boot::runCodeIgniter(Object(CodeIgniter\CodeIgniter))
11 FCPATH\index.php(56): CodeIgniter\Boot::bootWeb(Object(Config\Paths))
12 SYSTEMPATH\rewrite.php(44): require_once('E:\\xampp\\htdocs\\Sistema_horarios_TCC\\public\\index.php')
CRITICAL - 2024-12-03 01:02:46 --> ErrorException: Undefined variable $salas
[Method: GET, Route: horario-aula/professor]
in APPPATH\Views\horario_professor.php on line 128.
 1 APPPATH\Views\horario_professor.php(128): CodeIgniter\Debug\Exceptions->errorHandler(2, 'Undefined variable $salas', 'E:\\xampp\\htdocs\\Sistema_horarios_TCC\\app\\Views\\horario_professor.php', 128)
 2 SYSTEMPATH\View\View.php(234): include('E:\\xampp\\htdocs\\Sistema_horarios_TCC\\app\\Views\\horario_professor.php')
 3 SYSTEMPATH\View\View.php(237): CodeIgniter\View\View->CodeIgniter\View\{closure}()
 4 SYSTEMPATH\Common.php(1171): CodeIgniter\View\View->render('horario_professor', [], true)
 5 APPPATH\Controllers\HorarioAula.php(123): view('horario_professor', [...])
 6 SYSTEMPATH\CodeIgniter.php(933): App\Controllers\HorarioAula->horarioProfessor()
 7 SYSTEMPATH\CodeIgniter.php(509): CodeIgniter\CodeIgniter->runController(Object(App\Controllers\HorarioAula))
 8 SYSTEMPATH\CodeIgniter.php(355): CodeIgniter\CodeIgniter->handleRequest(null, Object(Config\Cache), false)
 9 SYSTEMPATH\Boot.php(325): CodeIgniter\CodeIgniter->run()
10 SYSTEMPATH\Boot.php(67): CodeIgniter\Boot::runCodeIgniter(Object(CodeIgniter\CodeIgniter))
11 FCPATH\index.php(56): CodeIgniter\Boot::bootWeb(Object(Config\Paths))
12 SYSTEMPATH\rewrite.php(44): require_once('E:\\xampp\\htdocs\\Sistema_horarios_TCC\\public\\index.php')
CRITICAL - 2024-12-03 01:02:57 --> ErrorException: Undefined variable $salas
[Method: GET, Route: horario-aula/professor]
in APPPATH\Views\horario_professor.php on line 128.
 1 APPPATH\Views\horario_professor.php(128): CodeIgniter\Debug\Exceptions->errorHandler(2, 'Undefined variable $salas', 'E:\\xampp\\htdocs\\Sistema_horarios_TCC\\app\\Views\\horario_professor.php', 128)
 2 SYSTEMPATH\View\View.php(234): include('E:\\xampp\\htdocs\\Sistema_horarios_TCC\\app\\Views\\horario_professor.php')
 3 SYSTEMPATH\View\View.php(237): CodeIgniter\View\View->CodeIgniter\View\{closure}()
 4 SYSTEMPATH\Common.php(1171): CodeIgniter\View\View->render('horario_professor', [], true)
 5 APPPATH\Controllers\HorarioAula.php(123): view('horario_professor', [...])
 6 SYSTEMPATH\CodeIgniter.php(933): App\Controllers\HorarioAula->horarioProfessor()
 7 SYSTEMPATH\CodeIgniter.php(509): CodeIgniter\CodeIgniter->runController(Object(App\Controllers\HorarioAula))
 8 SYSTEMPATH\CodeIgniter.php(355): CodeIgniter\CodeIgniter->handleRequest(null, Object(Config\Cache), false)
 9 SYSTEMPATH\Boot.php(325): CodeIgniter\CodeIgniter->run()
10 SYSTEMPATH\Boot.php(67): CodeIgniter\Boot::runCodeIgniter(Object(CodeIgniter\CodeIgniter))
11 FCPATH\index.php(56): CodeIgniter\Boot::bootWeb(Object(Config\Paths))
12 SYSTEMPATH\rewrite.php(44): require_once('E:\\xampp\\htdocs\\Sistema_horarios_TCC\\public\\index.php')
CRITICAL - 2024-12-03 01:02:58 --> ErrorException: Undefined variable $salas
[Method: GET, Route: horario-aula/professor]
in APPPATH\Views\horario_professor.php on line 128.
 1 APPPATH\Views\horario_professor.php(128): CodeIgniter\Debug\Exceptions->errorHandler(2, 'Undefined variable $salas', 'E:\\xampp\\htdocs\\Sistema_horarios_TCC\\app\\Views\\horario_professor.php', 128)
 2 SYSTEMPATH\View\View.php(234): include('E:\\xampp\\htdocs\\Sistema_horarios_TCC\\app\\Views\\horario_professor.php')
 3 SYSTEMPATH\View\View.php(237): CodeIgniter\View\View->CodeIgniter\View\{closure}()
 4 SYSTEMPATH\Common.php(1171): CodeIgniter\View\View->render('horario_professor', [], true)
 5 APPPATH\Controllers\HorarioAula.php(123): view('horario_professor', [...])
 6 SYSTEMPATH\CodeIgniter.php(933): App\Controllers\HorarioAula->horarioProfessor()
 7 SYSTEMPATH\CodeIgniter.php(509): CodeIgniter\CodeIgniter->runController(Object(App\Controllers\HorarioAula))
 8 SYSTEMPATH\CodeIgniter.php(355): CodeIgniter\CodeIgniter->handleRequest(null, Object(Config\Cache), false)
 9 SYSTEMPATH\Boot.php(325): CodeIgniter\CodeIgniter->run()
10 SYSTEMPATH\Boot.php(67): CodeIgniter\Boot::runCodeIgniter(Object(CodeIgniter\CodeIgniter))
11 FCPATH\index.php(56): CodeIgniter\Boot::bootWeb(Object(Config\Paths))
12 SYSTEMPATH\rewrite.php(44): require_once('E:\\xampp\\htdocs\\Sistema_horarios_TCC\\public\\index.php')
CRITICAL - 2024-12-03 12:59:00 --> ErrorException: Undefined variable $salas
[Method: GET, Route: horario-aula/professor]
in APPPATH\Views\horario_professor.php on line 126.
 1 APPPATH\Views\horario_professor.php(126): CodeIgniter\Debug\Exceptions->errorHandler(2, 'Undefined variable $salas', 'E:\\xampp\\htdocs\\Sistema_horarios_TCC\\app\\Views\\horario_professor.php', 126)
 2 SYSTEMPATH\View\View.php(234): include('E:\\xampp\\htdocs\\Sistema_horarios_TCC\\app\\Views\\horario_professor.php')
 3 SYSTEMPATH\View\View.php(237): CodeIgniter\View\View->CodeIgniter\View\{closure}()
 4 SYSTEMPATH\Common.php(1171): CodeIgniter\View\View->render('horario_professor', [], true)
 5 APPPATH\Controllers\HorarioAula.php(123): view('horario_professor', [...])
 6 SYSTEMPATH\CodeIgniter.php(933): App\Controllers\HorarioAula->horarioProfessor()
 7 SYSTEMPATH\CodeIgniter.php(509): CodeIgniter\CodeIgniter->runController(Object(App\Controllers\HorarioAula))
 8 SYSTEMPATH\CodeIgniter.php(355): CodeIgniter\CodeIgniter->handleRequest(null, Object(Config\Cache), false)
 9 SYSTEMPATH\Boot.php(325): CodeIgniter\CodeIgniter->run()
10 SYSTEMPATH\Boot.php(67): CodeIgniter\Boot::runCodeIgniter(Object(CodeIgniter\CodeIgniter))
11 FCPATH\index.php(56): CodeIgniter\Boot::bootWeb(Object(Config\Paths))
12 SYSTEMPATH\rewrite.php(44): require_once('E:\\xampp\\htdocs\\Sistema_horarios_TCC\\public\\index.php')
CRITICAL - 2024-12-03 13:00:20 --> ErrorException: Undefined variable $salas
[Method: GET, Route: horario-aula/professor]
in APPPATH\Views\horario_professor.php on line 126.
 1 APPPATH\Views\horario_professor.php(126): CodeIgniter\Debug\Exceptions->errorHandler(2, 'Undefined variable $salas', 'E:\\xampp\\htdocs\\Sistema_horarios_TCC\\app\\Views\\horario_professor.php', 126)
 2 SYSTEMPATH\View\View.php(234): include('E:\\xampp\\htdocs\\Sistema_horarios_TCC\\app\\Views\\horario_professor.php')
 3 SYSTEMPATH\View\View.php(237): CodeIgniter\View\View->CodeIgniter\View\{closure}()
 4 SYSTEMPATH\Common.php(1171): CodeIgniter\View\View->render('horario_professor', [], true)
 5 APPPATH\Controllers\HorarioAula.php(123): view('horario_professor', [...])
 6 SYSTEMPATH\CodeIgniter.php(933): App\Controllers\HorarioAula->horarioProfessor()
 7 SYSTEMPATH\CodeIgniter.php(509): CodeIgniter\CodeIgniter->runController(Object(App\Controllers\HorarioAula))
 8 SYSTEMPATH\CodeIgniter.php(355): CodeIgniter\CodeIgniter->handleRequest(null, Object(Config\Cache), false)
 9 SYSTEMPATH\Boot.php(325): CodeIgniter\CodeIgniter->run()
10 SYSTEMPATH\Boot.php(67): CodeIgniter\Boot::runCodeIgniter(Object(CodeIgniter\CodeIgniter))
11 FCPATH\index.php(56): CodeIgniter\Boot::bootWeb(Object(Config\Paths))
12 SYSTEMPATH\rewrite.php(44): require_once('E:\\xampp\\htdocs\\Sistema_horarios_TCC\\public\\index.php')
CRITICAL - 2024-12-03 13:00:21 --> ErrorException: Undefined variable $salas
[Method: GET, Route: horario-aula/professor]
in APPPATH\Views\horario_professor.php on line 126.
 1 APPPATH\Views\horario_professor.php(126): CodeIgniter\Debug\Exceptions->errorHandler(2, 'Undefined variable $salas', 'E:\\xampp\\htdocs\\Sistema_horarios_TCC\\app\\Views\\horario_professor.php', 126)
 2 SYSTEMPATH\View\View.php(234): include('E:\\xampp\\htdocs\\Sistema_horarios_TCC\\app\\Views\\horario_professor.php')
 3 SYSTEMPATH\View\View.php(237): CodeIgniter\View\View->CodeIgniter\View\{closure}()
 4 SYSTEMPATH\Common.php(1171): CodeIgniter\View\View->render('horario_professor', [], true)
 5 APPPATH\Controllers\HorarioAula.php(123): view('horario_professor', [...])
 6 SYSTEMPATH\CodeIgniter.php(933): App\Controllers\HorarioAula->horarioProfessor()
 7 SYSTEMPATH\CodeIgniter.php(509): CodeIgniter\CodeIgniter->runController(Object(App\Controllers\HorarioAula))
 8 SYSTEMPATH\CodeIgniter.php(355): CodeIgniter\CodeIgniter->handleRequest(null, Object(Config\Cache), false)
 9 SYSTEMPATH\Boot.php(325): CodeIgniter\CodeIgniter->run()
10 SYSTEMPATH\Boot.php(67): CodeIgniter\Boot::runCodeIgniter(Object(CodeIgniter\CodeIgniter))
11 FCPATH\index.php(56): CodeIgniter\Boot::bootWeb(Object(Config\Paths))
12 SYSTEMPATH\rewrite.php(44): require_once('E:\\xampp\\htdocs\\Sistema_horarios_TCC\\public\\index.php')
INFO - 2024-12-03 14:50:44 --> Session: Class initialized using 'CodeIgniter\Session\Handlers\FileHandler' driver.
INFO - 2024-12-03 14:53:03 --> Session: Class initialized using 'CodeIgniter\Session\Handlers\FileHandler' driver.
INFO - 2024-12-03 14:53:37 --> Session: Class initialized using 'CodeIgniter\Session\Handlers\FileHandler' driver.
INFO - 2024-12-03 14:54:10 --> Session: Class initialized using 'CodeIgniter\Session\Handlers\FileHandler' driver.
CRITICAL - 2024-12-03 15:24:08 --> ErrorException: Undefined array key "nome_turma"
[Method: GET, Route: horario-aula/carregar-horarios-professor/5]
in APPPATH\Controllers\HorarioAula.php on line 219.
 1 APPPATH\Controllers\HorarioAula.php(219): CodeIgniter\Debug\Exceptions->errorHandler(2, 'Undefined array key "nome_turma"', 'E:\\xampp\\htdocs\\Sistema_horarios_TCC\\app\\Controllers\\HorarioAula.php', 219)
 2 SYSTEMPATH\CodeIgniter.php(933): App\Controllers\HorarioAula->carregarHorariosProfessor('5')
 3 SYSTEMPATH\CodeIgniter.php(509): CodeIgniter\CodeIgniter->runController(Object(App\Controllers\HorarioAula))
 4 SYSTEMPATH\CodeIgniter.php(355): CodeIgniter\CodeIgniter->handleRequest(null, Object(Config\Cache), false)
 5 SYSTEMPATH\Boot.php(325): CodeIgniter\CodeIgniter->run()
 6 SYSTEMPATH\Boot.php(67): CodeIgniter\Boot::runCodeIgniter(Object(CodeIgniter\CodeIgniter))
 7 FCPATH\index.php(56): CodeIgniter\Boot::bootWeb(Object(Config\Paths))
 8 SYSTEMPATH\rewrite.php(44): require_once('E:\\xampp\\htdocs\\Sistema_horarios_TCC\\public\\index.php')
CRITICAL - 2024-12-03 15:24:29 --> ErrorException: Undefined array key "nome_turma"
[Method: GET, Route: horario-aula/carregar-horarios-professor/5]
in APPPATH\Controllers\HorarioAula.php on line 219.
 1 APPPATH\Controllers\HorarioAula.php(219): CodeIgniter\Debug\Exceptions->errorHandler(2, 'Undefined array key "nome_turma"', 'E:\\xampp\\htdocs\\Sistema_horarios_TCC\\app\\Controllers\\HorarioAula.php', 219)
 2 SYSTEMPATH\CodeIgniter.php(933): App\Controllers\HorarioAula->carregarHorariosProfessor('5')
 3 SYSTEMPATH\CodeIgniter.php(509): CodeIgniter\CodeIgniter->runController(Object(App\Controllers\HorarioAula))
 4 SYSTEMPATH\CodeIgniter.php(355): CodeIgniter\CodeIgniter->handleRequest(null, Object(Config\Cache), false)
 5 SYSTEMPATH\Boot.php(325): CodeIgniter\CodeIgniter->run()
 6 SYSTEMPATH\Boot.php(67): CodeIgniter\Boot::runCodeIgniter(Object(CodeIgniter\CodeIgniter))
 7 FCPATH\index.php(56): CodeIgniter\Boot::bootWeb(Object(Config\Paths))
 8 SYSTEMPATH\rewrite.php(44): require_once('E:\\xampp\\htdocs\\Sistema_horarios_TCC\\public\\index.php')
CRITICAL - 2024-12-03 15:24:47 --> ErrorException: Undefined array key "nome_turma"
[Method: GET, Route: horario-aula/carregar-horarios-professor/6]
in APPPATH\Controllers\HorarioAula.php on line 219.
 1 APPPATH\Controllers\HorarioAula.php(219): CodeIgniter\Debug\Exceptions->errorHandler(2, 'Undefined array key "nome_turma"', 'E:\\xampp\\htdocs\\Sistema_horarios_TCC\\app\\Controllers\\HorarioAula.php', 219)
 2 SYSTEMPATH\CodeIgniter.php(933): App\Controllers\HorarioAula->carregarHorariosProfessor('6')
 3 SYSTEMPATH\CodeIgniter.php(509): CodeIgniter\CodeIgniter->runController(Object(App\Controllers\HorarioAula))
 4 SYSTEMPATH\CodeIgniter.php(355): CodeIgniter\CodeIgniter->handleRequest(null, Object(Config\Cache), false)
 5 SYSTEMPATH\Boot.php(325): CodeIgniter\CodeIgniter->run()
 6 SYSTEMPATH\Boot.php(67): CodeIgniter\Boot::runCodeIgniter(Object(CodeIgniter\CodeIgniter))
 7 FCPATH\index.php(56): CodeIgniter\Boot::bootWeb(Object(Config\Paths))
 8 SYSTEMPATH\rewrite.php(44): require_once('E:\\xampp\\htdocs\\Sistema_horarios_TCC\\public\\index.php')
INFO - 2024-12-03 15:40:45 --> Session: Class initialized using 'CodeIgniter\Session\Handlers\FileHandler' driver.
INFO - 2024-12-03 15:41:05 --> Session: Class initialized using 'CodeIgniter\Session\Handlers\FileHandler' driver.
INFO - 2024-12-03 15:41:12 --> Session: Class initialized using 'CodeIgniter\Session\Handlers\FileHandler' driver.
INFO - 2024-12-03 15:41:21 --> Session: Class initialized using 'CodeIgniter\Session\Handlers\FileHandler' driver.
INFO - 2024-12-03 15:41:46 --> Session: Class initialized using 'CodeIgniter\Session\Handlers\FileHandler' driver.
INFO - 2024-12-03 15:44:24 --> Session: Class initialized using 'CodeIgniter\Session\Handlers\FileHandler' driver.
INFO - 2024-12-03 15:51:13 --> Session: Class initialized using 'CodeIgniter\Session\Handlers\FileHandler' driver.
