CRITICAL - 2024-10-29 17:31:31 --> CodeIgniter\View\Exceptions\ViewException: Invalid file: "cadastrarTurma.php"
[Method: GET, Route: cadastro/turma]
in SYSTEMPATH\Exceptions\FrameworkException.php on line 41.
 1 SYSTEMPATH\View\View.php(222): CodeIgniter\Exceptions\FrameworkException::forInvalidFile('cadastrarTurma.php')
 2 SYSTEMPATH\Common.php(1171): CodeIgniter\View\View->render('cadastrarTurma', [], true)
 3 APPPATH\Controllers\Turma.php(20): view('cadastrarTurma')
 4 SYSTEMPATH\CodeIgniter.php(933): App\Controllers\Turma->cadastrarTurma()
 5 SYSTEMPATH\CodeIgniter.php(509): CodeIgniter\CodeIgniter->runController(Object(App\Controllers\Turma))
 6 SYSTEMPATH\CodeIgniter.php(355): CodeIgniter\CodeIgniter->handleRequest(null, Object(Config\Cache), false)
 7 SYSTEMPATH\Boot.php(325): CodeIgniter\CodeIgniter->run()
 8 SYSTEMPATH\Boot.php(67): CodeIgniter\Boot::runCodeIgniter(Object(CodeIgniter\CodeIgniter))
 9 FCPATH\index.php(56): CodeIgniter\Boot::bootWeb(Object(Config\Paths))
10 SYSTEMPATH\rewrite.php(44): require_once('E:\\xampp\\htdocs\\Sistema_horarios_TCC\\public\\index.php')
CRITICAL - 2024-10-29 17:32:10 --> CodeIgniter\View\Exceptions\ViewException: Invalid file: "cadastrarTurma.php"
[Method: GET, Route: cadastro/turma]
in SYSTEMPATH\Exceptions\FrameworkException.php on line 41.
 1 SYSTEMPATH\View\View.php(222): CodeIgniter\Exceptions\FrameworkException::forInvalidFile('cadastrarTurma.php')
 2 SYSTEMPATH\Common.php(1171): CodeIgniter\View\View->render('cadastrarTurma', [], true)
 3 APPPATH\Controllers\Turma.php(20): view('cadastrarTurma')
 4 SYSTEMPATH\CodeIgniter.php(933): App\Controllers\Turma->cadastrarTurma()
 5 SYSTEMPATH\CodeIgniter.php(509): CodeIgniter\CodeIgniter->runController(Object(App\Controllers\Turma))
 6 SYSTEMPATH\CodeIgniter.php(355): CodeIgniter\CodeIgniter->handleRequest(null, Object(Config\Cache), false)
 7 SYSTEMPATH\Boot.php(325): CodeIgniter\CodeIgniter->run()
 8 SYSTEMPATH\Boot.php(67): CodeIgniter\Boot::runCodeIgniter(Object(CodeIgniter\CodeIgniter))
 9 FCPATH\index.php(56): CodeIgniter\Boot::bootWeb(Object(Config\Paths))
10 SYSTEMPATH\rewrite.php(44): require_once('E:\\xampp\\htdocs\\Sistema_horarios_TCC\\public\\index.php')
CRITICAL - 2024-10-29 17:32:45 --> Error: Call to undefined method CodeIgniter\View\View::extends()
[Method: GET, Route: cadastro/turma]
in APPPATH\Views\cadastrar_turma.php on line 1.
 1 SYSTEMPATH\View\View.php(234): include()
 2 SYSTEMPATH\View\View.php(237): CodeIgniter\View\View->CodeIgniter\View\{closure}()
 3 SYSTEMPATH\Common.php(1171): CodeIgniter\View\View->render('cadastrar_turma', [], true)
 4 APPPATH\Controllers\Turma.php(20): view('cadastrar_turma')
 5 SYSTEMPATH\CodeIgniter.php(933): App\Controllers\Turma->cadastrarTurma()
 6 SYSTEMPATH\CodeIgniter.php(509): CodeIgniter\CodeIgniter->runController(Object(App\Controllers\Turma))
 7 SYSTEMPATH\CodeIgniter.php(355): CodeIgniter\CodeIgniter->handleRequest(null, Object(Config\Cache), false)
 8 SYSTEMPATH\Boot.php(325): CodeIgniter\CodeIgniter->run()
 9 SYSTEMPATH\Boot.php(67): CodeIgniter\Boot::runCodeIgniter(Object(CodeIgniter\CodeIgniter))
10 FCPATH\index.php(56): CodeIgniter\Boot::bootWeb(Object(Config\Paths))
11 SYSTEMPATH\rewrite.php(44): require_once('E:\\xampp\\htdocs\\Sistema_horarios_TCC\\public\\index.php')
CRITICAL - 2024-10-29 17:34:28 --> Error: Call to undefined method CodeIgniter\View\View::extends()
[Method: GET, Route: cadastro/turma]
in APPPATH\Views\cadastrar_turma.php on line 1.
 1 SYSTEMPATH\View\View.php(234): include()
 2 SYSTEMPATH\View\View.php(237): CodeIgniter\View\View->CodeIgniter\View\{closure}()
 3 SYSTEMPATH\Common.php(1171): CodeIgniter\View\View->render('cadastrar_turma', [], true)
 4 APPPATH\Controllers\Turma.php(20): view('cadastrar_turma')
 5 SYSTEMPATH\CodeIgniter.php(933): App\Controllers\Turma->cadastrarTurma()
 6 SYSTEMPATH\CodeIgniter.php(509): CodeIgniter\CodeIgniter->runController(Object(App\Controllers\Turma))
 7 SYSTEMPATH\CodeIgniter.php(355): CodeIgniter\CodeIgniter->handleRequest(null, Object(Config\Cache), false)
 8 SYSTEMPATH\Boot.php(325): CodeIgniter\CodeIgniter->run()
 9 SYSTEMPATH\Boot.php(67): CodeIgniter\Boot::runCodeIgniter(Object(CodeIgniter\CodeIgniter))
10 FCPATH\index.php(56): CodeIgniter\Boot::bootWeb(Object(Config\Paths))
11 SYSTEMPATH\rewrite.php(44): require_once('E:\\xampp\\htdocs\\Sistema_horarios_TCC\\public\\index.php')
CRITICAL - 2024-10-29 17:36:47 --> Error: Call to undefined method CodeIgniter\View\View::extends()
[Method: GET, Route: cadastro/turma]
in APPPATH\Views\cadastrar_turma.php on line 1.
 1 SYSTEMPATH\View\View.php(234): include()
 2 SYSTEMPATH\View\View.php(237): CodeIgniter\View\View->CodeIgniter\View\{closure}()
 3 SYSTEMPATH\Common.php(1171): CodeIgniter\View\View->render('cadastrar_turma', [], true)
 4 APPPATH\Controllers\Turma.php(20): view('cadastrar_turma')
 5 SYSTEMPATH\CodeIgniter.php(933): App\Controllers\Turma->cadastrarTurma()
 6 SYSTEMPATH\CodeIgniter.php(509): CodeIgniter\CodeIgniter->runController(Object(App\Controllers\Turma))
 7 SYSTEMPATH\CodeIgniter.php(355): CodeIgniter\CodeIgniter->handleRequest(null, Object(Config\Cache), false)
 8 SYSTEMPATH\Boot.php(325): CodeIgniter\CodeIgniter->run()
 9 SYSTEMPATH\Boot.php(67): CodeIgniter\Boot::runCodeIgniter(Object(CodeIgniter\CodeIgniter))
10 FCPATH\index.php(56): CodeIgniter\Boot::bootWeb(Object(Config\Paths))
11 SYSTEMPATH\rewrite.php(44): require_once('E:\\xampp\\htdocs\\Sistema_horarios_TCC\\public\\index.php')
CRITICAL - 2024-10-29 17:36:53 --> Error: Call to undefined method CodeIgniter\View\View::extends()
[Method: GET, Route: cadastro/turma]
in APPPATH\Views\cadastrar_turma.php on line 1.
 1 SYSTEMPATH\View\View.php(234): include()
 2 SYSTEMPATH\View\View.php(237): CodeIgniter\View\View->CodeIgniter\View\{closure}()
 3 SYSTEMPATH\Common.php(1171): CodeIgniter\View\View->render('cadastrar_turma', [], true)
 4 APPPATH\Controllers\Turma.php(20): view('cadastrar_turma')
 5 SYSTEMPATH\CodeIgniter.php(933): App\Controllers\Turma->cadastrarTurma()
 6 SYSTEMPATH\CodeIgniter.php(509): CodeIgniter\CodeIgniter->runController(Object(App\Controllers\Turma))
 7 SYSTEMPATH\CodeIgniter.php(355): CodeIgniter\CodeIgniter->handleRequest(null, Object(Config\Cache), false)
 8 SYSTEMPATH\Boot.php(325): CodeIgniter\CodeIgniter->run()
 9 SYSTEMPATH\Boot.php(67): CodeIgniter\Boot::runCodeIgniter(Object(CodeIgniter\CodeIgniter))
10 FCPATH\index.php(56): CodeIgniter\Boot::bootWeb(Object(Config\Paths))
11 SYSTEMPATH\rewrite.php(44): require_once('E:\\xampp\\htdocs\\Sistema_horarios_TCC\\public\\index.php')
CRITICAL - 2024-10-29 17:37:18 --> Error: Call to undefined method CodeIgniter\View\View::extends()
[Method: GET, Route: cadastro/turma]
in APPPATH\Views\cadastrar_turma.php on line 1.
 1 SYSTEMPATH\View\View.php(234): include()
 2 SYSTEMPATH\View\View.php(237): CodeIgniter\View\View->CodeIgniter\View\{closure}()
 3 SYSTEMPATH\Common.php(1171): CodeIgniter\View\View->render('cadastrar_turma', [], true)
 4 APPPATH\Controllers\Turma.php(20): view('cadastrar_turma')
 5 SYSTEMPATH\CodeIgniter.php(933): App\Controllers\Turma->cadastrarTurma()
 6 SYSTEMPATH\CodeIgniter.php(509): CodeIgniter\CodeIgniter->runController(Object(App\Controllers\Turma))
 7 SYSTEMPATH\CodeIgniter.php(355): CodeIgniter\CodeIgniter->handleRequest(null, Object(Config\Cache), false)
 8 SYSTEMPATH\Boot.php(325): CodeIgniter\CodeIgniter->run()
 9 SYSTEMPATH\Boot.php(67): CodeIgniter\Boot::runCodeIgniter(Object(CodeIgniter\CodeIgniter))
10 FCPATH\index.php(56): CodeIgniter\Boot::bootWeb(Object(Config\Paths))
11 SYSTEMPATH\rewrite.php(44): require_once('E:\\xampp\\htdocs\\Sistema_horarios_TCC\\public\\index.php')
CRITICAL - 2024-10-29 17:37:20 --> Error: Call to undefined method CodeIgniter\View\View::extends()
[Method: GET, Route: cadastro/turma]
in APPPATH\Views\cadastrar_turma.php on line 1.
 1 SYSTEMPATH\View\View.php(234): include()
 2 SYSTEMPATH\View\View.php(237): CodeIgniter\View\View->CodeIgniter\View\{closure}()
 3 SYSTEMPATH\Common.php(1171): CodeIgniter\View\View->render('cadastrar_turma', [], true)
 4 APPPATH\Controllers\Turma.php(20): view('cadastrar_turma')
 5 SYSTEMPATH\CodeIgniter.php(933): App\Controllers\Turma->cadastrarTurma()
 6 SYSTEMPATH\CodeIgniter.php(509): CodeIgniter\CodeIgniter->runController(Object(App\Controllers\Turma))
 7 SYSTEMPATH\CodeIgniter.php(355): CodeIgniter\CodeIgniter->handleRequest(null, Object(Config\Cache), false)
 8 SYSTEMPATH\Boot.php(325): CodeIgniter\CodeIgniter->run()
 9 SYSTEMPATH\Boot.php(67): CodeIgniter\Boot::runCodeIgniter(Object(CodeIgniter\CodeIgniter))
10 FCPATH\index.php(56): CodeIgniter\Boot::bootWeb(Object(Config\Paths))
11 SYSTEMPATH\rewrite.php(44): require_once('E:\\xampp\\htdocs\\Sistema_horarios_TCC\\public\\index.php')
CRITICAL - 2024-10-29 17:38:48 --> Error: Call to undefined method CodeIgniter\View\View::extends()
[Method: GET, Route: cadastro/turma]
in APPPATH\Views\cadastrar_turma.php on line 1.
 1 SYSTEMPATH\View\View.php(234): include()
 2 SYSTEMPATH\View\View.php(237): CodeIgniter\View\View->CodeIgniter\View\{closure}()
 3 SYSTEMPATH\Common.php(1171): CodeIgniter\View\View->render('cadastrar_turma', [], true)
 4 APPPATH\Controllers\Turma.php(20): view('cadastrar_turma')
 5 SYSTEMPATH\CodeIgniter.php(933): App\Controllers\Turma->cadastrarTurma()
 6 SYSTEMPATH\CodeIgniter.php(509): CodeIgniter\CodeIgniter->runController(Object(App\Controllers\Turma))
 7 SYSTEMPATH\CodeIgniter.php(355): CodeIgniter\CodeIgniter->handleRequest(null, Object(Config\Cache), false)
 8 SYSTEMPATH\Boot.php(325): CodeIgniter\CodeIgniter->run()
 9 SYSTEMPATH\Boot.php(67): CodeIgniter\Boot::runCodeIgniter(Object(CodeIgniter\CodeIgniter))
10 FCPATH\index.php(56): CodeIgniter\Boot::bootWeb(Object(Config\Paths))
11 SYSTEMPATH\rewrite.php(44): require_once('E:\\xampp\\htdocs\\Sistema_horarios_TCC\\public\\index.php')
CRITICAL - 2024-10-29 17:39:28 --> Error: Call to undefined method CodeIgniter\View\View::extends()
[Method: GET, Route: cadastro/turma]
in APPPATH\Views\cadastrar_turma.php on line 1.
 1 SYSTEMPATH\View\View.php(234): include()
 2 SYSTEMPATH\View\View.php(237): CodeIgniter\View\View->CodeIgniter\View\{closure}()
 3 SYSTEMPATH\Common.php(1171): CodeIgniter\View\View->render('cadastrar_turma', [], true)
 4 APPPATH\Controllers\Turma.php(20): view('cadastrar_turma')
 5 SYSTEMPATH\CodeIgniter.php(933): App\Controllers\Turma->cadastrarTurma()
 6 SYSTEMPATH\CodeIgniter.php(509): CodeIgniter\CodeIgniter->runController(Object(App\Controllers\Turma))
 7 SYSTEMPATH\CodeIgniter.php(355): CodeIgniter\CodeIgniter->handleRequest(null, Object(Config\Cache), false)
 8 SYSTEMPATH\Boot.php(325): CodeIgniter\CodeIgniter->run()
 9 SYSTEMPATH\Boot.php(67): CodeIgniter\Boot::runCodeIgniter(Object(CodeIgniter\CodeIgniter))
10 FCPATH\index.php(56): CodeIgniter\Boot::bootWeb(Object(Config\Paths))
11 SYSTEMPATH\rewrite.php(44): require_once('E:\\xampp\\htdocs\\Sistema_horarios_TCC\\public\\index.php')
CRITICAL - 2024-10-29 17:41:02 --> Error: Call to undefined function form_open()
[Method: GET, Route: cadastro/turma]
in APPPATH\Views\cadastrar_turma.php on line 5.
 1 SYSTEMPATH\View\View.php(234): include()
 2 SYSTEMPATH\View\View.php(237): CodeIgniter\View\View->CodeIgniter\View\{closure}()
 3 SYSTEMPATH\Common.php(1171): CodeIgniter\View\View->render('cadastrar_turma', [], true)
 4 APPPATH\Controllers\Turma.php(20): view('cadastrar_turma')
 5 SYSTEMPATH\CodeIgniter.php(933): App\Controllers\Turma->cadastrarTurma()
 6 SYSTEMPATH\CodeIgniter.php(509): CodeIgniter\CodeIgniter->runController(Object(App\Controllers\Turma))
 7 SYSTEMPATH\CodeIgniter.php(355): CodeIgniter\CodeIgniter->handleRequest(null, Object(Config\Cache), false)
 8 SYSTEMPATH\Boot.php(325): CodeIgniter\CodeIgniter->run()
 9 SYSTEMPATH\Boot.php(67): CodeIgniter\Boot::runCodeIgniter(Object(CodeIgniter\CodeIgniter))
10 FCPATH\index.php(56): CodeIgniter\Boot::bootWeb(Object(Config\Paths))
11 SYSTEMPATH\rewrite.php(44): require_once('E:\\xampp\\htdocs\\Sistema_horarios_TCC\\public\\index.php')
CRITICAL - 2024-10-29 17:42:02 --> Error: Call to undefined function form_open()
[Method: GET, Route: cadastro/turma]
in APPPATH\Views\cadastrar_turma.php on line 5.
 1 SYSTEMPATH\View\View.php(234): include()
 2 SYSTEMPATH\View\View.php(237): CodeIgniter\View\View->CodeIgniter\View\{closure}()
 3 SYSTEMPATH\Common.php(1171): CodeIgniter\View\View->render('cadastrar_turma', [], true)
 4 APPPATH\Controllers\Turma.php(20): view('cadastrar_turma')
 5 SYSTEMPATH\CodeIgniter.php(933): App\Controllers\Turma->cadastrarTurma()
 6 SYSTEMPATH\CodeIgniter.php(509): CodeIgniter\CodeIgniter->runController(Object(App\Controllers\Turma))
 7 SYSTEMPATH\CodeIgniter.php(355): CodeIgniter\CodeIgniter->handleRequest(null, Object(Config\Cache), false)
 8 SYSTEMPATH\Boot.php(325): CodeIgniter\CodeIgniter->run()
 9 SYSTEMPATH\Boot.php(67): CodeIgniter\Boot::runCodeIgniter(Object(CodeIgniter\CodeIgniter))
10 FCPATH\index.php(56): CodeIgniter\Boot::bootWeb(Object(Config\Paths))
11 SYSTEMPATH\rewrite.php(44): require_once('E:\\xampp\\htdocs\\Sistema_horarios_TCC\\public\\index.php')
CRITICAL - 2024-10-29 17:44:12 --> Error: Call to undefined function form_open()
[Method: GET, Route: cadastro/turma]
in APPPATH\Views\cadastrar_turma.php on line 5.
 1 SYSTEMPATH\View\View.php(234): include()
 2 SYSTEMPATH\View\View.php(237): CodeIgniter\View\View->CodeIgniter\View\{closure}()
 3 SYSTEMPATH\Common.php(1171): CodeIgniter\View\View->render('cadastrar_turma', [], true)
 4 APPPATH\Controllers\Turma.php(20): view('cadastrar_turma')
 5 SYSTEMPATH\CodeIgniter.php(933): App\Controllers\Turma->cadastrarTurma()
 6 SYSTEMPATH\CodeIgniter.php(509): CodeIgniter\CodeIgniter->runController(Object(App\Controllers\Turma))
 7 SYSTEMPATH\CodeIgniter.php(355): CodeIgniter\CodeIgniter->handleRequest(null, Object(Config\Cache), false)
 8 SYSTEMPATH\Boot.php(325): CodeIgniter\CodeIgniter->run()
 9 SYSTEMPATH\Boot.php(67): CodeIgniter\Boot::runCodeIgniter(Object(CodeIgniter\CodeIgniter))
10 FCPATH\index.php(56): CodeIgniter\Boot::bootWeb(Object(Config\Paths))
11 SYSTEMPATH\rewrite.php(44): require_once('E:\\xampp\\htdocs\\Sistema_horarios_TCC\\public\\index.php')
CRITICAL - 2024-10-29 17:46:46 --> Error: Call to undefined function form_open()
[Method: GET, Route: cadastro/turma]
in APPPATH\Views\cadastrar_turma.php on line 5.
 1 SYSTEMPATH\View\View.php(234): include()
 2 SYSTEMPATH\View\View.php(237): CodeIgniter\View\View->CodeIgniter\View\{closure}()
 3 SYSTEMPATH\Common.php(1171): CodeIgniter\View\View->render('cadastrar_turma', [], true)
 4 APPPATH\Controllers\Turma.php(20): view('cadastrar_turma')
 5 SYSTEMPATH\CodeIgniter.php(933): App\Controllers\Turma->cadastrarTurma()
 6 SYSTEMPATH\CodeIgniter.php(509): CodeIgniter\CodeIgniter->runController(Object(App\Controllers\Turma))
 7 SYSTEMPATH\CodeIgniter.php(355): CodeIgniter\CodeIgniter->handleRequest(null, Object(Config\Cache), false)
 8 SYSTEMPATH\Boot.php(325): CodeIgniter\CodeIgniter->run()
 9 SYSTEMPATH\Boot.php(67): CodeIgniter\Boot::runCodeIgniter(Object(CodeIgniter\CodeIgniter))
10 FCPATH\index.php(56): CodeIgniter\Boot::bootWeb(Object(Config\Paths))
11 SYSTEMPATH\rewrite.php(44): require_once('E:\\xampp\\htdocs\\Sistema_horarios_TCC\\public\\index.php')
CRITICAL - 2024-10-29 17:50:02 --> Error: Call to undefined function form_open()
[Method: GET, Route: cadastro/turma]
in APPPATH\Views\cadastrar_turma.php on line 5.
 1 SYSTEMPATH\View\View.php(234): include()
 2 SYSTEMPATH\View\View.php(237): CodeIgniter\View\View->CodeIgniter\View\{closure}()
 3 SYSTEMPATH\Common.php(1171): CodeIgniter\View\View->render('cadastrar_turma', [], true)
 4 APPPATH\Controllers\Turma.php(20): view('cadastrar_turma')
 5 SYSTEMPATH\CodeIgniter.php(933): App\Controllers\Turma->cadastrarTurma()
 6 SYSTEMPATH\CodeIgniter.php(509): CodeIgniter\CodeIgniter->runController(Object(App\Controllers\Turma))
 7 SYSTEMPATH\CodeIgniter.php(355): CodeIgniter\CodeIgniter->handleRequest(null, Object(Config\Cache), false)
 8 SYSTEMPATH\Boot.php(325): CodeIgniter\CodeIgniter->run()
 9 SYSTEMPATH\Boot.php(67): CodeIgniter\Boot::runCodeIgniter(Object(CodeIgniter\CodeIgniter))
10 FCPATH\index.php(56): CodeIgniter\Boot::bootWeb(Object(Config\Paths))
11 SYSTEMPATH\rewrite.php(44): require_once('E:\\xampp\\htdocs\\Sistema_horarios_TCC\\public\\index.php')
CRITICAL - 2024-10-29 17:56:22 --> Error: Call to undefined function form_open()
[Method: GET, Route: cadastro/turma]
in APPPATH\Views\cadastrar_turma.php on line 5.
 1 SYSTEMPATH\View\View.php(234): include()
 2 SYSTEMPATH\View\View.php(237): CodeIgniter\View\View->CodeIgniter\View\{closure}()
 3 SYSTEMPATH\Common.php(1171): CodeIgniter\View\View->render('cadastrar_turma', [], true)
 4 APPPATH\Controllers\Turma.php(20): view('cadastrar_turma')
 5 SYSTEMPATH\CodeIgniter.php(933): App\Controllers\Turma->cadastrarTurma()
 6 SYSTEMPATH\CodeIgniter.php(509): CodeIgniter\CodeIgniter->runController(Object(App\Controllers\Turma))
 7 SYSTEMPATH\CodeIgniter.php(355): CodeIgniter\CodeIgniter->handleRequest(null, Object(Config\Cache), false)
 8 SYSTEMPATH\Boot.php(325): CodeIgniter\CodeIgniter->run()
 9 SYSTEMPATH\Boot.php(67): CodeIgniter\Boot::runCodeIgniter(Object(CodeIgniter\CodeIgniter))
10 FCPATH\index.php(56): CodeIgniter\Boot::bootWeb(Object(Config\Paths))
11 SYSTEMPATH\rewrite.php(44): require_once('E:\\xampp\\htdocs\\Sistema_horarios_TCC\\public\\index.php')
ERROR - 2024-10-29 18:01:11 --> Error connecting to the database: mysqli_sql_exception: Access denied for user ''@'localhost' (using password: NO) in E:\xampp\htdocs\Sistema_horarios_TCC\system\Database\MySQLi\Connection.php:186
Stack trace:
#0 E:\xampp\htdocs\Sistema_horarios_TCC\system\Database\MySQLi\Connection.php(186): mysqli->real_connect('localhost', '', Object(SensitiveParameterValue), '', 3306, '', 0)
#1 E:\xampp\htdocs\Sistema_horarios_TCC\system\Database\BaseConnection.php(421): CodeIgniter\Database\MySQLi\Connection->connect(false)
#2 E:\xampp\htdocs\Sistema_horarios_TCC\system\Database\BaseConnection.php(616): CodeIgniter\Database\BaseConnection->initialize()
#3 E:\xampp\htdocs\Sistema_horarios_TCC\system\Database\BaseBuilder.php(2340): CodeIgniter\Database\BaseConnection->query('INSERT INTO `tu...', Array, false)
#4 E:\xampp\htdocs\Sistema_horarios_TCC\system\Model.php(394): CodeIgniter\Database\BaseBuilder->insert()
#5 E:\xampp\htdocs\Sistema_horarios_TCC\system\BaseModel.php(840): CodeIgniter\Model->doInsert(Array)
#6 E:\xampp\htdocs\Sistema_horarios_TCC\system\Model.php(802): CodeIgniter\BaseModel->insert(Array, false)
#7 E:\xampp\htdocs\Sistema_horarios_TCC\system\BaseModel.php(751): CodeIgniter\Model->insert(Array, false)
#8 E:\xampp\htdocs\Sistema_horarios_TCC\app\Controllers\Turma.php(27): CodeIgniter\BaseModel->save(Array)
#9 E:\xampp\htdocs\Sistema_horarios_TCC\system\CodeIgniter.php(933): App\Controllers\Turma->inserirTurma()
#10 E:\xampp\htdocs\Sistema_horarios_TCC\system\CodeIgniter.php(509): CodeIgniter\CodeIgniter->runController(Object(App\Controllers\Turma))
#11 E:\xampp\htdocs\Sistema_horarios_TCC\system\CodeIgniter.php(355): CodeIgniter\CodeIgniter->handleRequest(NULL, Object(Config\Cache), false)
#12 E:\xampp\htdocs\Sistema_horarios_TCC\system\Boot.php(325): CodeIgniter\CodeIgniter->run()
#13 E:\xampp\htdocs\Sistema_horarios_TCC\system\Boot.php(67): CodeIgniter\Boot::runCodeIgniter(Object(CodeIgniter\CodeIgniter))
#14 E:\xampp\htdocs\Sistema_horarios_TCC\public\index.php(56): CodeIgniter\Boot::bootWeb(Object(Config\Paths))
#15 E:\xampp\htdocs\Sistema_horarios_TCC\system\rewrite.php(44): require_once('E:\\xampp\\htdocs...')
#16 {main}

Next CodeIgniter\Database\Exceptions\DatabaseException: Access denied for user ''@'localhost' (using password: NO) in E:\xampp\htdocs\Sistema_horarios_TCC\system\Database\MySQLi\Connection.php:231
Stack trace:
#0 E:\xampp\htdocs\Sistema_horarios_TCC\system\Database\BaseConnection.php(421): CodeIgniter\Database\MySQLi\Connection->connect(false)
#1 E:\xampp\htdocs\Sistema_horarios_TCC\system\Database\BaseConnection.php(616): CodeIgniter\Database\BaseConnection->initialize()
#2 E:\xampp\htdocs\Sistema_horarios_TCC\system\Database\BaseBuilder.php(2340): CodeIgniter\Database\BaseConnection->query('INSERT INTO `tu...', Array, false)
#3 E:\xampp\htdocs\Sistema_horarios_TCC\system\Model.php(394): CodeIgniter\Database\BaseBuilder->insert()
#4 E:\xampp\htdocs\Sistema_horarios_TCC\system\BaseModel.php(840): CodeIgniter\Model->doInsert(Array)
#5 E:\xampp\htdocs\Sistema_horarios_TCC\system\Model.php(802): CodeIgniter\BaseModel->insert(Array, false)
#6 E:\xampp\htdocs\Sistema_horarios_TCC\system\BaseModel.php(751): CodeIgniter\Model->insert(Array, false)
#7 E:\xampp\htdocs\Sistema_horarios_TCC\app\Controllers\Turma.php(27): CodeIgniter\BaseModel->save(Array)
#8 E:\xampp\htdocs\Sistema_horarios_TCC\system\CodeIgniter.php(933): App\Controllers\Turma->inserirTurma()
#9 E:\xampp\htdocs\Sistema_horarios_TCC\system\CodeIgniter.php(509): CodeIgniter\CodeIgniter->runController(Object(App\Controllers\Turma))
#10 E:\xampp\htdocs\Sistema_horarios_TCC\system\CodeIgniter.php(355): CodeIgniter\CodeIgniter->handleRequest(NULL, Object(Config\Cache), false)
#11 E:\xampp\htdocs\Sistema_horarios_TCC\system\Boot.php(325): CodeIgniter\CodeIgniter->run()
#12 E:\xampp\htdocs\Sistema_horarios_TCC\system\Boot.php(67): CodeIgniter\Boot::runCodeIgniter(Object(CodeIgniter\CodeIgniter))
#13 E:\xampp\htdocs\Sistema_horarios_TCC\public\index.php(56): CodeIgniter\Boot::bootWeb(Object(Config\Paths))
#14 E:\xampp\htdocs\Sistema_horarios_TCC\system\rewrite.php(44): require_once('E:\\xampp\\htdocs...')
#15 {main}
CRITICAL - 2024-10-29 18:01:11 --> CodeIgniter\Database\Exceptions\DatabaseException: Unable to connect to the database.
Main connection [MySQLi]: Access denied for user ''@'localhost' (using password: NO)
[Method: POST, Route: teste]
in SYSTEMPATH\Database\BaseConnection.php on line 467.
 1 SYSTEMPATH\Database\BaseConnection.php(616): CodeIgniter\Database\BaseConnection->initialize()
 2 SYSTEMPATH\Database\BaseBuilder.php(2340): CodeIgniter\Database\BaseConnection->query('INSERT INTO `turma` (`nome_turma`, `nivel_ensino`) VALUES (:nome_turma:, :nivel_ensino:)', [...], false)
 3 SYSTEMPATH\Model.php(394): CodeIgniter\Database\BaseBuilder->insert()
 4 SYSTEMPATH\BaseModel.php(840): CodeIgniter\Model->doInsert([...])
 5 SYSTEMPATH\Model.php(802): CodeIgniter\BaseModel->insert([...], false)
 6 SYSTEMPATH\BaseModel.php(751): CodeIgniter\Model->insert([...], false)
 7 APPPATH\Controllers\Turma.php(27): CodeIgniter\BaseModel->save([...])
 8 SYSTEMPATH\CodeIgniter.php(933): App\Controllers\Turma->inserirTurma()
 9 SYSTEMPATH\CodeIgniter.php(509): CodeIgniter\CodeIgniter->runController(Object(App\Controllers\Turma))
10 SYSTEMPATH\CodeIgniter.php(355): CodeIgniter\CodeIgniter->handleRequest(null, Object(Config\Cache), false)
11 SYSTEMPATH\Boot.php(325): CodeIgniter\CodeIgniter->run()
12 SYSTEMPATH\Boot.php(67): CodeIgniter\Boot::runCodeIgniter(Object(CodeIgniter\CodeIgniter))
13 FCPATH\index.php(56): CodeIgniter\Boot::bootWeb(Object(Config\Paths))
14 SYSTEMPATH\rewrite.php(44): require_once('E:\\xampp\\htdocs\\Sistema_horarios_TCC\\public\\index.php')
CRITICAL - 2024-10-29 18:04:13 --> CodeIgniter\Database\Exceptions\DataException: There is no primary key defined when trying to make insert.
[Method: POST, Route: teste]
in SYSTEMPATH\Model.php on line 358.
 1 SYSTEMPATH\Model.php(358): CodeIgniter\Database\Exceptions\DataException::forEmptyPrimaryKey('insert')
 2 SYSTEMPATH\BaseModel.php(840): CodeIgniter\Model->doInsert([...])
 3 SYSTEMPATH\Model.php(802): CodeIgniter\BaseModel->insert([...], false)
 4 SYSTEMPATH\BaseModel.php(751): CodeIgniter\Model->insert([...], false)
 5 APPPATH\Controllers\Turma.php(27): CodeIgniter\BaseModel->save([...])
 6 SYSTEMPATH\CodeIgniter.php(933): App\Controllers\Turma->inserirTurma()
 7 SYSTEMPATH\CodeIgniter.php(509): CodeIgniter\CodeIgniter->runController(Object(App\Controllers\Turma))
 8 SYSTEMPATH\CodeIgniter.php(355): CodeIgniter\CodeIgniter->handleRequest(null, Object(Config\Cache), false)
 9 SYSTEMPATH\Boot.php(325): CodeIgniter\CodeIgniter->run()
10 SYSTEMPATH\Boot.php(67): CodeIgniter\Boot::runCodeIgniter(Object(CodeIgniter\CodeIgniter))
11 FCPATH\index.php(56): CodeIgniter\Boot::bootWeb(Object(Config\Paths))
12 SYSTEMPATH\rewrite.php(44): require_once('E:\\xampp\\htdocs\\Sistema_horarios_TCC\\public\\index.php')
CRITICAL - 2024-10-29 18:04:35 --> CodeIgniter\Database\Exceptions\DataException: There is no primary key defined when trying to make insert.
[Method: POST, Route: teste]
in SYSTEMPATH\Model.php on line 358.
 1 SYSTEMPATH\Model.php(358): CodeIgniter\Database\Exceptions\DataException::forEmptyPrimaryKey('insert')
 2 SYSTEMPATH\BaseModel.php(840): CodeIgniter\Model->doInsert([...])
 3 SYSTEMPATH\Model.php(802): CodeIgniter\BaseModel->insert([...], false)
 4 SYSTEMPATH\BaseModel.php(751): CodeIgniter\Model->insert([...], false)
 5 APPPATH\Controllers\Turma.php(27): CodeIgniter\BaseModel->save([...])
 6 SYSTEMPATH\CodeIgniter.php(933): App\Controllers\Turma->inserirTurma()
 7 SYSTEMPATH\CodeIgniter.php(509): CodeIgniter\CodeIgniter->runController(Object(App\Controllers\Turma))
 8 SYSTEMPATH\CodeIgniter.php(355): CodeIgniter\CodeIgniter->handleRequest(null, Object(Config\Cache), false)
 9 SYSTEMPATH\Boot.php(325): CodeIgniter\CodeIgniter->run()
10 SYSTEMPATH\Boot.php(67): CodeIgniter\Boot::runCodeIgniter(Object(CodeIgniter\CodeIgniter))
11 FCPATH\index.php(56): CodeIgniter\Boot::bootWeb(Object(Config\Paths))
12 SYSTEMPATH\rewrite.php(44): require_once('E:\\xampp\\htdocs\\Sistema_horarios_TCC\\public\\index.php')
